Using pre-set license
Built from '2020.3/staging' branch; Version is '2020.3.9f1 (108be757e447) revision 1084391'; Using compiler version '192528614'; Build Type 'Release'
OS: 'Windows 10 Home Single Language; OS build 19042.985; Version 2009; 64bit' Language: 'en' Physical Memory: 16340 MB
BatchMode: 1, IsHumanControllingUs: 0, StartBugReporterOnCrash: 0, Is64bit: 1, IsPro: 0

 COMMAND LINE ARGUMENTS:
D:\Unity\2020.3.9f1\Editor\Unity.exe
-adb2
-batchMode
-noUpm
-name
AssetImportWorker0
-projectPath
D:/MyGames/Hit the Food
-logFile
Logs/AssetImportWorker0.log
-srvPort
53690
Successfully changed project path to: D:/MyGames/Hit the Food
D:/MyGames/Hit the Food
Using Asset Import Pipeline V2.
Refreshing native plugins compatible for Editor in 66.06 ms, found 0 plugins.
Preloading 0 native plugins for Editor in 0.00 ms.
Initialize engine version: 2020.3.9f1 (108be757e447)
[Subsystems] Discovering subsystems at path D:/Unity/2020.3.9f1/Editor/Data/Resources/UnitySubsystems
[Subsystems] Discovering subsystems at path D:/MyGames/Hit the Food/Assets
GfxDevice: creating device client; threaded=0
Direct3D:
    Version:  Direct3D 11.0 [level 11.1]
    Renderer: NVIDIA GeForce GTX 1070 (ID=0x1be1)
    Vendor:   
    VRAM:     8081 MB
    Driver:   27.21.14.6611
Initialize mono
Mono path[0] = 'D:/Unity/2020.3.9f1/Editor/Data/Managed'
Mono path[1] = 'D:/Unity/2020.3.9f1/Editor/Data/MonoBleedingEdge/lib/mono/unityjit'
Mono config path = 'D:/Unity/2020.3.9f1/Editor/Data/MonoBleedingEdge/etc'
Using monoOptions --debugger-agent=transport=dt_socket,embedding=1,server=y,suspend=n,address=127.0.0.1:56220
Begin MonoManager ReloadAssembly
Registering precompiled unity dll's ...
Register platform support module: D:/Unity/2020.3.9f1/Editor/Data/PlaybackEngines/WebGLSupport/UnityEditor.WebGL.Extensions.dll
Register platform support module: D:/Unity/2020.3.9f1/Editor/Data/PlaybackEngines/MacStandaloneSupport/UnityEditor.OSXStandalone.Extensions.dll
Register platform support module: D:/Unity/2020.3.9f1/Editor/Data/PlaybackEngines/WindowsStandaloneSupport/UnityEditor.WindowsStandalone.Extensions.dll
Register platform support module: D:/Unity/2020.3.9f1/Editor/Data/PlaybackEngines/LinuxStandaloneSupport/UnityEditor.LinuxStandalone.Extensions.dll
Register platform support module: D:/Unity/2020.3.9f1/Editor/Data/PlaybackEngines/LuminSupport/UnityEditor.Lumin.Extensions.dll
Registered in 0.004117 seconds.
Native extension for Lumin target not found
Native extension for LinuxStandalone target not found
Native extension for WindowsStandalone target not found
Native extension for OSXStandalone target not found
Native extension for WebGL target not found
Refreshing native plugins compatible for Editor in 29.58 ms, found 0 plugins.
Preloading 0 native plugins for Editor in 0.00 ms.
Mono: successfully reloaded assembly
- Completed reload, in  1.509 seconds
Platform modules already initialized, skipping
Registering precompiled user dll's ...
Registered in 0.000550 seconds.
Begin MonoManager ReloadAssembly
Native extension for Lumin target not found
Native extension for LinuxStandalone target not found
Native extension for WindowsStandalone target not found
Native extension for OSXStandalone target not found
Native extension for WebGL target not found
Refreshing native plugins compatible for Editor in 0.28 ms, found 0 plugins.
Preloading 0 native plugins for Editor in 0.00 ms.
Mono: successfully reloaded assembly
- Completed reload, in  1.050 seconds
Platform modules already initialized, skipping
========================================================================
Worker process is ready to serve import requests
Launched and connected shader compiler UnityShaderCompiler.exe after 0.07 seconds
Refreshing native plugins compatible for Editor in 0.20 ms, found 0 plugins.
Preloading 0 native plugins for Editor in 0.00 ms.
Unloading 1117 Unused Serialized files (Serialized files now loaded: 0)
System memory in use before: 57.2 MB.
System memory in use after: 57.3 MB.

Unloading 10 unused Assets to reduce memory usage. Loaded Objects now: 1559.
Total: 2.624600 ms (FindLiveObjects: 0.222000 ms CreateObjectMapping: 0.061100 ms MarkObjects: 2.244100 ms  DeleteObjects: 0.096100 ms)

========================================================================
Received Import Request.
  path: Assets/Scenes/Prototype 5.unity
  artifactKey: Guid(84729eeda748340d0955715b6a50b370) Importer(815301076,1909f56bfc062723c751e8b465ee728b)
Start importing Assets/Scenes/Prototype 5.unity using Guid(84729eeda748340d0955715b6a50b370) Importer(815301076,1909f56bfc062723c751e8b465ee728b)  -> (artifact id: '25628e31df7b03d7c60c32dc5d6896c9') in 0.032724 seconds
  Import took 0.034594 seconds .

========================================================================
Received Import Request.
  Time since last request: 0.000327 seconds.
  path: Assets/Scenes
  artifactKey: Guid(6c1e16fd15c3b1945922aef61b25031f) Importer(815301076,1909f56bfc062723c751e8b465ee728b)
Start importing Assets/Scenes using Guid(6c1e16fd15c3b1945922aef61b25031f) Importer(815301076,1909f56bfc062723c751e8b465ee728b)  -> (artifact id: '0f2afc78d9d2f71d7e524072a0d807d1') in 0.009052 seconds
  Import took 0.012249 seconds .

========================================================================
Received Import Request.
  Time since last request: 339.968904 seconds.
  path: Assets/Course Library/Textures/PolygonPrototype_Texture_Grid_01.png
  artifactKey: Guid(2a09470ada0c47849ad79d26363f8e4a) Importer(815301076,1909f56bfc062723c751e8b465ee728b)
Start importing Assets/Course Library/Textures/PolygonPrototype_Texture_Grid_01.png using Guid(2a09470ada0c47849ad79d26363f8e4a) Importer(815301076,1909f56bfc062723c751e8b465ee728b)  -> (artifact id: '8594210232a587b7ea37c3aa23ffb267') in 0.244997 seconds
  Import took 0.247743 seconds .

========================================================================
Received Import Request.
  Time since last request: 0.000313 seconds.
  path: Assets/Course Library/Textures/PolygonPrototype_Texture_Grid_02.png
  artifactKey: Guid(6b38ffdcc39b96042a822bb3f490eefd) Importer(815301076,1909f56bfc062723c751e8b465ee728b)
Start importing Assets/Course Library/Textures/PolygonPrototype_Texture_Grid_02.png using Guid(6b38ffdcc39b96042a822bb3f490eefd) Importer(815301076,1909f56bfc062723c751e8b465ee728b)  -> (artifact id: '64ca364fe9b3b7f54100fdb5efcd0385') in 0.014264 seconds
  Import took 0.032260 seconds .

========================================================================
Received Import Request.
  Time since last request: 0.000267 seconds.
  path: Assets/Course Library/Textures/PolygonPrototype_Texture_Grid_06.png
  artifactKey: Guid(bbc54c0e722a346408cd09eef6dc0cd6) Importer(815301076,1909f56bfc062723c751e8b465ee728b)
Start importing Assets/Course Library/Textures/PolygonPrototype_Texture_Grid_06.png using Guid(bbc54c0e722a346408cd09eef6dc0cd6) Importer(815301076,1909f56bfc062723c751e8b465ee728b)  -> (artifact id: 'f16ede9a5bdd1a6f874a8fc4e5af440f') in 0.011600 seconds
  Import took 0.014212 seconds .

========================================================================
Received Import Request.
  Time since last request: 0.000376 seconds.
  path: Assets/Course Library/Textures/PolygonPrototype_Texture_Grid_03.png
  artifactKey: Guid(86507321c175292409cc422c5e33d711) Importer(815301076,1909f56bfc062723c751e8b465ee728b)
Start importing Assets/Course Library/Textures/PolygonPrototype_Texture_Grid_03.png using Guid(86507321c175292409cc422c5e33d711) Importer(815301076,1909f56bfc062723c751e8b465ee728b)  -> (artifact id: '99cf65393057e016ed3ba61e4284c856') in 0.012646 seconds
  Import took 0.015470 seconds .

========================================================================
Received Import Request.
  Time since last request: 0.000309 seconds.
  path: Assets/Course Library/Textures/PolygonPrototype_Texture_Grid_04.png
  artifactKey: Guid(c7c5239ae4b2ace4d8774918a50a940a) Importer(815301076,1909f56bfc062723c751e8b465ee728b)
Start importing Assets/Course Library/Textures/PolygonPrototype_Texture_Grid_04.png using Guid(c7c5239ae4b2ace4d8774918a50a940a) Importer(815301076,1909f56bfc062723c751e8b465ee728b)  -> (artifact id: '2e4693ca3df5f1496cb7bac25cea759f') in 0.012720 seconds
  Import took 0.015233 seconds .

========================================================================
Received Import Request.
  Time since last request: 0.000362 seconds.
  path: Assets/Course Library/Textures/PolygonPrototype_Texture_Grid_05.png
  artifactKey: Guid(8634f8cf5ba74134c972fb2d36355077) Importer(815301076,1909f56bfc062723c751e8b465ee728b)
Start importing Assets/Course Library/Textures/PolygonPrototype_Texture_Grid_05.png using Guid(8634f8cf5ba74134c972fb2d36355077) Importer(815301076,1909f56bfc062723c751e8b465ee728b)  -> (artifact id: 'dac9f922c5abf0343d54103bebe90f0b') in 0.012681 seconds
  Import took 0.014784 seconds .

========================================================================
Received Import Request.
  Time since last request: 0.000254 seconds.
  path: Assets/Course Library/Textures/PolygonPrototype_Texture_Grid_04.png
  artifactKey: Guid(c7c5239ae4b2ace4d8774918a50a940a) Importer(815301076,1909f56bfc062723c751e8b465ee728b)
Start importing Assets/Course Library/Textures/PolygonPrototype_Texture_Grid_04.png using Guid(c7c5239ae4b2ace4d8774918a50a940a) Importer(815301076,1909f56bfc062723c751e8b465ee728b)  -> (artifact id: '2e4693ca3df5f1496cb7bac25cea759f') in 0.006116 seconds
  Import took 0.010115 seconds .

========================================================================
Received Import Request.
  Time since last request: 0.675604 seconds.
  path: Assets/Course Library/Textures/PolygonPrototype_Texture_Grid_07.png
  artifactKey: Guid(7789f4efbb0f45c4780925243375a18e) Importer(815301076,1909f56bfc062723c751e8b465ee728b)
Start importing Assets/Course Library/Textures/PolygonPrototype_Texture_Grid_07.png using Guid(7789f4efbb0f45c4780925243375a18e) Importer(815301076,1909f56bfc062723c751e8b465ee728b)  -> (artifact id: '3d018461f981f8b64e6da92fb3f8fb44') in 0.011687 seconds
  Import took 0.014464 seconds .

========================================================================
Received Import Request.
  Time since last request: 0.228503 seconds.
  path: Assets/Course Library/Textures/PolygonPrototype_Texture_Grid_08.png
  artifactKey: Guid(1d12fa396a3563b41b9ae11b0fb0b986) Importer(815301076,1909f56bfc062723c751e8b465ee728b)
Start importing Assets/Course Library/Textures/PolygonPrototype_Texture_Grid_08.png using Guid(1d12fa396a3563b41b9ae11b0fb0b986) Importer(815301076,1909f56bfc062723c751e8b465ee728b)  -> (artifact id: 'cc943d5f0bfa4ac5ed42b80a845cce00') in 0.010740 seconds
  Import took 0.013345 seconds .

========================================================================
Received Import Request.
  Time since last request: 0.235258 seconds.
  path: Assets/Course Library/Textures/PolygonPrototype_Texture_Grid_Glass_01.png
  artifactKey: Guid(1432e62c10501d147a873c128326f711) Importer(815301076,1909f56bfc062723c751e8b465ee728b)
Start importing Assets/Course Library/Textures/PolygonPrototype_Texture_Grid_Glass_01.png using Guid(1432e62c10501d147a873c128326f711) Importer(815301076,1909f56bfc062723c751e8b465ee728b)  -> (artifact id: '06d0242a7beccd7d813be287b573d161') in 0.013940 seconds
  Import took 0.015930 seconds .

========================================================================
Received Import Request.
  Time since last request: 57.542132 seconds.
  path: Assets/Course Library/Props/Bad/Skull_01.prefab
  artifactKey: Guid(1aeca1bd9f707c245a80c7f103d235f9) Importer(815301076,1909f56bfc062723c751e8b465ee728b)
Start importing Assets/Course Library/Props/Bad/Skull_01.prefab using Guid(1aeca1bd9f707c245a80c7f103d235f9) Importer(815301076,1909f56bfc062723c751e8b465ee728b)  -> (artifact id: '5ca2240e678a156a9296304514059894') in 0.307163 seconds
  Import took 0.340543 seconds .

========================================================================
Received Import Request.
  Time since last request: 0.000321 seconds.
  path: Assets/Course Library/Props/Bad/SM_Prop_Bomb_01.prefab
  artifactKey: Guid(666ff701b211d6440b7bd44aa7b3abfa) Importer(815301076,1909f56bfc062723c751e8b465ee728b)
Start importing Assets/Course Library/Props/Bad/SM_Prop_Bomb_01.prefab using Guid(666ff701b211d6440b7bd44aa7b3abfa) Importer(815301076,1909f56bfc062723c751e8b465ee728b)  -> (artifact id: '3f389bfae46e1c7d7a2feab8fefa5ba5') in 0.325904 seconds
  Import took 0.327887 seconds .

========================================================================
Received Import Request.
  Time since last request: 0.753929 seconds.
  path: Assets/Course Library/Props/Balls/Ball_8Ball.prefab
  artifactKey: Guid(d4ee8d5ef71ec5a49b51381c8889bc09) Importer(815301076,1909f56bfc062723c751e8b465ee728b)
Start importing Assets/Course Library/Props/Balls/Ball_8Ball.prefab using Guid(d4ee8d5ef71ec5a49b51381c8889bc09) Importer(815301076,1909f56bfc062723c751e8b465ee728b)  -> (artifact id: '7d5cab42c1107e9cfad0c695cd3ad9c7') in 0.195995 seconds
  Import took 0.197984 seconds .

========================================================================
Received Import Request.
  Time since last request: 0.000312 seconds.
  path: Assets/Course Library/Props/Balls/Ball_Cricket.prefab
  artifactKey: Guid(98b342dd18e69a346a6594879cc0c5ce) Importer(815301076,1909f56bfc062723c751e8b465ee728b)
Start importing Assets/Course Library/Props/Balls/Ball_Cricket.prefab using Guid(98b342dd18e69a346a6594879cc0c5ce) Importer(815301076,1909f56bfc062723c751e8b465ee728b)  -> (artifact id: '731b61e26ac87901c89cf3dc44cc31ea') in 0.015530 seconds
  Import took 0.018254 seconds .

========================================================================
Received Import Request.
  Time since last request: 0.000281 seconds.
  path: Assets/Course Library/Props/Balls/Ball_American_01.prefab
  artifactKey: Guid(dcdfdede07642ee44ad5cfe22399dc15) Importer(815301076,1909f56bfc062723c751e8b465ee728b)
Start importing Assets/Course Library/Props/Balls/Ball_American_01.prefab using Guid(dcdfdede07642ee44ad5cfe22399dc15) Importer(815301076,1909f56bfc062723c751e8b465ee728b)  -> (artifact id: 'df63081b93d5b6311bcf6481f03e20eb') in 0.015762 seconds
  Import took 0.044145 seconds .

========================================================================
Received Import Request.
  Time since last request: 0.000299 seconds.
  path: Assets/Course Library/Props/Balls/Ball_Beachball.prefab
  artifactKey: Guid(d9532b099f8dfb045844414b0b707bb3) Importer(815301076,1909f56bfc062723c751e8b465ee728b)
Start importing Assets/Course Library/Props/Balls/Ball_Beachball.prefab using Guid(d9532b099f8dfb045844414b0b707bb3) Importer(815301076,1909f56bfc062723c751e8b465ee728b)  -> (artifact id: '691442149fdc28c8cd79475ca0d04178') in 0.014254 seconds
  Import took 0.016941 seconds .

========================================================================
Received Import Request.
  Time since last request: 0.000295 seconds.
  path: Assets/Course Library/Props/Balls/Ball_Eye.prefab
  artifactKey: Guid(9fd6919c6e21fed429290a0f10ca4548) Importer(815301076,1909f56bfc062723c751e8b465ee728b)
Start importing Assets/Course Library/Props/Balls/Ball_Eye.prefab using Guid(9fd6919c6e21fed429290a0f10ca4548) Importer(815301076,1909f56bfc062723c751e8b465ee728b)  -> (artifact id: 'c6c0359be8a994c16dabdcbe42d7765b') in 0.016453 seconds
  Import took 0.018499 seconds .

========================================================================
Received Import Request.
  Time since last request: 0.000359 seconds.
  path: Assets/Course Library/Props/Balls/Ball_Nuclear.prefab
  artifactKey: Guid(07cd57be5fe3a3a4082d14214f7c6ba1) Importer(815301076,1909f56bfc062723c751e8b465ee728b)
Start importing Assets/Course Library/Props/Balls/Ball_Nuclear.prefab using Guid(07cd57be5fe3a3a4082d14214f7c6ba1) Importer(815301076,1909f56bfc062723c751e8b465ee728b)  -> (artifact id: 'eb5ac4e3f59b2752dce12e3d3c80387e') in 0.014078 seconds
  Import took 0.017083 seconds .

========================================================================
Received Import Request.
  Time since last request: 0.830244 seconds.
  path: Assets/Course Library/Props/Food/Food_Bone_01.prefab
  artifactKey: Guid(1f17d257118ec324ca772c5b2bacbb14) Importer(815301076,1909f56bfc062723c751e8b465ee728b)
Start importing Assets/Course Library/Props/Food/Food_Bone_01.prefab using Guid(1f17d257118ec324ca772c5b2bacbb14) Importer(815301076,1909f56bfc062723c751e8b465ee728b)  -> (artifact id: 'dc2c82bd38c1ef2042e464c993ae03e9') in 0.012693 seconds
  Import took 0.016595 seconds .

========================================================================
Received Import Request.
  Time since last request: 0.000312 seconds.
  path: Assets/Course Library/Props/Food/Food_Cookie_01.prefab
  artifactKey: Guid(10d25933610222845ad3760a855829c4) Importer(815301076,1909f56bfc062723c751e8b465ee728b)
Start importing Assets/Course Library/Props/Food/Food_Cookie_01.prefab using Guid(10d25933610222845ad3760a855829c4) Importer(815301076,1909f56bfc062723c751e8b465ee728b)  -> (artifact id: '7cd65e099970e785403a0de4bf30426a') in 0.018365 seconds
  Import took 0.020461 seconds .

========================================================================
Received Import Request.
  Time since last request: 0.000339 seconds.
  path: Assets/Course Library/Props/Food/Food_Organic_Apple_01.prefab
  artifactKey: Guid(c13306d1f1d9a1a489199ef77f9dba89) Importer(815301076,1909f56bfc062723c751e8b465ee728b)
Start importing Assets/Course Library/Props/Food/Food_Organic_Apple_01.prefab using Guid(c13306d1f1d9a1a489199ef77f9dba89) Importer(815301076,1909f56bfc062723c751e8b465ee728b)  -> (artifact id: 'ed904b94759da4ad76bad830c242051c') in 0.015589 seconds
  Import took 0.017976 seconds .

========================================================================
Received Import Request.
  Time since last request: 0.000304 seconds.
  path: Assets/Course Library/Props/Food/Food_Organic_Apple_03.prefab
  artifactKey: Guid(c2f4b43f266dc11439efef86830dafb4) Importer(815301076,1909f56bfc062723c751e8b465ee728b)
Start importing Assets/Course Library/Props/Food/Food_Organic_Apple_03.prefab using Guid(c2f4b43f266dc11439efef86830dafb4) Importer(815301076,1909f56bfc062723c751e8b465ee728b)  -> (artifact id: '85c279e1d412bb52a574d97ab5a57fef') in 0.015468 seconds
  Import took 0.017990 seconds .

========================================================================
Received Import Request.
  Time since last request: 0.000390 seconds.
  path: Assets/Course Library/Props/Food/Food_EnergyCan_01.prefab
  artifactKey: Guid(f9125fa89572f1e40bb082978a85b951) Importer(815301076,1909f56bfc062723c751e8b465ee728b)
Start importing Assets/Course Library/Props/Food/Food_EnergyCan_01.prefab using Guid(f9125fa89572f1e40bb082978a85b951) Importer(815301076,1909f56bfc062723c751e8b465ee728b)  -> (artifact id: 'aec582c252b30c3b01a0326201ebf50c') in 0.016145 seconds
  Import took 0.018848 seconds .

========================================================================
Received Import Request.
  Time since last request: 0.000255 seconds.
  path: Assets/Course Library/Props/Food/Food_Fish_Cooked.prefab
  artifactKey: Guid(245ebd2bf811d4f45a1d5dcd8c327131) Importer(815301076,1909f56bfc062723c751e8b465ee728b)
Start importing Assets/Course Library/Props/Food/Food_Fish_Cooked.prefab using Guid(245ebd2bf811d4f45a1d5dcd8c327131) Importer(815301076,1909f56bfc062723c751e8b465ee728b)  -> (artifact id: 'aa1e8a09c911959d0bd274560ad141ea') in 0.027168 seconds
  Import took 0.030183 seconds .

========================================================================
Received Import Request.
  Time since last request: 20.151684 seconds.
  path: Assets/Course Library/Props/Food/Food_Organic_Carrot.prefab
  artifactKey: Guid(bd519f706f8c5cf4dad9fed04ab5b64b) Importer(815301076,1909f56bfc062723c751e8b465ee728b)
Start importing Assets/Course Library/Props/Food/Food_Organic_Carrot.prefab using Guid(bd519f706f8c5cf4dad9fed04ab5b64b) Importer(815301076,1909f56bfc062723c751e8b465ee728b)  -> (artifact id: '2011341bf59497a1b062655c54ffb5af') in 0.011571 seconds
  Import took 0.013619 seconds .

========================================================================
Received Import Request.
  Time since last request: 0.053882 seconds.
  path: Assets/Course Library/Props/Food/Food_Organic_Pear_02.prefab
  artifactKey: Guid(4949a22a2c444b0459d7289aae77be28) Importer(815301076,1909f56bfc062723c751e8b465ee728b)
Start importing Assets/Course Library/Props/Food/Food_Organic_Pear_02.prefab using Guid(4949a22a2c444b0459d7289aae77be28) Importer(815301076,1909f56bfc062723c751e8b465ee728b)  -> (artifact id: '5496a00036110bcfb6b7d5ec0b1b7f94') in 0.030919 seconds
  Import took 0.033278 seconds .

========================================================================
Received Import Request.
  Time since last request: 1.722259 seconds.
  path: Assets/Course Library/Props/Food/Food_Pizza_01.prefab
  artifactKey: Guid(06cdf427476835b42837c1ca7f8cdbd1) Importer(815301076,1909f56bfc062723c751e8b465ee728b)
Start importing Assets/Course Library/Props/Food/Food_Pizza_01.prefab using Guid(06cdf427476835b42837c1ca7f8cdbd1) Importer(815301076,1909f56bfc062723c751e8b465ee728b)  -> (artifact id: '9b282a3eb06861958671f21ee003eb0e') in 0.012424 seconds
  Import took 0.014602 seconds .

========================================================================
Received Import Request.
  Time since last request: 0.753821 seconds.
  path: Assets/Course Library/Props/Food/Food_Sandwich_01.prefab
  artifactKey: Guid(5b10c1fadcedc4347b929c94cb50d5d3) Importer(815301076,1909f56bfc062723c751e8b465ee728b)
Start importing Assets/Course Library/Props/Food/Food_Sandwich_01.prefab using Guid(5b10c1fadcedc4347b929c94cb50d5d3) Importer(815301076,1909f56bfc062723c751e8b465ee728b)  -> (artifact id: 'e0a1f2d489c63d614ac948b784c067ea') in 0.014578 seconds
  Import took 0.017731 seconds .

========================================================================
Received Import Request.
  Time since last request: 0.003896 seconds.
  path: Assets/Course Library/Props/Food/Food_Sandwich_01.prefab
  artifactKey: Guid(5b10c1fadcedc4347b929c94cb50d5d3) Importer(815301076,1909f56bfc062723c751e8b465ee728b)
Start importing Assets/Course Library/Props/Food/Food_Sandwich_01.prefab using Guid(5b10c1fadcedc4347b929c94cb50d5d3) Importer(815301076,1909f56bfc062723c751e8b465ee728b)  -> (artifact id: 'e0a1f2d489c63d614ac948b784c067ea') in 0.009746 seconds
  Import took 0.012656 seconds .

========================================================================
Received Import Request.
  Time since last request: 0.000259 seconds.
  path: Assets/Course Library/Props/Food/Food_Steak_01.prefab
  artifactKey: Guid(9f063c5e5835cbd4b8dc54a6c0b45db4) Importer(815301076,1909f56bfc062723c751e8b465ee728b)
Start importing Assets/Course Library/Props/Food/Food_Steak_01.prefab using Guid(9f063c5e5835cbd4b8dc54a6c0b45db4) Importer(815301076,1909f56bfc062723c751e8b465ee728b)  -> (artifact id: '527fcda05243368d78a53d5b88a232f5') in 0.014389 seconds
  Import took 0.060485 seconds .

========================================================================
Received Import Request.
  Time since last request: 0.519695 seconds.
  path: Assets/Course Library/Props/Food/Food_Wine_01.prefab
  artifactKey: Guid(ca03aa5ab3af9f147aa60e7b8d131fe3) Importer(815301076,1909f56bfc062723c751e8b465ee728b)
Start importing Assets/Course Library/Props/Food/Food_Wine_01.prefab using Guid(ca03aa5ab3af9f147aa60e7b8d131fe3) Importer(815301076,1909f56bfc062723c751e8b465ee728b)  -> (artifact id: '670aace161444e1edcd6198e0874d1e6') in 0.014979 seconds
  Import took 0.017969 seconds .

========================================================================
Received Import Request.
  Time since last request: 168.069090 seconds.
  path: Assets/Scripts
  artifactKey: Guid(e98c018e8ee1f064da82cf96b617f7f2) Importer(815301076,1909f56bfc062723c751e8b465ee728b)
Start importing Assets/Scripts using Guid(e98c018e8ee1f064da82cf96b617f7f2) Importer(815301076,1909f56bfc062723c751e8b465ee728b)  -> (artifact id: '4e08bdf9a86bdaeb5d0c8a9b11f9b124') in 0.007425 seconds
  Import took 0.031286 seconds .

========================================================================
Received Import Request.
  Time since last request: 13.812268 seconds.
  path: Assets/Scripts/Target.cs
  artifactKey: Guid(95b5bade7f56db8449778f7df7efffe4) Importer(815301076,1909f56bfc062723c751e8b465ee728b)
Start importing Assets/Scripts/Target.cs using Guid(95b5bade7f56db8449778f7df7efffe4) Importer(815301076,1909f56bfc062723c751e8b465ee728b)  -> (artifact id: '4f83488eef93cdcd717e4ad5695b8ae3') in 0.022387 seconds
  Import took 0.025698 seconds .

========================================================================
Received Import Request.
  Time since last request: 0.005805 seconds.
  path: Assets/Scripts/Target.cs
  artifactKey: Guid(95b5bade7f56db8449778f7df7efffe4) Importer(815301076,1909f56bfc062723c751e8b465ee728b)
Start importing Assets/Scripts/Target.cs using Guid(95b5bade7f56db8449778f7df7efffe4) Importer(815301076,1909f56bfc062723c751e8b465ee728b)  -> (artifact id: '4f83488eef93cdcd717e4ad5695b8ae3') in 0.002363 seconds
  Import took 0.005790 seconds .

========================================================================
Received Prepare
Registering precompiled user dll's ...
Registered in 0.000604 seconds.
Begin MonoManager ReloadAssembly
Native extension for Lumin target not found
Native extension for LinuxStandalone target not found
Native extension for WindowsStandalone target not found
Native extension for OSXStandalone target not found
Native extension for WebGL target not found
Refreshing native plugins compatible for Editor in 0.22 ms, found 0 plugins.
Preloading 0 native plugins for Editor in 0.00 ms.
Mono: successfully reloaded assembly
- Completed reload, in  1.050 seconds
Platform modules already initialized, skipping
Refreshing native plugins compatible for Editor in 0.28 ms, found 0 plugins.
Preloading 0 native plugins for Editor in 0.00 ms.
Unloading 1112 Unused Serialized files (Serialized files now loaded: 0)
System memory in use before: 60.3 MB.
System memory in use after: 60.3 MB.

Unloading 5 unused Assets to reduce memory usage. Loaded Objects now: 1571.
Total: 2.102600 ms (FindLiveObjects: 0.133000 ms CreateObjectMapping: 0.058100 ms MarkObjects: 1.794000 ms  DeleteObjects: 0.116300 ms)

========================================================================
Received Import Request.
  Time since last request: 15.417613 seconds.
  path: Assets/Prefabs
  artifactKey: Guid(4e86f08c739fca344b6ff0904a254c83) Importer(815301076,1909f56bfc062723c751e8b465ee728b)
Start importing Assets/Prefabs using Guid(4e86f08c739fca344b6ff0904a254c83) Importer(815301076,1909f56bfc062723c751e8b465ee728b)  -> (artifact id: 'c123b0af3ded6828f3bb6b1950ac159e') in 0.009819 seconds
  Import took 0.012493 seconds .

========================================================================
Received Import Request.
  Time since last request: 3.509312 seconds.
  path: Assets/Prefabs/Good 1.prefab
  artifactKey: Guid(b07e7626753bc204dbc54d0a4b4340c2) Importer(815301076,1909f56bfc062723c751e8b465ee728b)
Start importing Assets/Prefabs/Good 1.prefab using Guid(b07e7626753bc204dbc54d0a4b4340c2) Importer(815301076,1909f56bfc062723c751e8b465ee728b)  -> (artifact id: '2d792880ee05d2f2a5910c18c14c2352') in 0.082076 seconds
  Import took 0.084259 seconds .

========================================================================
Received Import Request.
  Time since last request: 2.465430 seconds.
  path: Assets/Prefabs/Good 2.prefab
  artifactKey: Guid(4e0d07f3e850ecb42a6d7c16baf07e2e) Importer(815301076,1909f56bfc062723c751e8b465ee728b)
Start importing Assets/Prefabs/Good 2.prefab using Guid(4e0d07f3e850ecb42a6d7c16baf07e2e) Importer(815301076,1909f56bfc062723c751e8b465ee728b)  -> (artifact id: '95b7fd50b29dc44afa1b12063d0e5e9b') in 0.019872 seconds
  Import took 0.022454 seconds .

========================================================================
Received Import Request.
  Time since last request: 1.691399 seconds.
  path: Assets/Prefabs/Good 3.prefab
  artifactKey: Guid(50004adc15ec7eb458bd6bd30fec1d1e) Importer(815301076,1909f56bfc062723c751e8b465ee728b)
Start importing Assets/Prefabs/Good 3.prefab using Guid(50004adc15ec7eb458bd6bd30fec1d1e) Importer(815301076,1909f56bfc062723c751e8b465ee728b)  -> (artifact id: 'ee51faa7663edb8515ed48b127f9fb6d') in 0.014430 seconds
  Import took 0.016502 seconds .

========================================================================
Received Import Request.
  Time since last request: 0.000568 seconds.
  path: Assets/Prefabs/Good 3.prefab
  artifactKey: Guid(50004adc15ec7eb458bd6bd30fec1d1e) Importer(815301076,1909f56bfc062723c751e8b465ee728b)
Start importing Assets/Prefabs/Good 3.prefab using Guid(50004adc15ec7eb458bd6bd30fec1d1e) Importer(815301076,1909f56bfc062723c751e8b465ee728b)  -> (artifact id: 'ee51faa7663edb8515ed48b127f9fb6d') in 0.010614 seconds
  Import took 0.012699 seconds .

========================================================================
Received Import Request.
  Time since last request: 2.225980 seconds.
  path: Assets/Prefabs/Bad 1.prefab
  artifactKey: Guid(4598eeece20d1cc419a75f686bcfb9d5) Importer(815301076,1909f56bfc062723c751e8b465ee728b)
Start importing Assets/Prefabs/Bad 1.prefab using Guid(4598eeece20d1cc419a75f686bcfb9d5) Importer(815301076,1909f56bfc062723c751e8b465ee728b)  -> (artifact id: '459a40c69b5e4aa4853fd3c9a1ad34d1') in 0.021128 seconds
  Import took 0.023793 seconds .

========================================================================
Received Prepare
Registering precompiled user dll's ...
Registered in 0.000558 seconds.
Begin MonoManager ReloadAssembly
Native extension for Lumin target not found
Native extension for LinuxStandalone target not found
Native extension for WindowsStandalone target not found
Native extension for OSXStandalone target not found
Native extension for WebGL target not found
Refreshing native plugins compatible for Editor in 0.21 ms, found 0 plugins.
Preloading 0 native plugins for Editor in 0.00 ms.
Mono: successfully reloaded assembly
- Completed reload, in  0.978 seconds
Platform modules already initialized, skipping
Refreshing native plugins compatible for Editor in 0.22 ms, found 0 plugins.
Preloading 0 native plugins for Editor in 0.00 ms.
Unloading 1112 Unused Serialized files (Serialized files now loaded: 0)
System memory in use before: 60.3 MB.
System memory in use after: 60.4 MB.

Unloading 5 unused Assets to reduce memory usage. Loaded Objects now: 1575.
Total: 2.690800 ms (FindLiveObjects: 0.136100 ms CreateObjectMapping: 0.030400 ms MarkObjects: 2.465400 ms  DeleteObjects: 0.057300 ms)

========================================================================
Received Import Request.
  Time since last request: 249.799262 seconds.
  path: Assets/Scripts/Target.cs
  artifactKey: Guid(95b5bade7f56db8449778f7df7efffe4) Importer(815301076,1909f56bfc062723c751e8b465ee728b)
Start importing Assets/Scripts/Target.cs using Guid(95b5bade7f56db8449778f7df7efffe4) Importer(815301076,1909f56bfc062723c751e8b465ee728b)  -> (artifact id: 'aeb8b64f4f4698f8c92356ad21ee8c37') in 0.004394 seconds
  Import took 0.006400 seconds .

========================================================================
Received Import Request.
  Time since last request: 2.300383 seconds.
  path: Assets/Scripts/Target.cs
  artifactKey: Guid(95b5bade7f56db8449778f7df7efffe4) Importer(815301076,1909f56bfc062723c751e8b465ee728b)
Start importing Assets/Scripts/Target.cs using Guid(95b5bade7f56db8449778f7df7efffe4) Importer(815301076,1909f56bfc062723c751e8b465ee728b)  -> (artifact id: 'aeb8b64f4f4698f8c92356ad21ee8c37') in 0.001964 seconds
  Import took 0.004406 seconds .

========================================================================
Received Prepare
Registering precompiled user dll's ...
Registered in 0.000908 seconds.
Begin MonoManager ReloadAssembly
Native extension for Lumin target not found
Native extension for LinuxStandalone target not found
Native extension for WindowsStandalone target not found
Native extension for OSXStandalone target not found
Native extension for WebGL target not found
Refreshing native plugins compatible for Editor in 0.21 ms, found 0 plugins.
Preloading 0 native plugins for Editor in 0.00 ms.
Mono: successfully reloaded assembly
- Completed reload, in  1.002 seconds
Platform modules already initialized, skipping
Refreshing native plugins compatible for Editor in 0.22 ms, found 0 plugins.
Preloading 0 native plugins for Editor in 0.00 ms.
Unloading 1112 Unused Serialized files (Serialized files now loaded: 0)
System memory in use before: 60.3 MB.
System memory in use after: 60.4 MB.

Unloading 5 unused Assets to reduce memory usage. Loaded Objects now: 1578.
Total: 2.611300 ms (FindLiveObjects: 0.168100 ms CreateObjectMapping: 0.031100 ms MarkObjects: 2.318400 ms  DeleteObjects: 0.092100 ms)

========================================================================
Received Import Request.
  Time since last request: 506.624234 seconds.
  path: Assets/Scripts/GameManager.cs
  artifactKey: Guid(fe3a3f02c1ce49e4f8dcda7b7aa4b737) Importer(815301076,1909f56bfc062723c751e8b465ee728b)
Start importing Assets/Scripts/GameManager.cs using Guid(fe3a3f02c1ce49e4f8dcda7b7aa4b737) Importer(815301076,1909f56bfc062723c751e8b465ee728b)  -> (artifact id: 'bf69c32506f56fa0e499e9b1544a74ae') in 0.011219 seconds
  Import took 0.025614 seconds .

========================================================================
Received Import Request.
  Time since last request: 0.000941 seconds.
  path: Assets/Scripts/GameManager.cs
  artifactKey: Guid(fe3a3f02c1ce49e4f8dcda7b7aa4b737) Importer(815301076,1909f56bfc062723c751e8b465ee728b)
Start importing Assets/Scripts/GameManager.cs using Guid(fe3a3f02c1ce49e4f8dcda7b7aa4b737) Importer(815301076,1909f56bfc062723c751e8b465ee728b)  -> (artifact id: 'bf69c32506f56fa0e499e9b1544a74ae') in 0.002701 seconds
  Import took 0.005272 seconds .

========================================================================
Received Prepare
Registering precompiled user dll's ...
Registered in 0.000621 seconds.
Begin MonoManager ReloadAssembly
Native extension for Lumin target not found
Native extension for LinuxStandalone target not found
Native extension for WindowsStandalone target not found
Native extension for OSXStandalone target not found
Native extension for WebGL target not found
Refreshing native plugins compatible for Editor in 0.32 ms, found 0 plugins.
Preloading 0 native plugins for Editor in 0.00 ms.
Mono: successfully reloaded assembly
- Completed reload, in  1.171 seconds
Platform modules already initialized, skipping
Refreshing native plugins compatible for Editor in 0.25 ms, found 0 plugins.
Preloading 0 native plugins for Editor in 0.00 ms.
Unloading 1113 Unused Serialized files (Serialized files now loaded: 0)
System memory in use before: 60.4 MB.
System memory in use after: 60.4 MB.

Unloading 5 unused Assets to reduce memory usage. Loaded Objects now: 1582.
Total: 2.287900 ms (FindLiveObjects: 0.122600 ms CreateObjectMapping: 0.035500 ms MarkObjects: 2.078100 ms  DeleteObjects: 0.050600 ms)

========================================================================
Received Prepare
Registering precompiled user dll's ...
Registered in 0.000767 seconds.
Begin MonoManager ReloadAssembly
Native extension for Lumin target not found
Native extension for LinuxStandalone target not found
Native extension for WindowsStandalone target not found
Native extension for OSXStandalone target not found
Native extension for WebGL target not found
Refreshing native plugins compatible for Editor in 0.28 ms, found 0 plugins.
Preloading 0 native plugins for Editor in 0.00 ms.
Mono: successfully reloaded assembly
- Completed reload, in  1.028 seconds
Platform modules already initialized, skipping
Refreshing native plugins compatible for Editor in 0.32 ms, found 0 plugins.
Preloading 0 native plugins for Editor in 0.00 ms.
Unloading 1113 Unused Serialized files (Serialized files now loaded: 0)
System memory in use before: 60.4 MB.
System memory in use after: 60.4 MB.

Unloading 5 unused Assets to reduce memory usage. Loaded Objects now: 1585.
Total: 2.501600 ms (FindLiveObjects: 0.116800 ms CreateObjectMapping: 0.030600 ms MarkObjects: 2.301600 ms  DeleteObjects: 0.051100 ms)

========================================================================
Received Import Request.
  Time since last request: 107.018263 seconds.
  path: Assets/Scripts/GameManager.cs
  artifactKey: Guid(fe3a3f02c1ce49e4f8dcda7b7aa4b737) Importer(815301076,1909f56bfc062723c751e8b465ee728b)
Start importing Assets/Scripts/GameManager.cs using Guid(fe3a3f02c1ce49e4f8dcda7b7aa4b737) Importer(815301076,1909f56bfc062723c751e8b465ee728b)  -> (artifact id: '7cf5088c61aeb21e54f958998f880acc') in 0.004437 seconds
  Import took 0.007126 seconds .

========================================================================
Received Prepare
Registering precompiled user dll's ...
Registered in 0.000577 seconds.
Begin MonoManager ReloadAssembly
Native extension for Lumin target not found
Native extension for LinuxStandalone target not found
Native extension for WindowsStandalone target not found
Native extension for OSXStandalone target not found
Native extension for WebGL target not found
Refreshing native plugins compatible for Editor in 0.21 ms, found 0 plugins.
Preloading 0 native plugins for Editor in 0.00 ms.
Mono: successfully reloaded assembly
- Completed reload, in  1.094 seconds
Platform modules already initialized, skipping
Refreshing native plugins compatible for Editor in 0.25 ms, found 0 plugins.
Preloading 0 native plugins for Editor in 0.00 ms.
Unloading 1113 Unused Serialized files (Serialized files now loaded: 0)
System memory in use before: 60.4 MB.
System memory in use after: 60.4 MB.

Unloading 5 unused Assets to reduce memory usage. Loaded Objects now: 1588.
Total: 2.670300 ms (FindLiveObjects: 0.131200 ms CreateObjectMapping: 0.030100 ms MarkObjects: 2.427300 ms  DeleteObjects: 0.080400 ms)

========================================================================
Received Import Request.
  Time since last request: 394.175778 seconds.
  path: Assets/Scripts/GameManager.cs
  artifactKey: Guid(fe3a3f02c1ce49e4f8dcda7b7aa4b737) Importer(815301076,1909f56bfc062723c751e8b465ee728b)
Start importing Assets/Scripts/GameManager.cs using Guid(fe3a3f02c1ce49e4f8dcda7b7aa4b737) Importer(815301076,1909f56bfc062723c751e8b465ee728b)  -> (artifact id: 'e7b16c8cff50f2902d8802080010b4f4') in 0.003915 seconds
  Import took 0.029448 seconds .

========================================================================
Received Prepare
Registering precompiled user dll's ...
Registered in 0.000774 seconds.
Begin MonoManager ReloadAssembly
Native extension for Lumin target not found
Native extension for LinuxStandalone target not found
Native extension for WindowsStandalone target not found
Native extension for OSXStandalone target not found
Native extension for WebGL target not found
Refreshing native plugins compatible for Editor in 0.24 ms, found 0 plugins.
Preloading 0 native plugins for Editor in 0.00 ms.
Mono: successfully reloaded assembly
- Completed reload, in  1.015 seconds
Platform modules already initialized, skipping
Refreshing native plugins compatible for Editor in 0.22 ms, found 0 plugins.
Preloading 0 native plugins for Editor in 0.00 ms.
Unloading 1113 Unused Serialized files (Serialized files now loaded: 0)
System memory in use before: 60.4 MB.
System memory in use after: 60.5 MB.

Unloading 5 unused Assets to reduce memory usage. Loaded Objects now: 1591.
Total: 2.296500 ms (FindLiveObjects: 0.131500 ms CreateObjectMapping: 0.029000 ms MarkObjects: 2.041800 ms  DeleteObjects: 0.093000 ms)

========================================================================
Received Prepare
Registering precompiled user dll's ...
Registered in 0.000788 seconds.
Begin MonoManager ReloadAssembly
Native extension for Lumin target not found
Native extension for LinuxStandalone target not found
Native extension for WindowsStandalone target not found
Native extension for OSXStandalone target not found
Native extension for WebGL target not found
Refreshing native plugins compatible for Editor in 0.23 ms, found 0 plugins.
Preloading 0 native plugins for Editor in 0.00 ms.
Mono: successfully reloaded assembly
- Completed reload, in  0.964 seconds
Platform modules already initialized, skipping
Refreshing native plugins compatible for Editor in 0.36 ms, found 0 plugins.
Preloading 0 native plugins for Editor in 0.00 ms.
Unloading 1113 Unused Serialized files (Serialized files now loaded: 0)
System memory in use before: 60.4 MB.
System memory in use after: 60.5 MB.

Unloading 5 unused Assets to reduce memory usage. Loaded Objects now: 1594.
Total: 1.945900 ms (FindLiveObjects: 0.134500 ms CreateObjectMapping: 0.033100 ms MarkObjects: 1.696600 ms  DeleteObjects: 0.080600 ms)

========================================================================
Received Prepare
Registering precompiled user dll's ...
Registered in 0.000641 seconds.
Begin MonoManager ReloadAssembly
Native extension for Lumin target not found
Native extension for LinuxStandalone target not found
Native extension for WindowsStandalone target not found
Native extension for OSXStandalone target not found
Native extension for WebGL target not found
Refreshing native plugins compatible for Editor in 0.21 ms, found 0 plugins.
Preloading 0 native plugins for Editor in 0.00 ms.
Mono: successfully reloaded assembly
- Completed reload, in  0.985 seconds
Platform modules already initialized, skipping
Refreshing native plugins compatible for Editor in 0.21 ms, found 0 plugins.
Preloading 0 native plugins for Editor in 0.00 ms.
Unloading 1113 Unused Serialized files (Serialized files now loaded: 0)
System memory in use before: 60.4 MB.
System memory in use after: 60.5 MB.

Unloading 5 unused Assets to reduce memory usage. Loaded Objects now: 1597.
Total: 2.290700 ms (FindLiveObjects: 0.124400 ms CreateObjectMapping: 0.031100 ms MarkObjects: 2.052300 ms  DeleteObjects: 0.081700 ms)

========================================================================
Received Prepare
Registering precompiled user dll's ...
Registered in 0.000965 seconds.
Begin MonoManager ReloadAssembly
Native extension for Lumin target not found
Native extension for LinuxStandalone target not found
Native extension for WindowsStandalone target not found
Native extension for OSXStandalone target not found
Native extension for WebGL target not found
Refreshing native plugins compatible for Editor in 0.21 ms, found 0 plugins.
Preloading 0 native plugins for Editor in 0.00 ms.
Mono: successfully reloaded assembly
- Completed reload, in  0.952 seconds
Platform modules already initialized, skipping
Refreshing native plugins compatible for Editor in 0.21 ms, found 0 plugins.
Preloading 0 native plugins for Editor in 0.00 ms.
Unloading 1113 Unused Serialized files (Serialized files now loaded: 0)
System memory in use before: 60.4 MB.
System memory in use after: 60.5 MB.

Unloading 5 unused Assets to reduce memory usage. Loaded Objects now: 1600.
Total: 2.052100 ms (FindLiveObjects: 0.133700 ms CreateObjectMapping: 0.031500 ms MarkObjects: 1.812400 ms  DeleteObjects: 0.073700 ms)

========================================================================
Received Prepare
Registering precompiled user dll's ...
Registered in 0.000822 seconds.
Begin MonoManager ReloadAssembly
Native extension for Lumin target not found
Native extension for LinuxStandalone target not found
Native extension for WindowsStandalone target not found
Native extension for OSXStandalone target not found
Native extension for WebGL target not found
Refreshing native plugins compatible for Editor in 0.23 ms, found 0 plugins.
Preloading 0 native plugins for Editor in 0.00 ms.
Mono: successfully reloaded assembly
- Completed reload, in  1.050 seconds
Platform modules already initialized, skipping
Refreshing native plugins compatible for Editor in 0.25 ms, found 0 plugins.
Preloading 0 native plugins for Editor in 0.00 ms.
Unloading 1113 Unused Serialized files (Serialized files now loaded: 0)
System memory in use before: 60.4 MB.
System memory in use after: 60.5 MB.

Unloading 5 unused Assets to reduce memory usage. Loaded Objects now: 1603.
Total: 3.204900 ms (FindLiveObjects: 0.264200 ms CreateObjectMapping: 0.102200 ms MarkObjects: 2.733300 ms  DeleteObjects: 0.103700 ms)

========================================================================
Received Prepare
Registering precompiled user dll's ...
Registered in 0.000721 seconds.
Begin MonoManager ReloadAssembly
Native extension for Lumin target not found
Native extension for LinuxStandalone target not found
Native extension for WindowsStandalone target not found
Native extension for OSXStandalone target not found
Native extension for WebGL target not found
Refreshing native plugins compatible for Editor in 0.52 ms, found 0 plugins.
Preloading 0 native plugins for Editor in 0.00 ms.
Mono: successfully reloaded assembly
- Completed reload, in  1.049 seconds
Platform modules already initialized, skipping
Refreshing native plugins compatible for Editor in 0.24 ms, found 0 plugins.
Preloading 0 native plugins for Editor in 0.00 ms.
Unloading 1160 Unused Serialized files (Serialized files now loaded: 0)
System memory in use before: 63.4 MB.
System memory in use after: 62.8 MB.

Unloading 18 unused Assets to reduce memory usage. Loaded Objects now: 1640.
Total: 2.315100 ms (FindLiveObjects: 0.133300 ms CreateObjectMapping: 0.032000 ms MarkObjects: 1.787400 ms  DeleteObjects: 0.361500 ms)

========================================================================
Received Import Request.
  Time since last request: 1879.240483 seconds.
  path: Assets/TextMesh Pro/Resources/Fonts & Materials/LiberationSans SDF - Drop Shadow.mat
  artifactKey: Guid(e73a58f6e2794ae7b1b7e50b7fb811b0) Importer(815301076,1909f56bfc062723c751e8b465ee728b)
Start importing Assets/TextMesh Pro/Resources/Fonts & Materials/LiberationSans SDF - Drop Shadow.mat using Guid(e73a58f6e2794ae7b1b7e50b7fb811b0) Importer(815301076,1909f56bfc062723c751e8b465ee728b)  -> (artifact id: 'ca0d2861f60500f05bd29199894f7bb5') in 0.575507 seconds
  Import took 0.603705 seconds .

========================================================================
Received Import Request.
  Time since last request: 0.000216 seconds.
  path: Assets/TextMesh Pro/Resources/Fonts & Materials/LiberationSans SDF - Outline.mat
  artifactKey: Guid(79459efec17a4d00a321bdcc27bbc385) Importer(815301076,1909f56bfc062723c751e8b465ee728b)
Start importing Assets/TextMesh Pro/Resources/Fonts & Materials/LiberationSans SDF - Outline.mat using Guid(79459efec17a4d00a321bdcc27bbc385) Importer(815301076,1909f56bfc062723c751e8b465ee728b)  -> (artifact id: '289988fcecf3b00d1602f8d2b589f7dd') in 0.090857 seconds
  Import took 0.093379 seconds .

========================================================================
Received Import Request.
  Time since last request: 0.000219 seconds.
  path: Assets/TextMesh Pro/Resources/Fonts & Materials/LiberationSans SDF - Fallback.asset
  artifactKey: Guid(2e498d1c8094910479dc3e1b768306a4) Importer(815301076,1909f56bfc062723c751e8b465ee728b)
Start importing Assets/TextMesh Pro/Resources/Fonts & Materials/LiberationSans SDF - Fallback.asset using Guid(2e498d1c8094910479dc3e1b768306a4) Importer(815301076,1909f56bfc062723c751e8b465ee728b)  -> (artifact id: 'b8c2210586957436df79bf961aeff06e') in 0.076610 seconds
  Import took 0.079317 seconds .

========================================================================
Received Import Request.
  Time since last request: 0.000343 seconds.
  path: Assets/TextMesh Pro/Resources/Fonts & Materials/LiberationSans SDF - Drop Shadow.mat
  artifactKey: Guid(e73a58f6e2794ae7b1b7e50b7fb811b0) Importer(815301076,1909f56bfc062723c751e8b465ee728b)
Start importing Assets/TextMesh Pro/Resources/Fonts & Materials/LiberationSans SDF - Drop Shadow.mat using Guid(e73a58f6e2794ae7b1b7e50b7fb811b0) Importer(815301076,1909f56bfc062723c751e8b465ee728b)  -> (artifact id: 'ca0d2861f60500f05bd29199894f7bb5') in 0.035465 seconds
  Import took 0.037626 seconds .

========================================================================
Received Import Request.
  Time since last request: 0.000286 seconds.
  path: Assets/TextMesh Pro/Resources/Fonts & Materials/LiberationSans SDF - Fallback.asset
  artifactKey: Guid(2e498d1c8094910479dc3e1b768306a4) Importer(815301076,1909f56bfc062723c751e8b465ee728b)
Start importing Assets/TextMesh Pro/Resources/Fonts & Materials/LiberationSans SDF - Fallback.asset using Guid(2e498d1c8094910479dc3e1b768306a4) Importer(815301076,1909f56bfc062723c751e8b465ee728b)  -> (artifact id: 'b8c2210586957436df79bf961aeff06e') in 0.014011 seconds
  Import took 0.016528 seconds .

========================================================================
Received Import Request.
  Time since last request: 0.000240 seconds.
  path: Assets/TextMesh Pro/Resources/Fonts & Materials/LiberationSans SDF.asset
  artifactKey: Guid(8f586378b4e144a9851e7b34d9b748ee) Importer(815301076,1909f56bfc062723c751e8b465ee728b)
Start importing Assets/TextMesh Pro/Resources/Fonts & Materials/LiberationSans SDF.asset using Guid(8f586378b4e144a9851e7b34d9b748ee) Importer(815301076,1909f56bfc062723c751e8b465ee728b)  -> (artifact id: 'f1280cc7be10b532b2897fc8654f95d3') in 0.049641 seconds
  Import took 0.052263 seconds .

========================================================================
Received Prepare
Registering precompiled user dll's ...
Registered in 0.000982 seconds.
Begin MonoManager ReloadAssembly
Native extension for Lumin target not found
Native extension for LinuxStandalone target not found
Native extension for WindowsStandalone target not found
Native extension for OSXStandalone target not found
Native extension for WebGL target not found
Refreshing native plugins compatible for Editor in 0.45 ms, found 0 plugins.
Preloading 0 native plugins for Editor in 0.00 ms.
Mono: successfully reloaded assembly
- Completed reload, in  1.082 seconds
Platform modules already initialized, skipping
Refreshing native plugins compatible for Editor in 0.27 ms, found 0 plugins.
Preloading 0 native plugins for Editor in 0.00 ms.
Unloading 1160 Unused Serialized files (Serialized files now loaded: 0)
System memory in use before: 63.7 MB.
System memory in use after: 63.1 MB.

Unloading 17 unused Assets to reduce memory usage. Loaded Objects now: 1681.
Total: 2.119800 ms (FindLiveObjects: 0.149000 ms CreateObjectMapping: 0.034000 ms MarkObjects: 1.590500 ms  DeleteObjects: 0.345300 ms)

========================================================================
Received Prepare
Registering precompiled user dll's ...
Registered in 0.000944 seconds.
Begin MonoManager ReloadAssembly
Native extension for Lumin target not found
Native extension for LinuxStandalone target not found
Native extension for WindowsStandalone target not found
Native extension for OSXStandalone target not found
Native extension for WebGL target not found
Refreshing native plugins compatible for Editor in 0.24 ms, found 0 plugins.
Preloading 0 native plugins for Editor in 0.00 ms.
Mono: successfully reloaded assembly
- Completed reload, in  1.080 seconds
Platform modules already initialized, skipping
Refreshing native plugins compatible for Editor in 0.45 ms, found 0 plugins.
Preloading 0 native plugins for Editor in 0.00 ms.
Unloading 1159 Unused Serialized files (Serialized files now loaded: 0)
System memory in use before: 63.6 MB.
System memory in use after: 63.0 MB.

Unloading 17 unused Assets to reduce memory usage. Loaded Objects now: 1684.
Total: 2.648100 ms (FindLiveObjects: 0.155800 ms CreateObjectMapping: 0.041900 ms MarkObjects: 2.072200 ms  DeleteObjects: 0.376800 ms)

========================================================================
Received Prepare
Registering precompiled user dll's ...
Registered in 0.000808 seconds.
Begin MonoManager ReloadAssembly
Native extension for Lumin target not found
Native extension for LinuxStandalone target not found
Native extension for WindowsStandalone target not found
Native extension for OSXStandalone target not found
Native extension for WebGL target not found
Refreshing native plugins compatible for Editor in 0.28 ms, found 0 plugins.
Preloading 0 native plugins for Editor in 0.00 ms.
Mono: successfully reloaded assembly
- Completed reload, in  1.002 seconds
Platform modules already initialized, skipping
Refreshing native plugins compatible for Editor in 0.28 ms, found 0 plugins.
Preloading 0 native plugins for Editor in 0.00 ms.
Unloading 1159 Unused Serialized files (Serialized files now loaded: 0)
System memory in use before: 63.6 MB.
System memory in use after: 63.0 MB.

Unloading 17 unused Assets to reduce memory usage. Loaded Objects now: 1687.
Total: 2.829200 ms (FindLiveObjects: 0.148000 ms CreateObjectMapping: 0.033700 ms MarkObjects: 2.153800 ms  DeleteObjects: 0.492000 ms)

========================================================================
Received Prepare
Registering precompiled user dll's ...
Registered in 0.000568 seconds.
Begin MonoManager ReloadAssembly
Native extension for Lumin target not found
Native extension for LinuxStandalone target not found
Native extension for WindowsStandalone target not found
Native extension for OSXStandalone target not found
Native extension for WebGL target not found
Refreshing native plugins compatible for Editor in 0.35 ms, found 0 plugins.
Preloading 0 native plugins for Editor in 0.00 ms.
Mono: successfully reloaded assembly
- Completed reload, in  1.056 seconds
Platform modules already initialized, skipping
Refreshing native plugins compatible for Editor in 0.31 ms, found 0 plugins.
Preloading 0 native plugins for Editor in 0.00 ms.
Unloading 1159 Unused Serialized files (Serialized files now loaded: 0)
System memory in use before: 63.6 MB.
System memory in use after: 63.0 MB.

Unloading 17 unused Assets to reduce memory usage. Loaded Objects now: 1690.
Total: 3.383000 ms (FindLiveObjects: 0.145100 ms CreateObjectMapping: 0.033400 ms MarkObjects: 2.622100 ms  DeleteObjects: 0.581100 ms)

========================================================================
Received Prepare
Registering precompiled user dll's ...
Registered in 0.000578 seconds.
Begin MonoManager ReloadAssembly
Native extension for Lumin target not found
Native extension for LinuxStandalone target not found
Native extension for WindowsStandalone target not found
Native extension for OSXStandalone target not found
Native extension for WebGL target not found
Refreshing native plugins compatible for Editor in 0.22 ms, found 0 plugins.
Preloading 0 native plugins for Editor in 0.00 ms.
Mono: successfully reloaded assembly
- Completed reload, in  0.910 seconds
Platform modules already initialized, skipping
Refreshing native plugins compatible for Editor in 0.26 ms, found 0 plugins.
Preloading 0 native plugins for Editor in 0.00 ms.
Unloading 1159 Unused Serialized files (Serialized files now loaded: 0)
System memory in use before: 63.6 MB.
System memory in use after: 63.1 MB.

Unloading 17 unused Assets to reduce memory usage. Loaded Objects now: 1693.
Total: 2.332300 ms (FindLiveObjects: 0.137800 ms CreateObjectMapping: 0.032300 ms MarkObjects: 1.812200 ms  DeleteObjects: 0.349100 ms)

========================================================================
Received Prepare
Registering precompiled user dll's ...
Registered in 0.000904 seconds.
Begin MonoManager ReloadAssembly
Native extension for Lumin target not found
Native extension for LinuxStandalone target not found
Native extension for WindowsStandalone target not found
Native extension for OSXStandalone target not found
Native extension for WebGL target not found
Refreshing native plugins compatible for Editor in 0.22 ms, found 0 plugins.
Preloading 0 native plugins for Editor in 0.00 ms.
Mono: successfully reloaded assembly
- Completed reload, in  0.890 seconds
Platform modules already initialized, skipping
Refreshing native plugins compatible for Editor in 0.24 ms, found 0 plugins.
Preloading 0 native plugins for Editor in 0.00 ms.
Unloading 1159 Unused Serialized files (Serialized files now loaded: 0)
System memory in use before: 63.6 MB.
System memory in use after: 63.1 MB.

Unloading 17 unused Assets to reduce memory usage. Loaded Objects now: 1696.
Total: 2.220700 ms (FindLiveObjects: 0.159600 ms CreateObjectMapping: 0.033400 ms MarkObjects: 1.674700 ms  DeleteObjects: 0.352000 ms)

========================================================================
Received Prepare
Registering precompiled user dll's ...
Registered in 0.000852 seconds.
Begin MonoManager ReloadAssembly
Native extension for Lumin target not found
Native extension for LinuxStandalone target not found
Native extension for WindowsStandalone target not found
Native extension for OSXStandalone target not found
Native extension for WebGL target not found
Refreshing native plugins compatible for Editor in 0.23 ms, found 0 plugins.
Preloading 0 native plugins for Editor in 0.00 ms.
Mono: successfully reloaded assembly
- Completed reload, in  0.953 seconds
Platform modules already initialized, skipping
Refreshing native plugins compatible for Editor in 0.29 ms, found 0 plugins.
Preloading 0 native plugins for Editor in 0.00 ms.
Unloading 1159 Unused Serialized files (Serialized files now loaded: 0)
System memory in use before: 63.6 MB.
System memory in use after: 63.1 MB.

Unloading 17 unused Assets to reduce memory usage. Loaded Objects now: 1699.
Total: 2.892800 ms (FindLiveObjects: 0.213600 ms CreateObjectMapping: 0.070800 ms MarkObjects: 2.129400 ms  DeleteObjects: 0.477700 ms)

========================================================================
Received Import Request.
  Time since last request: 8572.974076 seconds.
  path: Assets/Prefabs/Bad 1.prefab
  artifactKey: Guid(4598eeece20d1cc419a75f686bcfb9d5) Importer(815301076,1909f56bfc062723c751e8b465ee728b)
Start importing Assets/Prefabs/Bad 1.prefab using Guid(4598eeece20d1cc419a75f686bcfb9d5) Importer(815301076,1909f56bfc062723c751e8b465ee728b)  -> (artifact id: 'd45c9f6b695c6b6ab31df4120296d28b') in 0.105580 seconds
  Import took 0.108073 seconds .

========================================================================
Received Import Request.
  Time since last request: 0.000282 seconds.
  path: Assets/Prefabs/Good 1.prefab
  artifactKey: Guid(b07e7626753bc204dbc54d0a4b4340c2) Importer(815301076,1909f56bfc062723c751e8b465ee728b)
Start importing Assets/Prefabs/Good 1.prefab using Guid(b07e7626753bc204dbc54d0a4b4340c2) Importer(815301076,1909f56bfc062723c751e8b465ee728b)  -> (artifact id: '5521abe45287140aee8692f59deb47c7') in 0.018058 seconds
  Import took 0.020440 seconds .

========================================================================
Received Import Request.
  Time since last request: 0.000235 seconds.
  path: Assets/Prefabs/Good 3.prefab
  artifactKey: Guid(50004adc15ec7eb458bd6bd30fec1d1e) Importer(815301076,1909f56bfc062723c751e8b465ee728b)
Start importing Assets/Prefabs/Good 3.prefab using Guid(50004adc15ec7eb458bd6bd30fec1d1e) Importer(815301076,1909f56bfc062723c751e8b465ee728b)  -> (artifact id: '76d29ec7b11e3e54a49823bd9be26200') in 0.025911 seconds
  Import took 0.029344 seconds .

========================================================================
Received Import Request.
  Time since last request: 0.000290 seconds.
  path: Assets/Prefabs/Good 2.prefab
  artifactKey: Guid(4e0d07f3e850ecb42a6d7c16baf07e2e) Importer(815301076,1909f56bfc062723c751e8b465ee728b)
Start importing Assets/Prefabs/Good 2.prefab using Guid(4e0d07f3e850ecb42a6d7c16baf07e2e) Importer(815301076,1909f56bfc062723c751e8b465ee728b)  -> (artifact id: 'b04429f9479498d60f9dd1715a91072d') in 0.015416 seconds
  Import took 0.017566 seconds .

========================================================================
Received Import Request.
  Time since last request: 5.771642 seconds.
  path: Assets/Prefabs/Bad 1.prefab
  artifactKey: Guid(4598eeece20d1cc419a75f686bcfb9d5) Importer(815301076,1909f56bfc062723c751e8b465ee728b)
Start importing Assets/Prefabs/Bad 1.prefab using Guid(4598eeece20d1cc419a75f686bcfb9d5) Importer(815301076,1909f56bfc062723c751e8b465ee728b)  -> (artifact id: 'a638c7a9fac352a34da0eee26223cc3d') in 0.016046 seconds
  Import took 0.018946 seconds .

========================================================================
Received Import Request.
  Time since last request: 3.248651 seconds.
  path: Assets/Prefabs/Good 1.prefab
  artifactKey: Guid(b07e7626753bc204dbc54d0a4b4340c2) Importer(815301076,1909f56bfc062723c751e8b465ee728b)
Start importing Assets/Prefabs/Good 1.prefab using Guid(b07e7626753bc204dbc54d0a4b4340c2) Importer(815301076,1909f56bfc062723c751e8b465ee728b)  -> (artifact id: 'd587d182aadd4b58b84b72b06eda2bee') in 0.015362 seconds
  Import took 0.018218 seconds .

========================================================================
Received Import Request.
  Time since last request: 5.967376 seconds.
  path: Assets/Prefabs/Good 2.prefab
  artifactKey: Guid(4e0d07f3e850ecb42a6d7c16baf07e2e) Importer(815301076,1909f56bfc062723c751e8b465ee728b)
Start importing Assets/Prefabs/Good 2.prefab using Guid(4e0d07f3e850ecb42a6d7c16baf07e2e) Importer(815301076,1909f56bfc062723c751e8b465ee728b)  -> (artifact id: '180eb33407c0c03c207cae40ef8650e2') in 0.015956 seconds
  Import took 0.018528 seconds .

========================================================================
Received Import Request.
  Time since last request: 7.903380 seconds.
  path: Assets/Prefabs/Good 3.prefab
  artifactKey: Guid(50004adc15ec7eb458bd6bd30fec1d1e) Importer(815301076,1909f56bfc062723c751e8b465ee728b)
Start importing Assets/Prefabs/Good 3.prefab using Guid(50004adc15ec7eb458bd6bd30fec1d1e) Importer(815301076,1909f56bfc062723c751e8b465ee728b)  -> (artifact id: 'cc4a4e28769d01588b3be6f325af89f8') in 0.015875 seconds
  Import took 0.019357 seconds .

========================================================================
Received Import Request.
  Time since last request: 4.949238 seconds.
  path: Assets/Prefabs/Bad 1.prefab
  artifactKey: Guid(4598eeece20d1cc419a75f686bcfb9d5) Importer(815301076,1909f56bfc062723c751e8b465ee728b)
Start importing Assets/Prefabs/Bad 1.prefab using Guid(4598eeece20d1cc419a75f686bcfb9d5) Importer(815301076,1909f56bfc062723c751e8b465ee728b)  -> (artifact id: '31ef7fe6879124294c41eebab5fe3937') in 0.015542 seconds
  Import took 0.018387 seconds .

========================================================================
Received Prepare
Registering precompiled user dll's ...
Registered in 0.000891 seconds.
Begin MonoManager ReloadAssembly
Native extension for Lumin target not found
Native extension for LinuxStandalone target not found
Native extension for WindowsStandalone target not found
Native extension for OSXStandalone target not found
Native extension for WebGL target not found
Refreshing native plugins compatible for Editor in 0.22 ms, found 0 plugins.
Preloading 0 native plugins for Editor in 0.00 ms.
Mono: successfully reloaded assembly
- Completed reload, in  1.063 seconds
Platform modules already initialized, skipping
Refreshing native plugins compatible for Editor in 0.25 ms, found 0 plugins.
Preloading 0 native plugins for Editor in 0.00 ms.
Unloading 1159 Unused Serialized files (Serialized files now loaded: 0)
System memory in use before: 63.6 MB.
System memory in use after: 63.1 MB.

Unloading 17 unused Assets to reduce memory usage. Loaded Objects now: 1703.
Total: 2.431900 ms (FindLiveObjects: 0.196200 ms CreateObjectMapping: 0.064100 ms MarkObjects: 1.788200 ms  DeleteObjects: 0.382400 ms)

========================================================================
Received Prepare
Registering precompiled user dll's ...
Registered in 0.000553 seconds.
Begin MonoManager ReloadAssembly
Native extension for Lumin target not found
Native extension for LinuxStandalone target not found
Native extension for WindowsStandalone target not found
Native extension for OSXStandalone target not found
Native extension for WebGL target not found
Refreshing native plugins compatible for Editor in 0.43 ms, found 0 plugins.
Preloading 0 native plugins for Editor in 0.00 ms.
Mono: successfully reloaded assembly
- Completed reload, in  1.093 seconds
Platform modules already initialized, skipping
Refreshing native plugins compatible for Editor in 0.27 ms, found 0 plugins.
Preloading 0 native plugins for Editor in 0.00 ms.
Unloading 1159 Unused Serialized files (Serialized files now loaded: 0)
System memory in use before: 63.6 MB.
System memory in use after: 63.1 MB.

Unloading 17 unused Assets to reduce memory usage. Loaded Objects now: 1706.
Total: 2.885600 ms (FindLiveObjects: 0.309200 ms CreateObjectMapping: 0.123800 ms MarkObjects: 2.104000 ms  DeleteObjects: 0.346700 ms)

========================================================================
Received Import Request.
  Time since last request: 180.551995 seconds.
  path: Assets/Prefabs/Good 1.prefab
  artifactKey: Guid(b07e7626753bc204dbc54d0a4b4340c2) Importer(815301076,1909f56bfc062723c751e8b465ee728b)
Start importing Assets/Prefabs/Good 1.prefab using Guid(b07e7626753bc204dbc54d0a4b4340c2) Importer(815301076,1909f56bfc062723c751e8b465ee728b)  -> (artifact id: '7e1ac9cb1bafbe746f919eeb278b097b') in 0.060466 seconds
  Import took 0.085808 seconds .

========================================================================
Received Import Request.
  Time since last request: 0.000340 seconds.
  path: Assets/Prefabs/Good 3.prefab
  artifactKey: Guid(50004adc15ec7eb458bd6bd30fec1d1e) Importer(815301076,1909f56bfc062723c751e8b465ee728b)
Start importing Assets/Prefabs/Good 3.prefab using Guid(50004adc15ec7eb458bd6bd30fec1d1e) Importer(815301076,1909f56bfc062723c751e8b465ee728b)  -> (artifact id: '17fff55b48e3eff204de1451af1c6f3a') in 0.010866 seconds
  Import took 0.012868 seconds .

========================================================================
Received Import Request.
  Time since last request: 0.000299 seconds.
  path: Assets/Prefabs/Bad 1.prefab
  artifactKey: Guid(4598eeece20d1cc419a75f686bcfb9d5) Importer(815301076,1909f56bfc062723c751e8b465ee728b)
Start importing Assets/Prefabs/Bad 1.prefab using Guid(4598eeece20d1cc419a75f686bcfb9d5) Importer(815301076,1909f56bfc062723c751e8b465ee728b)  -> (artifact id: '0be7b61ca45a79560d03ce78fa55be83') in 0.019617 seconds
  Import took 0.022246 seconds .

========================================================================
Received Import Request.
  Time since last request: 0.000303 seconds.
  path: Assets/Prefabs/Good 2.prefab
  artifactKey: Guid(4e0d07f3e850ecb42a6d7c16baf07e2e) Importer(815301076,1909f56bfc062723c751e8b465ee728b)
Start importing Assets/Prefabs/Good 2.prefab using Guid(4e0d07f3e850ecb42a6d7c16baf07e2e) Importer(815301076,1909f56bfc062723c751e8b465ee728b)  -> (artifact id: '08ee965efe21bca2ee7e8bc9aef611dc') in 0.010870 seconds
  Import took 0.013126 seconds .

========================================================================
Received Import Request.
  Time since last request: 4.589388 seconds.
  path: Assets/Course Library/Particles/Explosion_Black.prefab
  artifactKey: Guid(c7ad2532a6eeb40b59033c75e71fa054) Importer(815301076,1909f56bfc062723c751e8b465ee728b)
Start importing Assets/Course Library/Particles/Explosion_Black.prefab using Guid(c7ad2532a6eeb40b59033c75e71fa054) Importer(815301076,1909f56bfc062723c751e8b465ee728b)  -> (artifact id: 'fbd4610d4c14782ef731deea2eb210b3') in 0.050093 seconds
  Import took 0.053371 seconds .

========================================================================
Received Import Request.
  Time since last request: 0.000377 seconds.
  path: Assets/Course Library/Particles/Explosion_Grey.prefab
  artifactKey: Guid(ac10190cf200c4f7e881ca8e41d3d760) Importer(815301076,1909f56bfc062723c751e8b465ee728b)
Start importing Assets/Course Library/Particles/Explosion_Grey.prefab using Guid(ac10190cf200c4f7e881ca8e41d3d760) Importer(815301076,1909f56bfc062723c751e8b465ee728b)  -> (artifact id: '5b2d207c97f062a55fd0d6603d98fd51') in 0.010563 seconds
  Import took 0.013419 seconds .

========================================================================
Received Import Request.
  Time since last request: 0.000646 seconds.
  path: Assets/Course Library/Particles/Explosion_Brown.prefab
  artifactKey: Guid(70a1428e5f80a4866a779ef1ab9fe521) Importer(815301076,1909f56bfc062723c751e8b465ee728b)
Start importing Assets/Course Library/Particles/Explosion_Brown.prefab using Guid(70a1428e5f80a4866a779ef1ab9fe521) Importer(815301076,1909f56bfc062723c751e8b465ee728b)  -> (artifact id: '738d4aa0df30ef67cc94c4e85d3f262a') in 0.009536 seconds
  Import took 0.012409 seconds .

========================================================================
Received Import Request.
  Time since last request: 0.000272 seconds.
  path: Assets/Course Library/Particles/Explosion_Orange.prefab
  artifactKey: Guid(ec46c8c4a3cbc429382ee48bd9169b45) Importer(815301076,1909f56bfc062723c751e8b465ee728b)
Start importing Assets/Course Library/Particles/Explosion_Orange.prefab using Guid(ec46c8c4a3cbc429382ee48bd9169b45) Importer(815301076,1909f56bfc062723c751e8b465ee728b)  -> (artifact id: '25f85196bb80dd79a5061b0d718a23cd') in 0.009509 seconds
  Import took 0.012311 seconds .

========================================================================
Received Import Request.
  Time since last request: 0.000311 seconds.
  path: Assets/Course Library/Particles/Explosion_Blue.prefab
  artifactKey: Guid(743ce290c74ae49c19aa3f128322fc7e) Importer(815301076,1909f56bfc062723c751e8b465ee728b)
Start importing Assets/Course Library/Particles/Explosion_Blue.prefab using Guid(743ce290c74ae49c19aa3f128322fc7e) Importer(815301076,1909f56bfc062723c751e8b465ee728b)  -> (artifact id: 'cd702499fba5674d3034f5dbb169f256') in 0.009430 seconds
  Import took 0.012377 seconds .

========================================================================
Received Import Request.
  Time since last request: 0.000318 seconds.
  path: Assets/Course Library/Particles/Explosion_Green.prefab
  artifactKey: Guid(6cbc21f5e9162483993a2b84b14d5ac8) Importer(815301076,1909f56bfc062723c751e8b465ee728b)
Start importing Assets/Course Library/Particles/Explosion_Green.prefab using Guid(6cbc21f5e9162483993a2b84b14d5ac8) Importer(815301076,1909f56bfc062723c751e8b465ee728b)  -> (artifact id: 'b3dadf9e59c1cbf787b84aaffdf056e1') in 0.010584 seconds
  Import took 0.013097 seconds .

========================================================================
Received Import Request.
  Time since last request: 2.293453 seconds.
  path: Assets/Course Library/Particles/Explosion_Pink.prefab
  artifactKey: Guid(7b4191607aae74c0ab244a8d6e48adbf) Importer(815301076,1909f56bfc062723c751e8b465ee728b)
Start importing Assets/Course Library/Particles/Explosion_Pink.prefab using Guid(7b4191607aae74c0ab244a8d6e48adbf) Importer(815301076,1909f56bfc062723c751e8b465ee728b)  -> (artifact id: '33720400d0a1d5807692b0d49ea185dd') in 0.010807 seconds
  Import took 0.013830 seconds .

========================================================================
Received Import Request.
  Time since last request: 0.000362 seconds.
  path: Assets/Course Library/Particles/Explosion_Purple.prefab
  artifactKey: Guid(ef43e5aef41c142fb85a7658a397dc75) Importer(815301076,1909f56bfc062723c751e8b465ee728b)
Start importing Assets/Course Library/Particles/Explosion_Purple.prefab using Guid(ef43e5aef41c142fb85a7658a397dc75) Importer(815301076,1909f56bfc062723c751e8b465ee728b)  -> (artifact id: 'e232a7ec081e30a050720feacc47d22a') in 0.010088 seconds
  Import took 0.012416 seconds .

========================================================================
Received Import Request.
  Time since last request: 0.000514 seconds.
  path: Assets/Course Library/Particles/Explosion_Red.prefab
  artifactKey: Guid(745208c9d6e104225bd99e1ab894e3bb) Importer(815301076,1909f56bfc062723c751e8b465ee728b)
Start importing Assets/Course Library/Particles/Explosion_Red.prefab using Guid(745208c9d6e104225bd99e1ab894e3bb) Importer(815301076,1909f56bfc062723c751e8b465ee728b)  -> (artifact id: '18372bbc4c275cb952e2b43461094680') in 0.011918 seconds
  Import took 0.014666 seconds .

========================================================================
Received Import Request.
  Time since last request: 0.000299 seconds.
  path: Assets/Course Library/Particles/Explosion_Pink.prefab
  artifactKey: Guid(7b4191607aae74c0ab244a8d6e48adbf) Importer(815301076,1909f56bfc062723c751e8b465ee728b)
Start importing Assets/Course Library/Particles/Explosion_Pink.prefab using Guid(7b4191607aae74c0ab244a8d6e48adbf) Importer(815301076,1909f56bfc062723c751e8b465ee728b)  -> (artifact id: '33720400d0a1d5807692b0d49ea185dd') in 0.004795 seconds
  Import took 0.007956 seconds .

========================================================================
Received Import Request.
  Time since last request: 0.000306 seconds.
  path: Assets/Course Library/Particles/Explosion_Yellow.prefab
  artifactKey: Guid(307229a5540374aae98859caad2128a3) Importer(815301076,1909f56bfc062723c751e8b465ee728b)
Start importing Assets/Course Library/Particles/Explosion_Yellow.prefab using Guid(307229a5540374aae98859caad2128a3) Importer(815301076,1909f56bfc062723c751e8b465ee728b)  -> (artifact id: '37494daffba474ff10741c4891d9c613') in 0.010480 seconds
  Import took 0.013885 seconds .

========================================================================
Received Import Request.
  Time since last request: 28.142122 seconds.
  path: Assets/Prefabs/Bad 1.prefab
  artifactKey: Guid(4598eeece20d1cc419a75f686bcfb9d5) Importer(815301076,1909f56bfc062723c751e8b465ee728b)
Start importing Assets/Prefabs/Bad 1.prefab using Guid(4598eeece20d1cc419a75f686bcfb9d5) Importer(815301076,1909f56bfc062723c751e8b465ee728b)  -> (artifact id: '6a29bd3d917fbc7e9fceada2d55864a3') in 0.018506 seconds
  Import took 0.022385 seconds .

========================================================================
Received Import Request.
  Time since last request: 22.264312 seconds.
  path: Assets/Prefabs/Good 1.prefab
  artifactKey: Guid(b07e7626753bc204dbc54d0a4b4340c2) Importer(815301076,1909f56bfc062723c751e8b465ee728b)
Start importing Assets/Prefabs/Good 1.prefab using Guid(b07e7626753bc204dbc54d0a4b4340c2) Importer(815301076,1909f56bfc062723c751e8b465ee728b)  -> (artifact id: 'b147cf1aaabb5689a9e0396b6f619c15') in 0.011190 seconds
  Import took 0.013715 seconds .

========================================================================
Received Import Request.
  Time since last request: 10.610506 seconds.
  path: Assets/Prefabs/Good 2.prefab
  artifactKey: Guid(4e0d07f3e850ecb42a6d7c16baf07e2e) Importer(815301076,1909f56bfc062723c751e8b465ee728b)
Start importing Assets/Prefabs/Good 2.prefab using Guid(4e0d07f3e850ecb42a6d7c16baf07e2e) Importer(815301076,1909f56bfc062723c751e8b465ee728b)  -> (artifact id: 'ec08fd5f0340b8f9be9c8dfc0cf313bc') in 0.012735 seconds
  Import took 0.016400 seconds .

========================================================================
Received Import Request.
  Time since last request: 15.432621 seconds.
  path: Assets/Prefabs/Good 3.prefab
  artifactKey: Guid(50004adc15ec7eb458bd6bd30fec1d1e) Importer(815301076,1909f56bfc062723c751e8b465ee728b)
Start importing Assets/Prefabs/Good 3.prefab using Guid(50004adc15ec7eb458bd6bd30fec1d1e) Importer(815301076,1909f56bfc062723c751e8b465ee728b)  -> (artifact id: 'b77a673166f73041865f8c4872ebdf78') in 0.015195 seconds
  Import took 0.017403 seconds .

========================================================================
Received Prepare
Registering precompiled user dll's ...
Registered in 0.000770 seconds.
Begin MonoManager ReloadAssembly
Native extension for Lumin target not found
Native extension for LinuxStandalone target not found
Native extension for WindowsStandalone target not found
Native extension for OSXStandalone target not found
Native extension for WebGL target not found
Refreshing native plugins compatible for Editor in 0.25 ms, found 0 plugins.
Preloading 0 native plugins for Editor in 0.00 ms.
Mono: successfully reloaded assembly
- Completed reload, in  1.080 seconds
Platform modules already initialized, skipping
Refreshing native plugins compatible for Editor in 0.45 ms, found 0 plugins.
Preloading 0 native plugins for Editor in 0.00 ms.
Unloading 1159 Unused Serialized files (Serialized files now loaded: 0)
System memory in use before: 63.7 MB.
System memory in use after: 63.1 MB.

Unloading 17 unused Assets to reduce memory usage. Loaded Objects now: 1711.
Total: 2.702400 ms (FindLiveObjects: 0.171600 ms CreateObjectMapping: 0.043300 ms MarkObjects: 2.134500 ms  DeleteObjects: 0.351900 ms)

========================================================================
Received Prepare
Registering precompiled user dll's ...
Registered in 0.000554 seconds.
Begin MonoManager ReloadAssembly
Native extension for Lumin target not found
Native extension for LinuxStandalone target not found
Native extension for WindowsStandalone target not found
Native extension for OSXStandalone target not found
Native extension for WebGL target not found
Refreshing native plugins compatible for Editor in 0.23 ms, found 0 plugins.
Preloading 0 native plugins for Editor in 0.00 ms.
Mono: successfully reloaded assembly
- Completed reload, in  0.945 seconds
Platform modules already initialized, skipping
Refreshing native plugins compatible for Editor in 0.25 ms, found 0 plugins.
Preloading 0 native plugins for Editor in 0.00 ms.
Unloading 1159 Unused Serialized files (Serialized files now loaded: 0)
System memory in use before: 63.7 MB.
System memory in use after: 63.1 MB.

Unloading 17 unused Assets to reduce memory usage. Loaded Objects now: 1714.
Total: 2.660500 ms (FindLiveObjects: 0.136400 ms CreateObjectMapping: 0.034400 ms MarkObjects: 2.157800 ms  DeleteObjects: 0.330800 ms)

========================================================================
Received Prepare
Registering precompiled user dll's ...
Registered in 0.000596 seconds.
Begin MonoManager ReloadAssembly
Native extension for Lumin target not found
Native extension for LinuxStandalone target not found
Native extension for WindowsStandalone target not found
Native extension for OSXStandalone target not found
Native extension for WebGL target not found
Refreshing native plugins compatible for Editor in 0.45 ms, found 0 plugins.
Preloading 0 native plugins for Editor in 0.00 ms.
Mono: successfully reloaded assembly
- Completed reload, in  1.090 seconds
Platform modules already initialized, skipping
Refreshing native plugins compatible for Editor in 0.40 ms, found 0 plugins.
Preloading 0 native plugins for Editor in 0.00 ms.
Unloading 1159 Unused Serialized files (Serialized files now loaded: 0)
System memory in use before: 63.7 MB.
System memory in use after: 63.1 MB.

Unloading 17 unused Assets to reduce memory usage. Loaded Objects now: 1717.
Total: 2.423200 ms (FindLiveObjects: 0.165200 ms CreateObjectMapping: 0.046400 ms MarkObjects: 1.857400 ms  DeleteObjects: 0.353400 ms)

========================================================================
Received Prepare
Registering precompiled user dll's ...
Registered in 0.000882 seconds.
Begin MonoManager ReloadAssembly
Native extension for Lumin target not found
Native extension for LinuxStandalone target not found
Native extension for WindowsStandalone target not found
Native extension for OSXStandalone target not found
Native extension for WebGL target not found
Refreshing native plugins compatible for Editor in 0.23 ms, found 0 plugins.
Preloading 0 native plugins for Editor in 0.00 ms.
Mono: successfully reloaded assembly
- Completed reload, in  0.969 seconds
Platform modules already initialized, skipping
Refreshing native plugins compatible for Editor in 0.34 ms, found 0 plugins.
Preloading 0 native plugins for Editor in 0.00 ms.
Unloading 1159 Unused Serialized files (Serialized files now loaded: 0)
System memory in use before: 63.7 MB.
System memory in use after: 63.1 MB.

Unloading 17 unused Assets to reduce memory usage. Loaded Objects now: 1720.
Total: 2.862300 ms (FindLiveObjects: 0.146200 ms CreateObjectMapping: 0.033500 ms MarkObjects: 2.289500 ms  DeleteObjects: 0.391700 ms)

========================================================================
Received Import Request.
  Time since last request: 889.209871 seconds.
  path: ProjectSettings/TagManager.asset
  artifactKey: Guid(00000000000000003000000000000000) Importer(815301076,1909f56bfc062723c751e8b465ee728b)
Start importing ProjectSettings/TagManager.asset using Guid(00000000000000003000000000000000) Importer(815301076,1909f56bfc062723c751e8b465ee728b)  -> (artifact id: 'ce6a35c3cddc746e7501c0bd0ed6d4ce') in 0.019887 seconds
  Import took 0.022372 seconds .

========================================================================
Received Import Request.
  Time since last request: 0.003122 seconds.
  path: ProjectSettings/TagManager.asset
  artifactKey: Guid(00000000000000003000000000000000) Importer(815301076,1909f56bfc062723c751e8b465ee728b)
Start importing ProjectSettings/TagManager.asset using Guid(00000000000000003000000000000000) Importer(815301076,1909f56bfc062723c751e8b465ee728b)  -> (artifact id: 'ce6a35c3cddc746e7501c0bd0ed6d4ce') in 0.003216 seconds
  Import took 0.005783 seconds .

========================================================================
Received Import Request.
  Time since last request: 10.114029 seconds.
  path: Assets/Prefabs/Bad 1.prefab
  artifactKey: Guid(4598eeece20d1cc419a75f686bcfb9d5) Importer(815301076,1909f56bfc062723c751e8b465ee728b)
Start importing Assets/Prefabs/Bad 1.prefab using Guid(4598eeece20d1cc419a75f686bcfb9d5) Importer(815301076,1909f56bfc062723c751e8b465ee728b)  -> (artifact id: '5413753d185995e31fac4e01ea18e979') in 0.080296 seconds
  Import took 0.083135 seconds .

========================================================================
Received Prepare
Registering precompiled user dll's ...
Registered in 0.000604 seconds.
Begin MonoManager ReloadAssembly
Native extension for Lumin target not found
Native extension for LinuxStandalone target not found
Native extension for WindowsStandalone target not found
Native extension for OSXStandalone target not found
Native extension for WebGL target not found
Refreshing native plugins compatible for Editor in 0.22 ms, found 0 plugins.
Preloading 0 native plugins for Editor in 0.00 ms.
Mono: successfully reloaded assembly
- Completed reload, in  1.009 seconds
Platform modules already initialized, skipping
Refreshing native plugins compatible for Editor in 0.29 ms, found 0 plugins.
Preloading 0 native plugins for Editor in 0.00 ms.
Unloading 1159 Unused Serialized files (Serialized files now loaded: 0)
System memory in use before: 63.7 MB.
System memory in use after: 63.2 MB.

Unloading 19 unused Assets to reduce memory usage. Loaded Objects now: 1724.
Total: 3.452300 ms (FindLiveObjects: 0.622900 ms CreateObjectMapping: 0.061100 ms MarkObjects: 2.391300 ms  DeleteObjects: 0.373800 ms)

========================================================================
Received Prepare
Registering precompiled user dll's ...
Registered in 0.000629 seconds.
Begin MonoManager ReloadAssembly
Native extension for Lumin target not found
Native extension for LinuxStandalone target not found
Native extension for WindowsStandalone target not found
Native extension for OSXStandalone target not found
Native extension for WebGL target not found
Refreshing native plugins compatible for Editor in 0.32 ms, found 0 plugins.
Preloading 0 native plugins for Editor in 0.00 ms.
Mono: successfully reloaded assembly
- Completed reload, in  1.195 seconds
Platform modules already initialized, skipping
Refreshing native plugins compatible for Editor in 0.29 ms, found 0 plugins.
Preloading 0 native plugins for Editor in 0.00 ms.
Unloading 1159 Unused Serialized files (Serialized files now loaded: 0)
System memory in use before: 63.7 MB.
System memory in use after: 63.2 MB.

Unloading 17 unused Assets to reduce memory usage. Loaded Objects now: 1727.
Total: 2.677100 ms (FindLiveObjects: 0.164500 ms CreateObjectMapping: 0.032700 ms MarkObjects: 1.989300 ms  DeleteObjects: 0.489300 ms)

========================================================================
Received Prepare
Registering precompiled user dll's ...
Registered in 0.000594 seconds.
Begin MonoManager ReloadAssembly
Native extension for Lumin target not found
Native extension for LinuxStandalone target not found
Native extension for WindowsStandalone target not found
Native extension for OSXStandalone target not found
Native extension for WebGL target not found
Refreshing native plugins compatible for Editor in 0.24 ms, found 0 plugins.
Preloading 0 native plugins for Editor in 0.00 ms.
Mono: successfully reloaded assembly
- Completed reload, in  1.175 seconds
Platform modules already initialized, skipping
Refreshing native plugins compatible for Editor in 0.26 ms, found 0 plugins.
Preloading 0 native plugins for Editor in 0.00 ms.
Unloading 1159 Unused Serialized files (Serialized files now loaded: 0)
System memory in use before: 63.7 MB.
System memory in use after: 63.2 MB.

Unloading 17 unused Assets to reduce memory usage. Loaded Objects now: 1730.
Total: 2.249500 ms (FindLiveObjects: 0.138400 ms CreateObjectMapping: 0.036100 ms MarkObjects: 1.728300 ms  DeleteObjects: 0.345700 ms)

========================================================================
Received Prepare
Registering precompiled user dll's ...
Registered in 0.000652 seconds.
Begin MonoManager ReloadAssembly
Native extension for Lumin target not found
Native extension for LinuxStandalone target not found
Native extension for WindowsStandalone target not found
Native extension for OSXStandalone target not found
Native extension for WebGL target not found
Refreshing native plugins compatible for Editor in 0.28 ms, found 0 plugins.
Preloading 0 native plugins for Editor in 0.00 ms.
Mono: successfully reloaded assembly
- Completed reload, in  1.024 seconds
Platform modules already initialized, skipping
Refreshing native plugins compatible for Editor in 0.25 ms, found 0 plugins.
Preloading 0 native plugins for Editor in 0.00 ms.
Unloading 1159 Unused Serialized files (Serialized files now loaded: 0)
System memory in use before: 63.7 MB.
System memory in use after: 63.2 MB.

Unloading 17 unused Assets to reduce memory usage. Loaded Objects now: 1733.
Total: 2.706400 ms (FindLiveObjects: 0.137700 ms CreateObjectMapping: 0.038100 ms MarkObjects: 2.094700 ms  DeleteObjects: 0.434500 ms)

========================================================================
Received Prepare
Registering precompiled user dll's ...
Registered in 0.001012 seconds.
Begin MonoManager ReloadAssembly
Native extension for Lumin target not found
Native extension for LinuxStandalone target not found
Native extension for WindowsStandalone target not found
Native extension for OSXStandalone target not found
Native extension for WebGL target not found
Refreshing native plugins compatible for Editor in 0.22 ms, found 0 plugins.
Preloading 0 native plugins for Editor in 0.00 ms.
Mono: successfully reloaded assembly
- Completed reload, in  0.902 seconds
Platform modules already initialized, skipping
Refreshing native plugins compatible for Editor in 0.29 ms, found 0 plugins.
Preloading 0 native plugins for Editor in 0.00 ms.
Unloading 1159 Unused Serialized files (Serialized files now loaded: 0)
System memory in use before: 63.7 MB.
System memory in use after: 63.2 MB.

Unloading 17 unused Assets to reduce memory usage. Loaded Objects now: 1736.
Total: 2.018400 ms (FindLiveObjects: 0.134800 ms CreateObjectMapping: 0.035800 ms MarkObjects: 1.488200 ms  DeleteObjects: 0.358400 ms)

========================================================================
Received Prepare
Registering precompiled user dll's ...
Registered in 0.000587 seconds.
Begin MonoManager ReloadAssembly
Native extension for Lumin target not found
Native extension for LinuxStandalone target not found
Native extension for WindowsStandalone target not found
Native extension for OSXStandalone target not found
Native extension for WebGL target not found
Refreshing native plugins compatible for Editor in 0.24 ms, found 0 plugins.
Preloading 0 native plugins for Editor in 0.00 ms.
Mono: successfully reloaded assembly
- Completed reload, in  0.960 seconds
Platform modules already initialized, skipping
Refreshing native plugins compatible for Editor in 0.25 ms, found 0 plugins.
Preloading 0 native plugins for Editor in 0.00 ms.
Unloading 1159 Unused Serialized files (Serialized files now loaded: 0)
System memory in use before: 63.7 MB.
System memory in use after: 63.2 MB.

Unloading 17 unused Assets to reduce memory usage. Loaded Objects now: 1739.
Total: 2.179400 ms (FindLiveObjects: 0.157100 ms CreateObjectMapping: 0.033100 ms MarkObjects: 1.670300 ms  DeleteObjects: 0.317900 ms)

========================================================================
Received Prepare
Registering precompiled user dll's ...
Registered in 0.000633 seconds.
Begin MonoManager ReloadAssembly
Native extension for Lumin target not found
Native extension for LinuxStandalone target not found
Native extension for WindowsStandalone target not found
Native extension for OSXStandalone target not found
Native extension for WebGL target not found
Refreshing native plugins compatible for Editor in 0.23 ms, found 0 plugins.
Preloading 0 native plugins for Editor in 0.00 ms.
Mono: successfully reloaded assembly
- Completed reload, in  1.042 seconds
Platform modules already initialized, skipping
Refreshing native plugins compatible for Editor in 0.38 ms, found 0 plugins.
Preloading 0 native plugins for Editor in 0.00 ms.
Unloading 1159 Unused Serialized files (Serialized files now loaded: 0)
System memory in use before: 63.7 MB.
System memory in use after: 63.2 MB.

Unloading 17 unused Assets to reduce memory usage. Loaded Objects now: 1742.
Total: 2.433300 ms (FindLiveObjects: 0.144200 ms CreateObjectMapping: 0.038800 ms MarkObjects: 1.761700 ms  DeleteObjects: 0.487300 ms)

========================================================================
Received Prepare
Registering precompiled user dll's ...
Registered in 0.000870 seconds.
Begin MonoManager ReloadAssembly
Native extension for Lumin target not found
Native extension for LinuxStandalone target not found
Native extension for WindowsStandalone target not found
Native extension for OSXStandalone target not found
Native extension for WebGL target not found
Refreshing native plugins compatible for Editor in 0.36 ms, found 0 plugins.
Preloading 0 native plugins for Editor in 0.00 ms.
Mono: successfully reloaded assembly
- Completed reload, in  1.047 seconds
Platform modules already initialized, skipping
Refreshing native plugins compatible for Editor in 0.26 ms, found 0 plugins.
Preloading 0 native plugins for Editor in 0.00 ms.
Unloading 1159 Unused Serialized files (Serialized files now loaded: 0)
System memory in use before: 63.7 MB.
System memory in use after: 63.2 MB.

Unloading 17 unused Assets to reduce memory usage. Loaded Objects now: 1745.
Total: 2.364800 ms (FindLiveObjects: 0.161800 ms CreateObjectMapping: 0.039800 ms MarkObjects: 1.813600 ms  DeleteObjects: 0.348100 ms)

========================================================================
Received Prepare
Registering precompiled user dll's ...
Registered in 0.000946 seconds.
Begin MonoManager ReloadAssembly
Native extension for Lumin target not found
Native extension for LinuxStandalone target not found
Native extension for WindowsStandalone target not found
Native extension for OSXStandalone target not found
Native extension for WebGL target not found
Refreshing native plugins compatible for Editor in 0.22 ms, found 0 plugins.
Preloading 0 native plugins for Editor in 0.00 ms.
Mono: successfully reloaded assembly
- Completed reload, in  0.975 seconds
Platform modules already initialized, skipping
Refreshing native plugins compatible for Editor in 0.25 ms, found 0 plugins.
Preloading 0 native plugins for Editor in 0.00 ms.
Unloading 1159 Unused Serialized files (Serialized files now loaded: 0)
System memory in use before: 63.7 MB.
System memory in use after: 63.2 MB.

Unloading 17 unused Assets to reduce memory usage. Loaded Objects now: 1748.
Total: 2.325600 ms (FindLiveObjects: 0.150300 ms CreateObjectMapping: 0.032700 ms MarkObjects: 1.773200 ms  DeleteObjects: 0.368600 ms)

========================================================================
Received Prepare
Registering precompiled user dll's ...
Registered in 0.000883 seconds.
Begin MonoManager ReloadAssembly
Native extension for Lumin target not found
Native extension for LinuxStandalone target not found
Native extension for WindowsStandalone target not found
Native extension for OSXStandalone target not found
Native extension for WebGL target not found
Refreshing native plugins compatible for Editor in 0.22 ms, found 0 plugins.
Preloading 0 native plugins for Editor in 0.00 ms.
Mono: successfully reloaded assembly
- Completed reload, in  1.003 seconds
Platform modules already initialized, skipping
Refreshing native plugins compatible for Editor in 0.32 ms, found 0 plugins.
Preloading 0 native plugins for Editor in 0.00 ms.
Unloading 1159 Unused Serialized files (Serialized files now loaded: 0)
System memory in use before: 63.8 MB.
System memory in use after: 63.3 MB.

Unloading 17 unused Assets to reduce memory usage. Loaded Objects now: 1751.
Total: 2.812000 ms (FindLiveObjects: 0.230600 ms CreateObjectMapping: 0.047400 ms MarkObjects: 2.120900 ms  DeleteObjects: 0.411700 ms)

========================================================================
Received Prepare
Registering precompiled user dll's ...
Registered in 0.000742 seconds.
Begin MonoManager ReloadAssembly
Native extension for Lumin target not found
Native extension for LinuxStandalone target not found
Native extension for WindowsStandalone target not found
Native extension for OSXStandalone target not found
Native extension for WebGL target not found
Refreshing native plugins compatible for Editor in 0.23 ms, found 0 plugins.
Preloading 0 native plugins for Editor in 0.00 ms.
Mono: successfully reloaded assembly
- Completed reload, in  1.008 seconds
Platform modules already initialized, skipping
Refreshing native plugins compatible for Editor in 0.24 ms, found 0 plugins.
Preloading 0 native plugins for Editor in 0.00 ms.
Unloading 1159 Unused Serialized files (Serialized files now loaded: 0)
System memory in use before: 63.8 MB.
System memory in use after: 63.3 MB.

Unloading 17 unused Assets to reduce memory usage. Loaded Objects now: 1754.
Total: 2.416400 ms (FindLiveObjects: 0.151800 ms CreateObjectMapping: 0.035700 ms MarkObjects: 1.867200 ms  DeleteObjects: 0.360500 ms)

