Using pre-set license
Built from '2020.3/staging' branch; Version is '2020.3.9f1 (108be757e447) revision 1084391'; Using compiler version '192528614'; Build Type 'Release'
OS: 'Windows 10 Home Single Language; OS build 19042.985; Version 2009; 64bit' Language: 'en' Physical Memory: 16340 MB
BatchMode: 1, IsHumanControllingUs: 0, StartBugReporterOnCrash: 0, Is64bit: 1, IsPro: 0

 COMMAND LINE ARGUMENTS:
D:\Unity\2020.3.9f1\Editor\Unity.exe
-adb2
-batchMode
-noUpm
-name
AssetImportWorker0
-projectPath
C:/Users/Amirhossein/Desktop/Create wtih Code/Mod the Cube
-logFile
Logs/AssetImportWorker0.log
-srvPort
54472
Successfully changed project path to: C:/Users/Amirhossein/Desktop/Create wtih Code/Mod the Cube
C:/Users/Amirhossein/Desktop/Create wtih Code/Mod the Cube
Using Asset Import Pipeline V2.
Refreshing native plugins compatible for Editor in 30.27 ms, found 0 plugins.
Preloading 0 native plugins for Editor in 0.00 ms.
Initialize engine version: 2020.3.9f1 (108be757e447)
[Subsystems] Discovering subsystems at path D:/Unity/2020.3.9f1/Editor/Data/Resources/UnitySubsystems
[Subsystems] Discovering subsystems at path C:/Users/Amirhossein/Desktop/Create wtih Code/Mod the Cube/Assets
GfxDevice: creating device client; threaded=0
Direct3D:
    Version:  Direct3D 11.0 [level 11.1]
    Renderer: NVIDIA GeForce GTX 1070 (ID=0x1be1)
    Vendor:   
    VRAM:     8081 MB
    Driver:   27.21.14.6611
Initialize mono
Mono path[0] = 'D:/Unity/2020.3.9f1/Editor/Data/Managed'
Mono path[1] = 'D:/Unity/2020.3.9f1/Editor/Data/MonoBleedingEdge/lib/mono/unityjit'
Mono config path = 'D:/Unity/2020.3.9f1/Editor/Data/MonoBleedingEdge/etc'
Using monoOptions --debugger-agent=transport=dt_socket,embedding=1,server=y,suspend=n,address=127.0.0.1:56836
Begin MonoManager ReloadAssembly
Registering precompiled unity dll's ...
Register platform support module: D:/Unity/2020.3.9f1/Editor/Data/PlaybackEngines/WebGLSupport/UnityEditor.WebGL.Extensions.dll
Register platform support module: D:/Unity/2020.3.9f1/Editor/Data/PlaybackEngines/MacStandaloneSupport/UnityEditor.OSXStandalone.Extensions.dll
Register platform support module: D:/Unity/2020.3.9f1/Editor/Data/PlaybackEngines/WindowsStandaloneSupport/UnityEditor.WindowsStandalone.Extensions.dll
Register platform support module: D:/Unity/2020.3.9f1/Editor/Data/PlaybackEngines/LinuxStandaloneSupport/UnityEditor.LinuxStandalone.Extensions.dll
Register platform support module: D:/Unity/2020.3.9f1/Editor/Data/PlaybackEngines/LuminSupport/UnityEditor.Lumin.Extensions.dll
Registered in 0.001875 seconds.
Native extension for Lumin target not found
Native extension for LinuxStandalone target not found
Native extension for WindowsStandalone target not found
Native extension for OSXStandalone target not found
Native extension for WebGL target not found
Refreshing native plugins compatible for Editor in 32.38 ms, found 0 plugins.
Preloading 0 native plugins for Editor in 0.00 ms.
Mono: successfully reloaded assembly
- Completed reload, in  1.273 seconds
Platform modules already initialized, skipping
Registering precompiled user dll's ...
Registered in 0.001381 seconds.
Begin MonoManager ReloadAssembly
Native extension for Lumin target not found
Native extension for LinuxStandalone target not found
Native extension for WindowsStandalone target not found
Native extension for OSXStandalone target not found
Native extension for WebGL target not found
Refreshing native plugins compatible for Editor in 0.24 ms, found 0 plugins.
Preloading 0 native plugins for Editor in 0.00 ms.
Mono: successfully reloaded assembly
- Completed reload, in  1.123 seconds
Platform modules already initialized, skipping
========================================================================
Worker process is ready to serve import requests
Launched and connected shader compiler UnityShaderCompiler.exe after 0.11 seconds
Refreshing native plugins compatible for Editor in 0.31 ms, found 0 plugins.
Preloading 0 native plugins for Editor in 0.00 ms.
Unloading 1116 Unused Serialized files (Serialized files now loaded: 0)
System memory in use before: 57.1 MB.
System memory in use after: 57.1 MB.

Unloading 10 unused Assets to reduce memory usage. Loaded Objects now: 1558.
Total: 2.288200 ms (FindLiveObjects: 0.166200 ms CreateObjectMapping: 0.070200 ms MarkObjects: 1.924000 ms  DeleteObjects: 0.126600 ms)

========================================================================
Received Import Request.
  path: Assets/ModTheCube/CubeMaterial.mat
  artifactKey: Guid(43c77bc8732f73549bbea53d7549e5d5) Importer(815301076,1909f56bfc062723c751e8b465ee728b)
Start importing Assets/ModTheCube/CubeMaterial.mat using Guid(43c77bc8732f73549bbea53d7549e5d5) Importer(815301076,1909f56bfc062723c751e8b465ee728b)  -> (artifact id: '71614b74994f5565d78106d2e92e0b8c') in 1.024660 seconds
  Import took 1.028015 seconds .

========================================================================
Received Import Request.
  Time since last request: 0.000284 seconds.
  path: Assets/ModTheCube
  artifactKey: Guid(ca13a698266a05246bb7c1692af5b3f8) Importer(815301076,1909f56bfc062723c751e8b465ee728b)
Start importing Assets/ModTheCube using Guid(ca13a698266a05246bb7c1692af5b3f8) Importer(815301076,1909f56bfc062723c751e8b465ee728b)  -> (artifact id: '29a602dba25864c75a91c289d924e341') in 0.012207 seconds
  Import took 0.016385 seconds .

========================================================================
Received Import Request.
  Time since last request: 0.000955 seconds.
  path: Assets/Scenes
  artifactKey: Guid(feefdbb36359f0a47a5b364db16bd282) Importer(815301076,1909f56bfc062723c751e8b465ee728b)
Start importing Assets/Scenes using Guid(feefdbb36359f0a47a5b364db16bd282) Importer(815301076,1909f56bfc062723c751e8b465ee728b)  -> (artifact id: '86661cb4b9ed2d39428ed71922df6bfc') in 0.014311 seconds
  Import took 0.020192 seconds .

========================================================================
Received Import Request.
  Time since last request: 8.419672 seconds.
  path: Assets/ModTheCube/Scene.unity
  artifactKey: Guid(0837f2ea600db39419ef0a366d70b9de) Importer(815301076,1909f56bfc062723c751e8b465ee728b)
Start importing Assets/ModTheCube/Scene.unity using Guid(0837f2ea600db39419ef0a366d70b9de) Importer(815301076,1909f56bfc062723c751e8b465ee728b)  -> (artifact id: 'a920629c3496aa6bbd4099a8ac3117d4') in 0.010194 seconds
  Import took 0.012617 seconds .

========================================================================
Received Prepare
Registering precompiled user dll's ...
Registered in 0.000929 seconds.
Begin MonoManager ReloadAssembly
Native extension for Lumin target not found
Native extension for LinuxStandalone target not found
Native extension for WindowsStandalone target not found
Native extension for OSXStandalone target not found
Native extension for WebGL target not found
Refreshing native plugins compatible for Editor in 0.37 ms, found 0 plugins.
Preloading 0 native plugins for Editor in 0.00 ms.
Mono: successfully reloaded assembly
- Completed reload, in  1.265 seconds
Platform modules already initialized, skipping
Refreshing native plugins compatible for Editor in 0.35 ms, found 0 plugins.
Preloading 0 native plugins for Editor in 0.00 ms.
Unloading 1111 Unused Serialized files (Serialized files now loaded: 0)
System memory in use before: 60.4 MB.
System memory in use after: 60.4 MB.

Unloading 5 unused Assets to reduce memory usage. Loaded Objects now: 1601.
Total: 2.148800 ms (FindLiveObjects: 0.204300 ms CreateObjectMapping: 0.077300 ms MarkObjects: 1.819000 ms  DeleteObjects: 0.046600 ms)

========================================================================
Received Import Request.
  Time since last request: 103.861527 seconds.
  path: Assets/ModTheCube/Cube.cs
  artifactKey: Guid(803ae8246b6a6aa4aa499bb276296282) Importer(815301076,1909f56bfc062723c751e8b465ee728b)
Start importing Assets/ModTheCube/Cube.cs using Guid(803ae8246b6a6aa4aa499bb276296282) Importer(815301076,1909f56bfc062723c751e8b465ee728b)  -> (artifact id: '0a4cd10839337c5c3f25c782348d77b2') in 0.025750 seconds
  Import took 0.028630 seconds .

========================================================================
Received Import Request.
  Time since last request: 0.002250 seconds.
  path: Assets/ModTheCube/Cube.cs
  artifactKey: Guid(803ae8246b6a6aa4aa499bb276296282) Importer(815301076,1909f56bfc062723c751e8b465ee728b)
Start importing Assets/ModTheCube/Cube.cs using Guid(803ae8246b6a6aa4aa499bb276296282) Importer(815301076,1909f56bfc062723c751e8b465ee728b)  -> (artifact id: '0a4cd10839337c5c3f25c782348d77b2') in 0.003372 seconds
  Import took 0.006026 seconds .

========================================================================
Received Prepare
Registering precompiled user dll's ...
Registered in 0.000829 seconds.
Begin MonoManager ReloadAssembly
Native extension for Lumin target not found
Native extension for LinuxStandalone target not found
Native extension for WindowsStandalone target not found
Native extension for OSXStandalone target not found
Native extension for WebGL target not found
Refreshing native plugins compatible for Editor in 0.20 ms, found 0 plugins.
Preloading 0 native plugins for Editor in 0.00 ms.
Mono: successfully reloaded assembly
- Completed reload, in  1.041 seconds
Platform modules already initialized, skipping
Refreshing native plugins compatible for Editor in 0.37 ms, found 0 plugins.
Preloading 0 native plugins for Editor in 0.00 ms.
Unloading 1111 Unused Serialized files (Serialized files now loaded: 0)
System memory in use before: 60.4 MB.
System memory in use after: 60.5 MB.

Unloading 5 unused Assets to reduce memory usage. Loaded Objects now: 1604.
Total: 2.338900 ms (FindLiveObjects: 0.226900 ms CreateObjectMapping: 0.084700 ms MarkObjects: 1.934200 ms  DeleteObjects: 0.092300 ms)

========================================================================
Received Import Request.
  Time since last request: 384.392265 seconds.
  path: Assets/ModTheCube/Cube.cs
  artifactKey: Guid(803ae8246b6a6aa4aa499bb276296282) Importer(815301076,1909f56bfc062723c751e8b465ee728b)
Start importing Assets/ModTheCube/Cube.cs using Guid(803ae8246b6a6aa4aa499bb276296282) Importer(815301076,1909f56bfc062723c751e8b465ee728b)  -> (artifact id: 'a3d4136d3b3a650216ba6894db2ef143') in 0.006127 seconds
  Import took 0.008131 seconds .

========================================================================
Received Prepare
Registering precompiled user dll's ...
Registered in 0.000859 seconds.
Begin MonoManager ReloadAssembly
Native extension for Lumin target not found
Native extension for LinuxStandalone target not found
Native extension for WindowsStandalone target not found
Native extension for OSXStandalone target not found
Native extension for WebGL target not found
Refreshing native plugins compatible for Editor in 0.22 ms, found 0 plugins.
Preloading 0 native plugins for Editor in 0.00 ms.
Mono: successfully reloaded assembly
- Completed reload, in  1.003 seconds
Platform modules already initialized, skipping
Refreshing native plugins compatible for Editor in 0.26 ms, found 0 plugins.
Preloading 0 native plugins for Editor in 0.00 ms.
Unloading 1111 Unused Serialized files (Serialized files now loaded: 0)
System memory in use before: 60.4 MB.
System memory in use after: 60.5 MB.

Unloading 5 unused Assets to reduce memory usage. Loaded Objects now: 1607.
Total: 2.098300 ms (FindLiveObjects: 0.142100 ms CreateObjectMapping: 0.030700 ms MarkObjects: 1.834900 ms  DeleteObjects: 0.089500 ms)

========================================================================
Received Prepare
Registering precompiled user dll's ...
Registered in 0.001253 seconds.
Begin MonoManager ReloadAssembly
Native extension for Lumin target not found
Native extension for LinuxStandalone target not found
Native extension for WindowsStandalone target not found
Native extension for OSXStandalone target not found
Native extension for WebGL target not found
Refreshing native plugins compatible for Editor in 0.23 ms, found 0 plugins.
Preloading 0 native plugins for Editor in 0.00 ms.
Mono: successfully reloaded assembly
- Completed reload, in  1.069 seconds
Platform modules already initialized, skipping
Refreshing native plugins compatible for Editor in 0.38 ms, found 0 plugins.
Preloading 0 native plugins for Editor in 0.00 ms.
Unloading 1111 Unused Serialized files (Serialized files now loaded: 0)
System memory in use before: 60.4 MB.
System memory in use after: 60.5 MB.

Unloading 5 unused Assets to reduce memory usage. Loaded Objects now: 1610.
Total: 2.368200 ms (FindLiveObjects: 0.204900 ms CreateObjectMapping: 0.056200 ms MarkObjects: 2.019100 ms  DeleteObjects: 0.086500 ms)

========================================================================
Received Prepare
Registering precompiled user dll's ...
Registered in 0.001122 seconds.
Begin MonoManager ReloadAssembly
Native extension for Lumin target not found
Native extension for LinuxStandalone target not found
Native extension for WindowsStandalone target not found
Native extension for OSXStandalone target not found
Native extension for WebGL target not found
Refreshing native plugins compatible for Editor in 0.21 ms, found 0 plugins.
Preloading 0 native plugins for Editor in 0.00 ms.
Mono: successfully reloaded assembly
- Completed reload, in  1.156 seconds
Platform modules already initialized, skipping
Refreshing native plugins compatible for Editor in 0.27 ms, found 0 plugins.
Preloading 0 native plugins for Editor in 0.00 ms.
Unloading 1111 Unused Serialized files (Serialized files now loaded: 0)
System memory in use before: 60.4 MB.
System memory in use after: 60.5 MB.

Unloading 5 unused Assets to reduce memory usage. Loaded Objects now: 1613.
Total: 1.973800 ms (FindLiveObjects: 0.140100 ms CreateObjectMapping: 0.033600 ms MarkObjects: 1.730800 ms  DeleteObjects: 0.068500 ms)

========================================================================
Received Prepare
Registering precompiled user dll's ...
Registered in 0.001153 seconds.
Begin MonoManager ReloadAssembly
Native extension for Lumin target not found
Native extension for LinuxStandalone target not found
Native extension for WindowsStandalone target not found
Native extension for OSXStandalone target not found
Native extension for WebGL target not found
Refreshing native plugins compatible for Editor in 0.21 ms, found 0 plugins.
Preloading 0 native plugins for Editor in 0.00 ms.
Mono: successfully reloaded assembly
- Completed reload, in  1.027 seconds
Platform modules already initialized, skipping
Refreshing native plugins compatible for Editor in 0.20 ms, found 0 plugins.
Preloading 0 native plugins for Editor in 0.00 ms.
Unloading 1111 Unused Serialized files (Serialized files now loaded: 0)
System memory in use before: 60.4 MB.
System memory in use after: 60.5 MB.

Unloading 5 unused Assets to reduce memory usage. Loaded Objects now: 1616.
Total: 2.888100 ms (FindLiveObjects: 0.116900 ms CreateObjectMapping: 0.034400 ms MarkObjects: 2.646000 ms  DeleteObjects: 0.089600 ms)

========================================================================
Received Prepare
Registering precompiled user dll's ...
Registered in 0.001043 seconds.
Begin MonoManager ReloadAssembly
Native extension for Lumin target not found
Native extension for LinuxStandalone target not found
Native extension for WindowsStandalone target not found
Native extension for OSXStandalone target not found
Native extension for WebGL target not found
Refreshing native plugins compatible for Editor in 0.21 ms, found 0 plugins.
Preloading 0 native plugins for Editor in 0.00 ms.
Mono: successfully reloaded assembly
- Completed reload, in  1.025 seconds
Platform modules already initialized, skipping
Refreshing native plugins compatible for Editor in 0.21 ms, found 0 plugins.
Preloading 0 native plugins for Editor in 0.00 ms.
Unloading 1111 Unused Serialized files (Serialized files now loaded: 0)
System memory in use before: 60.4 MB.
System memory in use after: 60.5 MB.

Unloading 5 unused Assets to reduce memory usage. Loaded Objects now: 1619.
Total: 2.458900 ms (FindLiveObjects: 0.250900 ms CreateObjectMapping: 0.088600 ms MarkObjects: 2.054200 ms  DeleteObjects: 0.063800 ms)

========================================================================
Received Prepare
Registering precompiled user dll's ...
Registered in 0.001342 seconds.
Begin MonoManager ReloadAssembly
Native extension for Lumin target not found
Native extension for LinuxStandalone target not found
Native extension for WindowsStandalone target not found
Native extension for OSXStandalone target not found
Native extension for WebGL target not found
Refreshing native plugins compatible for Editor in 0.20 ms, found 0 plugins.
Preloading 0 native plugins for Editor in 0.00 ms.
Mono: successfully reloaded assembly
- Completed reload, in  1.024 seconds
Platform modules already initialized, skipping
Refreshing native plugins compatible for Editor in 0.24 ms, found 0 plugins.
Preloading 0 native plugins for Editor in 0.00 ms.
Unloading 1111 Unused Serialized files (Serialized files now loaded: 0)
System memory in use before: 60.4 MB.
System memory in use after: 60.5 MB.

Unloading 5 unused Assets to reduce memory usage. Loaded Objects now: 1622.
Total: 2.360900 ms (FindLiveObjects: 0.161600 ms CreateObjectMapping: 0.032800 ms MarkObjects: 2.112900 ms  DeleteObjects: 0.052500 ms)

========================================================================
Received Import Request.
  Time since last request: 382.369330 seconds.
  path: Assets/ModTheCube/Scene.unity
  artifactKey: Guid(0837f2ea600db39419ef0a366d70b9de) Importer(815301076,1909f56bfc062723c751e8b465ee728b)
Start importing Assets/ModTheCube/Scene.unity using Guid(0837f2ea600db39419ef0a366d70b9de) Importer(815301076,1909f56bfc062723c751e8b465ee728b)  -> (artifact id: 'c40e34e28c5861ece77bb9b3708261b6') in 0.017195 seconds
  Import took 0.020184 seconds .

========================================================================
Received Import Request.
  Time since last request: 1.442815 seconds.
  path: Assets/ModTheCube/Cube.cs
  artifactKey: Guid(803ae8246b6a6aa4aa499bb276296282) Importer(815301076,1909f56bfc062723c751e8b465ee728b)
Start importing Assets/ModTheCube/Cube.cs using Guid(803ae8246b6a6aa4aa499bb276296282) Importer(815301076,1909f56bfc062723c751e8b465ee728b)  -> (artifact id: 'ba2fc41d388c6b41e9b2aa7e3af66ce2') in 0.002780 seconds
  Import took 0.004953 seconds .

========================================================================
Received Import Request.
  Time since last request: 0.003371 seconds.
  path: Assets/ModTheCube/Cube.cs
  artifactKey: Guid(803ae8246b6a6aa4aa499bb276296282) Importer(815301076,1909f56bfc062723c751e8b465ee728b)
Start importing Assets/ModTheCube/Cube.cs using Guid(803ae8246b6a6aa4aa499bb276296282) Importer(815301076,1909f56bfc062723c751e8b465ee728b)  -> (artifact id: 'ba2fc41d388c6b41e9b2aa7e3af66ce2') in 0.002892 seconds
  Import took 0.005240 seconds .

========================================================================
Received Prepare
Registering precompiled user dll's ...
Registered in 0.000757 seconds.
Begin MonoManager ReloadAssembly
Native extension for Lumin target not found
Native extension for LinuxStandalone target not found
Native extension for WindowsStandalone target not found
Native extension for OSXStandalone target not found
Native extension for WebGL target not found
Refreshing native plugins compatible for Editor in 0.32 ms, found 0 plugins.
Preloading 0 native plugins for Editor in 0.00 ms.
Mono: successfully reloaded assembly
- Completed reload, in  1.014 seconds
Platform modules already initialized, skipping
Refreshing native plugins compatible for Editor in 0.22 ms, found 0 plugins.
Preloading 0 native plugins for Editor in 0.00 ms.
Unloading 1111 Unused Serialized files (Serialized files now loaded: 0)
System memory in use before: 60.4 MB.
System memory in use after: 60.5 MB.

Unloading 5 unused Assets to reduce memory usage. Loaded Objects now: 1625.
Total: 2.384400 ms (FindLiveObjects: 0.150100 ms CreateObjectMapping: 0.065400 ms MarkObjects: 2.103500 ms  DeleteObjects: 0.064200 ms)

========================================================================
Received Import Request.
  Time since last request: 41.563588 seconds.
  path: Assets/ModTheCube/Cube.cs
  artifactKey: Guid(803ae8246b6a6aa4aa499bb276296282) Importer(815301076,1909f56bfc062723c751e8b465ee728b)
Start importing Assets/ModTheCube/Cube.cs using Guid(803ae8246b6a6aa4aa499bb276296282) Importer(815301076,1909f56bfc062723c751e8b465ee728b)  -> (artifact id: 'ae6d29e83ca1d6c1e2f67a9574a687e1') in 0.004656 seconds
  Import took 0.007369 seconds .

========================================================================
Received Import Request.
  Time since last request: 1.787472 seconds.
  path: Assets/ModTheCube/Cube.cs
  artifactKey: Guid(803ae8246b6a6aa4aa499bb276296282) Importer(815301076,1909f56bfc062723c751e8b465ee728b)
Start importing Assets/ModTheCube/Cube.cs using Guid(803ae8246b6a6aa4aa499bb276296282) Importer(815301076,1909f56bfc062723c751e8b465ee728b)  -> (artifact id: 'ae6d29e83ca1d6c1e2f67a9574a687e1') in 0.003560 seconds
  Import took 0.006779 seconds .

========================================================================
Received Prepare
Registering precompiled user dll's ...
Registered in 0.000748 seconds.
Begin MonoManager ReloadAssembly
Native extension for Lumin target not found
Native extension for LinuxStandalone target not found
Native extension for WindowsStandalone target not found
Native extension for OSXStandalone target not found
Native extension for WebGL target not found
Refreshing native plugins compatible for Editor in 0.81 ms, found 0 plugins.
Preloading 0 native plugins for Editor in 0.00 ms.
Mono: successfully reloaded assembly
- Completed reload, in  1.022 seconds
Platform modules already initialized, skipping
Refreshing native plugins compatible for Editor in 0.28 ms, found 0 plugins.
Preloading 0 native plugins for Editor in 0.00 ms.
Unloading 1111 Unused Serialized files (Serialized files now loaded: 0)
System memory in use before: 60.5 MB.
System memory in use after: 60.5 MB.

Unloading 5 unused Assets to reduce memory usage. Loaded Objects now: 1628.
Total: 1.932500 ms (FindLiveObjects: 0.176800 ms CreateObjectMapping: 0.051900 ms MarkObjects: 1.652800 ms  DeleteObjects: 0.049800 ms)

========================================================================
Received Prepare
Refreshing native plugins compatible for Editor in 0.88 ms, found 0 plugins.
Preloading 0 native plugins for Editor in 0.00 ms.
Unloading 3 Unused Serialized files (Serialized files now loaded: 0)
System memory in use before: 38.5 MB.
System memory in use after: 38.5 MB.

Unloading 3 unused Assets to reduce memory usage. Loaded Objects now: 1628.
Total: 4.788600 ms (FindLiveObjects: 1.488700 ms CreateObjectMapping: 0.144800 ms MarkObjects: 3.031200 ms  DeleteObjects: 0.122300 ms)

========================================================================
Received Prepare
Refreshing native plugins compatible for Editor in 1.00 ms, found 0 plugins.
Preloading 0 native plugins for Editor in 0.00 ms.
Unloading 3 Unused Serialized files (Serialized files now loaded: 0)
System memory in use before: 38.5 MB.
System memory in use after: 38.5 MB.

Unloading 3 unused Assets to reduce memory usage. Loaded Objects now: 1628.
Total: 1.830300 ms (FindLiveObjects: 0.125500 ms CreateObjectMapping: 0.033400 ms MarkObjects: 1.623000 ms  DeleteObjects: 0.047300 ms)

========================================================================
Received Prepare
Refreshing native plugins compatible for Editor in 0.82 ms, found 0 plugins.
Preloading 0 native plugins for Editor in 0.00 ms.
Unloading 3 Unused Serialized files (Serialized files now loaded: 0)
System memory in use before: 38.5 MB.
System memory in use after: 38.5 MB.

Unloading 3 unused Assets to reduce memory usage. Loaded Objects now: 1628.
Total: 2.302300 ms (FindLiveObjects: 0.260600 ms CreateObjectMapping: 0.072100 ms MarkObjects: 1.914600 ms  DeleteObjects: 0.054000 ms)

========================================================================
Received Import Request.
  Time since last request: 88.076071 seconds.
  path: Assets/ModTheCube/CubeMaterial.mat
  artifactKey: Guid(43c77bc8732f73549bbea53d7549e5d5) Importer(815301076,1909f56bfc062723c751e8b465ee728b)
Start importing Assets/ModTheCube/CubeMaterial.mat using Guid(43c77bc8732f73549bbea53d7549e5d5) Importer(815301076,1909f56bfc062723c751e8b465ee728b)  -> (artifact id: '5485aeeaa26f0708bdc7af88dd9a244f') in 0.079406 seconds
  Import took 0.082243 seconds .

========================================================================
Received Import Request.
  Time since last request: 1.374647 seconds.
  path: Assets/ModTheCube/CubeMaterial.mat
  artifactKey: Guid(43c77bc8732f73549bbea53d7549e5d5) Importer(815301076,1909f56bfc062723c751e8b465ee728b)
Start importing Assets/ModTheCube/CubeMaterial.mat using Guid(43c77bc8732f73549bbea53d7549e5d5) Importer(815301076,1909f56bfc062723c751e8b465ee728b)  -> (artifact id: '5485aeeaa26f0708bdc7af88dd9a244f') in 0.021683 seconds
  Import took 0.024105 seconds .

AssetImportWorkerClient::OnTransportError - code=2 error=End of file
