Using pre-set license
Built from '2020.3/staging' branch; Version is '2020.3.9f1 (108be757e447) revision 1084391'; Using compiler version '192528614'; Build Type 'Release'
OS: 'Windows 10 Home Single Language; OS build 19042.985; Version 2009; 64bit' Language: 'en' Physical Memory: 16340 MB
BatchMode: 1, IsHumanControllingUs: 0, StartBugReporterOnCrash: 0, Is64bit: 1, IsPro: 0

 COMMAND LINE ARGUMENTS:
D:\Unity\2020.3.9f1\Editor\Unity.exe
-adb2
-batchMode
-noUpm
-name
AssetImportWorker0
-projectPath
C:/Users/Amirhossein/Desktop/Create wtih Code/Prototype2
-logFile
Logs/AssetImportWorker0.log
-srvPort
63257
Successfully changed project path to: C:/Users/Amirhossein/Desktop/Create wtih Code/Prototype2
C:/Users/Amirhossein/Desktop/Create wtih Code/Prototype2
Using Asset Import Pipeline V2.
Refreshing native plugins compatible for Editor in 34.85 ms, found 0 plugins.
Preloading 0 native plugins for Editor in 0.00 ms.
Initialize engine version: 2020.3.9f1 (108be757e447)
[Subsystems] Discovering subsystems at path D:/Unity/2020.3.9f1/Editor/Data/Resources/UnitySubsystems
[Subsystems] Discovering subsystems at path C:/Users/Amirhossein/Desktop/Create wtih Code/Prototype2/Assets
GfxDevice: creating device client; threaded=0
Direct3D:
    Version:  Direct3D 11.0 [level 11.1]
    Renderer: NVIDIA GeForce GTX 1070 (ID=0x1be1)
    Vendor:   
    VRAM:     8081 MB
    Driver:   27.21.14.6611
Initialize mono
Mono path[0] = 'D:/Unity/2020.3.9f1/Editor/Data/Managed'
Mono path[1] = 'D:/Unity/2020.3.9f1/Editor/Data/MonoBleedingEdge/lib/mono/unityjit'
Mono config path = 'D:/Unity/2020.3.9f1/Editor/Data/MonoBleedingEdge/etc'
Using monoOptions --debugger-agent=transport=dt_socket,embedding=1,server=y,suspend=n,address=127.0.0.1:56496
Begin MonoManager ReloadAssembly
Registering precompiled unity dll's ...
Register platform support module: D:/Unity/2020.3.9f1/Editor/Data/PlaybackEngines/WebGLSupport/UnityEditor.WebGL.Extensions.dll
Register platform support module: D:/Unity/2020.3.9f1/Editor/Data/PlaybackEngines/MacStandaloneSupport/UnityEditor.OSXStandalone.Extensions.dll
Register platform support module: D:/Unity/2020.3.9f1/Editor/Data/PlaybackEngines/WindowsStandaloneSupport/UnityEditor.WindowsStandalone.Extensions.dll
Register platform support module: D:/Unity/2020.3.9f1/Editor/Data/PlaybackEngines/LinuxStandaloneSupport/UnityEditor.LinuxStandalone.Extensions.dll
Register platform support module: D:/Unity/2020.3.9f1/Editor/Data/PlaybackEngines/LuminSupport/UnityEditor.Lumin.Extensions.dll
Registered in 0.002046 seconds.
Native extension for Lumin target not found
Native extension for LinuxStandalone target not found
Native extension for WindowsStandalone target not found
Native extension for OSXStandalone target not found
Native extension for WebGL target not found
Refreshing native plugins compatible for Editor in 32.75 ms, found 0 plugins.
Preloading 0 native plugins for Editor in 0.00 ms.
Mono: successfully reloaded assembly
- Completed reload, in  1.365 seconds
Platform modules already initialized, skipping
Registering precompiled user dll's ...
Registered in 0.001198 seconds.
Begin MonoManager ReloadAssembly
Native extension for Lumin target not found
Native extension for LinuxStandalone target not found
Native extension for WindowsStandalone target not found
Native extension for OSXStandalone target not found
Native extension for WebGL target not found
Refreshing native plugins compatible for Editor in 0.31 ms, found 0 plugins.
Preloading 0 native plugins for Editor in 0.00 ms.
Mono: successfully reloaded assembly
- Completed reload, in  1.182 seconds
Platform modules already initialized, skipping
========================================================================
Worker process is ready to serve import requests
Launched and connected shader compiler UnityShaderCompiler.exe after 0.07 seconds
Refreshing native plugins compatible for Editor in 0.32 ms, found 0 plugins.
Preloading 0 native plugins for Editor in 0.00 ms.
Unloading 1120 Unused Serialized files (Serialized files now loaded: 0)
System memory in use before: 57.6 MB.
System memory in use after: 57.7 MB.

Unloading 10 unused Assets to reduce memory usage. Loaded Objects now: 1563.
Total: 1.969100 ms (FindLiveObjects: 0.134500 ms CreateObjectMapping: 0.040900 ms MarkObjects: 1.691400 ms  DeleteObjects: 0.101200 ms)

========================================================================
Received Import Request.
  path: Assets/Scripts/DestroyOutOfBounds.cs
  artifactKey: Guid(efd4c9480cd1c59478a9a46213d6d003) Importer(815301076,1909f56bfc062723c751e8b465ee728b)
Start importing Assets/Scripts/DestroyOutOfBounds.cs using Guid(efd4c9480cd1c59478a9a46213d6d003) Importer(815301076,1909f56bfc062723c751e8b465ee728b)  -> (artifact id: '5620678da8af2a2888f2bac2e50f19b7') in 0.079508 seconds
  Import took 0.082020 seconds .

========================================================================
Received Prepare
Registering precompiled user dll's ...
Registered in 0.000863 seconds.
Begin MonoManager ReloadAssembly
Native extension for Lumin target not found
Native extension for LinuxStandalone target not found
Native extension for WindowsStandalone target not found
Native extension for OSXStandalone target not found
Native extension for WebGL target not found
Refreshing native plugins compatible for Editor in 0.21 ms, found 0 plugins.
Preloading 0 native plugins for Editor in 0.00 ms.
Mono: successfully reloaded assembly
- Completed reload, in  0.925 seconds
Platform modules already initialized, skipping
Refreshing native plugins compatible for Editor in 0.24 ms, found 0 plugins.
Preloading 0 native plugins for Editor in 0.00 ms.
Unloading 1115 Unused Serialized files (Serialized files now loaded: 0)
System memory in use before: 57.5 MB.
System memory in use after: 57.6 MB.

Unloading 5 unused Assets to reduce memory usage. Loaded Objects now: 1566.
Total: 1.963800 ms (FindLiveObjects: 0.129500 ms CreateObjectMapping: 0.030600 ms MarkObjects: 1.708100 ms  DeleteObjects: 0.094800 ms)

========================================================================
Received Prepare
Registering precompiled user dll's ...
Registered in 0.000846 seconds.
Begin MonoManager ReloadAssembly
Native extension for Lumin target not found
Native extension for LinuxStandalone target not found
Native extension for WindowsStandalone target not found
Native extension for OSXStandalone target not found
Native extension for WebGL target not found
Refreshing native plugins compatible for Editor in 0.20 ms, found 0 plugins.
Preloading 0 native plugins for Editor in 0.00 ms.
Mono: successfully reloaded assembly
- Completed reload, in  0.834 seconds
Platform modules already initialized, skipping
Refreshing native plugins compatible for Editor in 0.25 ms, found 0 plugins.
Preloading 0 native plugins for Editor in 0.00 ms.
Unloading 1115 Unused Serialized files (Serialized files now loaded: 0)
System memory in use before: 57.6 MB.
System memory in use after: 57.6 MB.

Unloading 5 unused Assets to reduce memory usage. Loaded Objects now: 1569.
Total: 1.754100 ms (FindLiveObjects: 0.122500 ms CreateObjectMapping: 0.030000 ms MarkObjects: 1.528900 ms  DeleteObjects: 0.072000 ms)

========================================================================
Received Prepare
Registering precompiled user dll's ...
Registered in 0.000954 seconds.
Begin MonoManager ReloadAssembly
Native extension for Lumin target not found
Native extension for LinuxStandalone target not found
Native extension for WindowsStandalone target not found
Native extension for OSXStandalone target not found
Native extension for WebGL target not found
Refreshing native plugins compatible for Editor in 0.32 ms, found 0 plugins.
Preloading 0 native plugins for Editor in 0.00 ms.
Mono: successfully reloaded assembly
- Completed reload, in  1.014 seconds
Platform modules already initialized, skipping
Refreshing native plugins compatible for Editor in 0.43 ms, found 0 plugins.
Preloading 0 native plugins for Editor in 0.00 ms.
Unloading 1115 Unused Serialized files (Serialized files now loaded: 0)
System memory in use before: 57.6 MB.
System memory in use after: 57.6 MB.

Unloading 5 unused Assets to reduce memory usage. Loaded Objects now: 1572.
Total: 2.202900 ms (FindLiveObjects: 0.150900 ms CreateObjectMapping: 0.055300 ms MarkObjects: 1.924100 ms  DeleteObjects: 0.071800 ms)

========================================================================
Received Prepare
Registering precompiled user dll's ...
Registered in 0.000875 seconds.
Begin MonoManager ReloadAssembly
Native extension for Lumin target not found
Native extension for LinuxStandalone target not found
Native extension for WindowsStandalone target not found
Native extension for OSXStandalone target not found
Native extension for WebGL target not found
Refreshing native plugins compatible for Editor in 0.22 ms, found 0 plugins.
Preloading 0 native plugins for Editor in 0.00 ms.
Mono: successfully reloaded assembly
- Completed reload, in  0.941 seconds
Platform modules already initialized, skipping
Refreshing native plugins compatible for Editor in 0.21 ms, found 0 plugins.
Preloading 0 native plugins for Editor in 0.00 ms.
Unloading 1115 Unused Serialized files (Serialized files now loaded: 0)
System memory in use before: 57.6 MB.
System memory in use after: 57.7 MB.

Unloading 5 unused Assets to reduce memory usage. Loaded Objects now: 1575.
Total: 1.935100 ms (FindLiveObjects: 0.121700 ms CreateObjectMapping: 0.029800 ms MarkObjects: 1.686100 ms  DeleteObjects: 0.096600 ms)

========================================================================
Received Import Request.
  Time since last request: 229.955722 seconds.
  path: Assets/Prefabs/Animal_Fox_02.prefab
  artifactKey: Guid(3365706c1c12ba4439d5932777e95c7a) Importer(815301076,1909f56bfc062723c751e8b465ee728b)
Start importing Assets/Prefabs/Animal_Fox_02.prefab using Guid(3365706c1c12ba4439d5932777e95c7a) Importer(815301076,1909f56bfc062723c751e8b465ee728b)  -> (artifact id: '410405a847bfee27b4c4d59749292088') in 0.310121 seconds
  Import took 0.312826 seconds .

========================================================================
Received Import Request.
  Time since last request: 0.000347 seconds.
  path: Assets/Prefabs/Food_Pizza_01.prefab
  artifactKey: Guid(4514467af7e9e9a43949342aa84ec2e4) Importer(815301076,1909f56bfc062723c751e8b465ee728b)
Start importing Assets/Prefabs/Food_Pizza_01.prefab using Guid(4514467af7e9e9a43949342aa84ec2e4) Importer(815301076,1909f56bfc062723c751e8b465ee728b)  -> (artifact id: '248c1be7ab87b0cd75253d702212f38b') in 0.035755 seconds
  Import took 0.037863 seconds .

========================================================================
Received Import Request.
  Time since last request: 0.000320 seconds.
  path: Assets/Prefabs/Animal_Doe_02.prefab
  artifactKey: Guid(d889d65861e5c7b47a2a9af74e56793f) Importer(815301076,1909f56bfc062723c751e8b465ee728b)
Start importing Assets/Prefabs/Animal_Doe_02.prefab using Guid(d889d65861e5c7b47a2a9af74e56793f) Importer(815301076,1909f56bfc062723c751e8b465ee728b)  -> (artifact id: '8c639c37a7c3f50b9af81baa0eb3c6da') in 0.027171 seconds
  Import took 0.030180 seconds .

========================================================================
Received Prepare
Registering precompiled user dll's ...
Registered in 0.000786 seconds.
Begin MonoManager ReloadAssembly
Native extension for Lumin target not found
Native extension for LinuxStandalone target not found
Native extension for WindowsStandalone target not found
Native extension for OSXStandalone target not found
Native extension for WebGL target not found
Refreshing native plugins compatible for Editor in 0.20 ms, found 0 plugins.
Preloading 0 native plugins for Editor in 0.00 ms.
Mono: successfully reloaded assembly
- Completed reload, in  0.909 seconds
Platform modules already initialized, skipping
Refreshing native plugins compatible for Editor in 0.20 ms, found 0 plugins.
Preloading 0 native plugins for Editor in 0.00 ms.
Unloading 1115 Unused Serialized files (Serialized files now loaded: 0)
System memory in use before: 74.3 MB.
System memory in use after: 74.4 MB.

Unloading 5 unused Assets to reduce memory usage. Loaded Objects now: 1586.
Total: 2.262600 ms (FindLiveObjects: 0.260100 ms CreateObjectMapping: 0.056100 ms MarkObjects: 1.874000 ms  DeleteObjects: 0.071500 ms)

========================================================================
Received Prepare
Registering precompiled user dll's ...
Registered in 0.001206 seconds.
Begin MonoManager ReloadAssembly
Native extension for Lumin target not found
Native extension for LinuxStandalone target not found
Native extension for WindowsStandalone target not found
Native extension for OSXStandalone target not found
Native extension for WebGL target not found
Refreshing native plugins compatible for Editor in 0.29 ms, found 0 plugins.
Preloading 0 native plugins for Editor in 0.00 ms.
Mono: successfully reloaded assembly
- Completed reload, in  0.985 seconds
Platform modules already initialized, skipping
Refreshing native plugins compatible for Editor in 0.25 ms, found 0 plugins.
Preloading 0 native plugins for Editor in 0.00 ms.
Unloading 1115 Unused Serialized files (Serialized files now loaded: 0)
System memory in use before: 74.3 MB.
System memory in use after: 74.4 MB.

Unloading 5 unused Assets to reduce memory usage. Loaded Objects now: 1589.
Total: 1.953700 ms (FindLiveObjects: 0.117600 ms CreateObjectMapping: 0.031200 ms MarkObjects: 1.743700 ms  DeleteObjects: 0.060200 ms)

========================================================================
Received Prepare
Registering precompiled user dll's ...
Registered in 0.000781 seconds.
Begin MonoManager ReloadAssembly
Native extension for Lumin target not found
Native extension for LinuxStandalone target not found
Native extension for WindowsStandalone target not found
Native extension for OSXStandalone target not found
Native extension for WebGL target not found
Refreshing native plugins compatible for Editor in 0.21 ms, found 0 plugins.
Preloading 0 native plugins for Editor in 0.00 ms.
Mono: successfully reloaded assembly
- Completed reload, in  0.896 seconds
Platform modules already initialized, skipping
Refreshing native plugins compatible for Editor in 0.31 ms, found 0 plugins.
Preloading 0 native plugins for Editor in 0.00 ms.
Unloading 1115 Unused Serialized files (Serialized files now loaded: 0)
System memory in use before: 74.3 MB.
System memory in use after: 74.4 MB.

Unloading 5 unused Assets to reduce memory usage. Loaded Objects now: 1592.
Total: 2.439400 ms (FindLiveObjects: 0.123000 ms CreateObjectMapping: 0.027800 ms MarkObjects: 2.168800 ms  DeleteObjects: 0.118900 ms)

========================================================================
Received Import Request.
  Time since last request: 165.950458 seconds.
  path: Assets/Scripts/GameManager.cs
  artifactKey: Guid(97c1c9256fd5ea44090395534bb693e9) Importer(815301076,1909f56bfc062723c751e8b465ee728b)
Start importing Assets/Scripts/GameManager.cs using Guid(97c1c9256fd5ea44090395534bb693e9) Importer(815301076,1909f56bfc062723c751e8b465ee728b)  -> (artifact id: '13f3d81d9f5d3a8b121a17b6dfebf192') in 0.011594 seconds
  Import took 0.014439 seconds .

========================================================================
Received Prepare
Registering precompiled user dll's ...
Registered in 0.000757 seconds.
Begin MonoManager ReloadAssembly
Native extension for Lumin target not found
Native extension for LinuxStandalone target not found
Native extension for WindowsStandalone target not found
Native extension for OSXStandalone target not found
Native extension for WebGL target not found
Refreshing native plugins compatible for Editor in 0.24 ms, found 0 plugins.
Preloading 0 native plugins for Editor in 0.00 ms.
Mono: successfully reloaded assembly
- Completed reload, in  1.033 seconds
Platform modules already initialized, skipping
Refreshing native plugins compatible for Editor in 0.31 ms, found 0 plugins.
Preloading 0 native plugins for Editor in 0.00 ms.
Unloading 1116 Unused Serialized files (Serialized files now loaded: 0)
System memory in use before: 74.4 MB.
System memory in use after: 74.4 MB.

Unloading 5 unused Assets to reduce memory usage. Loaded Objects now: 1596.
Total: 2.155700 ms (FindLiveObjects: 0.138500 ms CreateObjectMapping: 0.037000 ms MarkObjects: 1.914000 ms  DeleteObjects: 0.064800 ms)

========================================================================
Received Import Request.
  Time since last request: 4.062539 seconds.
  path: Assets/Scripts/FoodMoveForward.cs
  artifactKey: Guid(697a8a787b57d1a41b6fc9e4ac1f2c32) Importer(815301076,1909f56bfc062723c751e8b465ee728b)
Start importing Assets/Scripts/FoodMoveForward.cs using Guid(697a8a787b57d1a41b6fc9e4ac1f2c32) Importer(815301076,1909f56bfc062723c751e8b465ee728b)  -> (artifact id: 'f5569d8958bdd07dd69e66f8ff7d4962') in 0.012058 seconds
  Import took 0.014824 seconds .

========================================================================
Received Prepare
Registering precompiled user dll's ...
Registered in 0.001176 seconds.
Begin MonoManager ReloadAssembly
Native extension for Lumin target not found
Native extension for LinuxStandalone target not found
Native extension for WindowsStandalone target not found
Native extension for OSXStandalone target not found
Native extension for WebGL target not found
Refreshing native plugins compatible for Editor in 0.23 ms, found 0 plugins.
Preloading 0 native plugins for Editor in 0.00 ms.
Mono: successfully reloaded assembly
- Completed reload, in  0.949 seconds
Platform modules already initialized, skipping
Refreshing native plugins compatible for Editor in 0.36 ms, found 0 plugins.
Preloading 0 native plugins for Editor in 0.00 ms.
Unloading 1115 Unused Serialized files (Serialized files now loaded: 0)
System memory in use before: 74.3 MB.
System memory in use after: 74.4 MB.

Unloading 6 unused Assets to reduce memory usage. Loaded Objects now: 1598.
Total: 2.335400 ms (FindLiveObjects: 0.176000 ms CreateObjectMapping: 0.036500 ms MarkObjects: 2.022500 ms  DeleteObjects: 0.099300 ms)

========================================================================
Received Prepare
Registering precompiled user dll's ...
Registered in 0.000707 seconds.
Begin MonoManager ReloadAssembly
Native extension for Lumin target not found
Native extension for LinuxStandalone target not found
Native extension for WindowsStandalone target not found
Native extension for OSXStandalone target not found
Native extension for WebGL target not found
Refreshing native plugins compatible for Editor in 0.26 ms, found 0 plugins.
Preloading 0 native plugins for Editor in 0.00 ms.
Mono: successfully reloaded assembly
- Completed reload, in  1.012 seconds
Platform modules already initialized, skipping
Refreshing native plugins compatible for Editor in 0.26 ms, found 0 plugins.
Preloading 0 native plugins for Editor in 0.00 ms.
Unloading 1116 Unused Serialized files (Serialized files now loaded: 0)
System memory in use before: 74.4 MB.
System memory in use after: 74.4 MB.

Unloading 5 unused Assets to reduce memory usage. Loaded Objects now: 1602.
Total: 2.233700 ms (FindLiveObjects: 0.232900 ms CreateObjectMapping: 0.084600 ms MarkObjects: 1.853900 ms  DeleteObjects: 0.060500 ms)

========================================================================
Received Import Request.
  Time since last request: 937.680786 seconds.
  path: ProjectSettings/TagManager.asset
  artifactKey: Guid(00000000000000003000000000000000) Importer(815301076,1909f56bfc062723c751e8b465ee728b)
Start importing ProjectSettings/TagManager.asset using Guid(00000000000000003000000000000000) Importer(815301076,1909f56bfc062723c751e8b465ee728b)  -> (artifact id: 'ce6a35c3cddc746e7501c0bd0ed6d4ce') in 0.026928 seconds
  Import took 0.030001 seconds .

========================================================================
Received Import Request.
  Time since last request: 0.002192 seconds.
  path: ProjectSettings/TagManager.asset
  artifactKey: Guid(00000000000000003000000000000000) Importer(815301076,1909f56bfc062723c751e8b465ee728b)
Start importing ProjectSettings/TagManager.asset using Guid(00000000000000003000000000000000) Importer(815301076,1909f56bfc062723c751e8b465ee728b)  -> (artifact id: 'ce6a35c3cddc746e7501c0bd0ed6d4ce') in 0.003980 seconds
  Import took 0.006249 seconds .

========================================================================
Received Import Request.
  Time since last request: 41.109895 seconds.
  path: Assets/Prefabs/Animal_Doe_02.prefab
  artifactKey: Guid(d889d65861e5c7b47a2a9af74e56793f) Importer(815301076,1909f56bfc062723c751e8b465ee728b)
Start importing Assets/Prefabs/Animal_Doe_02.prefab using Guid(d889d65861e5c7b47a2a9af74e56793f) Importer(815301076,1909f56bfc062723c751e8b465ee728b)  -> (artifact id: 'aa005dfd6a10914aad4eb4e977358b71') in 0.078963 seconds
  Import took 0.082614 seconds .

========================================================================
Received Import Request.
  Time since last request: 2.485389 seconds.
  path: Assets/Prefabs/Animal_Fox_02.prefab
  artifactKey: Guid(3365706c1c12ba4439d5932777e95c7a) Importer(815301076,1909f56bfc062723c751e8b465ee728b)
Start importing Assets/Prefabs/Animal_Fox_02.prefab using Guid(3365706c1c12ba4439d5932777e95c7a) Importer(815301076,1909f56bfc062723c751e8b465ee728b)  -> (artifact id: '8d1fe4c16372a7c3ab9652dd4f1d602d') in 0.028848 seconds
  Import took 0.031883 seconds .

========================================================================
Received Import Request.
  Time since last request: 2.634094 seconds.
  path: Assets/Prefabs/Animal_Moose_02.prefab
  artifactKey: Guid(39a15840dccae6b4a9cecae13481b01d) Importer(815301076,1909f56bfc062723c751e8b465ee728b)
Start importing Assets/Prefabs/Animal_Moose_02.prefab using Guid(39a15840dccae6b4a9cecae13481b01d) Importer(815301076,1909f56bfc062723c751e8b465ee728b)  -> (artifact id: '91079d706c2f52a84a71459ad2d3bf0b') in 0.028619 seconds
  Import took 0.032601 seconds .

========================================================================
Received Import Request.
  Time since last request: 32.975516 seconds.
  path: Assets/Scripts/DestroyOutOfBounds.cs
  artifactKey: Guid(efd4c9480cd1c59478a9a46213d6d003) Importer(815301076,1909f56bfc062723c751e8b465ee728b)
Start importing Assets/Scripts/DestroyOutOfBounds.cs using Guid(efd4c9480cd1c59478a9a46213d6d003) Importer(815301076,1909f56bfc062723c751e8b465ee728b)  -> (artifact id: 'bd6c3122b41f80a40e01f9708bccd69a') in 0.003703 seconds
  Import took 0.006086 seconds .

========================================================================
Received Prepare
Registering precompiled user dll's ...
Registered in 0.000861 seconds.
Begin MonoManager ReloadAssembly
Native extension for Lumin target not found
Native extension for LinuxStandalone target not found
Native extension for WindowsStandalone target not found
Native extension for OSXStandalone target not found
Native extension for WebGL target not found
Refreshing native plugins compatible for Editor in 0.20 ms, found 0 plugins.
Preloading 0 native plugins for Editor in 0.00 ms.
Mono: successfully reloaded assembly
- Completed reload, in  0.888 seconds
Platform modules already initialized, skipping
Refreshing native plugins compatible for Editor in 0.21 ms, found 0 plugins.
Preloading 0 native plugins for Editor in 0.00 ms.
Unloading 1116 Unused Serialized files (Serialized files now loaded: 0)
System memory in use before: 74.4 MB.
System memory in use after: 74.5 MB.

Unloading 7 unused Assets to reduce memory usage. Loaded Objects now: 1606.
Total: 2.485200 ms (FindLiveObjects: 0.160600 ms CreateObjectMapping: 0.035300 ms MarkObjects: 2.156400 ms  DeleteObjects: 0.131700 ms)

========================================================================
Received Import Request.
  Time since last request: 27.165524 seconds.
  path: Assets/Scripts/DestroyOutOfBounds.cs
  artifactKey: Guid(efd4c9480cd1c59478a9a46213d6d003) Importer(815301076,1909f56bfc062723c751e8b465ee728b)
Start importing Assets/Scripts/DestroyOutOfBounds.cs using Guid(efd4c9480cd1c59478a9a46213d6d003) Importer(815301076,1909f56bfc062723c751e8b465ee728b)  -> (artifact id: '3409f0e21dd482725049910f6d1940c8') in 0.008984 seconds
  Import took 0.011506 seconds .

========================================================================
Received Prepare
Registering precompiled user dll's ...
Registered in 0.000759 seconds.
Begin MonoManager ReloadAssembly
Native extension for Lumin target not found
Native extension for LinuxStandalone target not found
Native extension for WindowsStandalone target not found
Native extension for OSXStandalone target not found
Native extension for WebGL target not found
Refreshing native plugins compatible for Editor in 0.20 ms, found 0 plugins.
Preloading 0 native plugins for Editor in 0.00 ms.
Mono: successfully reloaded assembly
- Completed reload, in  0.936 seconds
Platform modules already initialized, skipping
Refreshing native plugins compatible for Editor in 0.22 ms, found 0 plugins.
Preloading 0 native plugins for Editor in 0.00 ms.
Unloading 1116 Unused Serialized files (Serialized files now loaded: 0)
System memory in use before: 74.4 MB.
System memory in use after: 74.5 MB.

Unloading 5 unused Assets to reduce memory usage. Loaded Objects now: 1609.
Total: 2.156100 ms (FindLiveObjects: 0.245300 ms CreateObjectMapping: 0.044500 ms MarkObjects: 1.736500 ms  DeleteObjects: 0.128600 ms)

========================================================================
Received Prepare
Registering precompiled user dll's ...
Registered in 0.000759 seconds.
Begin MonoManager ReloadAssembly
Native extension for Lumin target not found
Native extension for LinuxStandalone target not found
Native extension for WindowsStandalone target not found
Native extension for OSXStandalone target not found
Native extension for WebGL target not found
Refreshing native plugins compatible for Editor in 0.42 ms, found 0 plugins.
Preloading 0 native plugins for Editor in 0.00 ms.
Mono: successfully reloaded assembly
- Completed reload, in  1.041 seconds
Platform modules already initialized, skipping
Refreshing native plugins compatible for Editor in 0.32 ms, found 0 plugins.
Preloading 0 native plugins for Editor in 0.00 ms.
Unloading 1116 Unused Serialized files (Serialized files now loaded: 0)
System memory in use before: 74.4 MB.
System memory in use after: 74.5 MB.

Unloading 5 unused Assets to reduce memory usage. Loaded Objects now: 1612.
Total: 2.047800 ms (FindLiveObjects: 0.121400 ms CreateObjectMapping: 0.034000 ms MarkObjects: 1.817100 ms  DeleteObjects: 0.074200 ms)

========================================================================
Received Prepare
Registering precompiled user dll's ...
Registered in 0.000832 seconds.
Begin MonoManager ReloadAssembly
Native extension for Lumin target not found
Native extension for LinuxStandalone target not found
Native extension for WindowsStandalone target not found
Native extension for OSXStandalone target not found
Native extension for WebGL target not found
Refreshing native plugins compatible for Editor in 0.33 ms, found 0 plugins.
Preloading 0 native plugins for Editor in 0.00 ms.
Mono: successfully reloaded assembly
- Completed reload, in  0.931 seconds
Platform modules already initialized, skipping
Refreshing native plugins compatible for Editor in 0.21 ms, found 0 plugins.
Preloading 0 native plugins for Editor in 0.00 ms.
Unloading 1116 Unused Serialized files (Serialized files now loaded: 0)
System memory in use before: 74.4 MB.
System memory in use after: 74.5 MB.

Unloading 5 unused Assets to reduce memory usage. Loaded Objects now: 1615.
Total: 1.961200 ms (FindLiveObjects: 0.127300 ms CreateObjectMapping: 0.029500 ms MarkObjects: 1.735600 ms  DeleteObjects: 0.067900 ms)

========================================================================
Received Import Request.
  Time since last request: 1669.162217 seconds.
  path: Assets/Scripts/PlayerController.cs
  artifactKey: Guid(f732b6af628a1d54a95491cf8c27b21c) Importer(815301076,1909f56bfc062723c751e8b465ee728b)
Start importing Assets/Scripts/PlayerController.cs using Guid(f732b6af628a1d54a95491cf8c27b21c) Importer(815301076,1909f56bfc062723c751e8b465ee728b)  -> (artifact id: '20cf6703d75ff19ed836d7cc66095bb4') in 0.012767 seconds
  Import took 0.015286 seconds .

========================================================================
Received Import Request.
  Time since last request: 1.382672 seconds.
  path: Assets/Scripts/SpawnManager.cs
  artifactKey: Guid(659a24e7ce755c24d983cdde505a4e80) Importer(815301076,1909f56bfc062723c751e8b465ee728b)
Start importing Assets/Scripts/SpawnManager.cs using Guid(659a24e7ce755c24d983cdde505a4e80) Importer(815301076,1909f56bfc062723c751e8b465ee728b)  -> (artifact id: '043197f7d8f3f1585fac7ed10a76268a') in 0.009494 seconds
  Import took 0.012153 seconds .

========================================================================
Received Import Request.
  Time since last request: 0.002468 seconds.
  path: Assets/Scripts/SpawnManager.cs
  artifactKey: Guid(659a24e7ce755c24d983cdde505a4e80) Importer(815301076,1909f56bfc062723c751e8b465ee728b)
Start importing Assets/Scripts/SpawnManager.cs using Guid(659a24e7ce755c24d983cdde505a4e80) Importer(815301076,1909f56bfc062723c751e8b465ee728b)  -> (artifact id: '043197f7d8f3f1585fac7ed10a76268a') in 0.003537 seconds
  Import took 0.005959 seconds .

========================================================================
Received Prepare
Registering precompiled user dll's ...
Registered in 0.000822 seconds.
Begin MonoManager ReloadAssembly
Native extension for Lumin target not found
Native extension for LinuxStandalone target not found
Native extension for WindowsStandalone target not found
Native extension for OSXStandalone target not found
Native extension for WebGL target not found
Refreshing native plugins compatible for Editor in 0.22 ms, found 0 plugins.
Preloading 0 native plugins for Editor in 0.00 ms.
Mono: successfully reloaded assembly
- Completed reload, in  1.041 seconds
Platform modules already initialized, skipping
Refreshing native plugins compatible for Editor in 0.28 ms, found 0 plugins.
Preloading 0 native plugins for Editor in 0.00 ms.
Unloading 1116 Unused Serialized files (Serialized files now loaded: 0)
System memory in use before: 74.4 MB.
System memory in use after: 74.5 MB.

Unloading 5 unused Assets to reduce memory usage. Loaded Objects now: 1618.
Total: 2.087400 ms (FindLiveObjects: 0.123300 ms CreateObjectMapping: 0.032700 ms MarkObjects: 1.825300 ms  DeleteObjects: 0.105000 ms)

========================================================================
Received Import Request.
  Time since last request: 11.706686 seconds.
  path: Assets/Prefabs/Food_Pizza_01.prefab
  artifactKey: Guid(4514467af7e9e9a43949342aa84ec2e4) Importer(815301076,1909f56bfc062723c751e8b465ee728b)
Start importing Assets/Prefabs/Food_Pizza_01.prefab using Guid(4514467af7e9e9a43949342aa84ec2e4) Importer(815301076,1909f56bfc062723c751e8b465ee728b)  -> (artifact id: 'e749f12960468f8693cac1430cd67efc') in 0.104133 seconds
  Import took 0.107054 seconds .

========================================================================
Received Prepare
Registering precompiled user dll's ...
Registered in 0.000806 seconds.
Begin MonoManager ReloadAssembly
Native extension for Lumin target not found
Native extension for LinuxStandalone target not found
Native extension for WindowsStandalone target not found
Native extension for OSXStandalone target not found
Native extension for WebGL target not found
Refreshing native plugins compatible for Editor in 0.34 ms, found 0 plugins.
Preloading 0 native plugins for Editor in 0.00 ms.
Mono: successfully reloaded assembly
- Completed reload, in  0.905 seconds
Platform modules already initialized, skipping
Refreshing native plugins compatible for Editor in 0.22 ms, found 0 plugins.
Preloading 0 native plugins for Editor in 0.00 ms.
Unloading 1116 Unused Serialized files (Serialized files now loaded: 0)
System memory in use before: 74.4 MB.
System memory in use after: 74.5 MB.

Unloading 5 unused Assets to reduce memory usage. Loaded Objects now: 1622.
Total: 2.031100 ms (FindLiveObjects: 0.119100 ms CreateObjectMapping: 0.031900 ms MarkObjects: 1.807800 ms  DeleteObjects: 0.071200 ms)

========================================================================
Received Import Request.
  Time since last request: 510.633701 seconds.
  path: Assets/Prefabs/SliderCanvas.prefab
  artifactKey: Guid(3db4c18a5b6895f47916cd836c7b2594) Importer(815301076,1909f56bfc062723c751e8b465ee728b)
Start importing Assets/Prefabs/SliderCanvas.prefab using Guid(3db4c18a5b6895f47916cd836c7b2594) Importer(815301076,1909f56bfc062723c751e8b465ee728b)  -> (artifact id: '533aa4f7dfead576d48b4227569a4108') in 0.052182 seconds
  Import took 0.055587 seconds .

========================================================================
Received Import Request.
  Time since last request: 52.626011 seconds.
  path: Assets/Scripts/AnimalHunger.cs
  artifactKey: Guid(aa26cbe23ca9f3441b58bf84f1383eea) Importer(815301076,1909f56bfc062723c751e8b465ee728b)
Start importing Assets/Scripts/AnimalHunger.cs using Guid(aa26cbe23ca9f3441b58bf84f1383eea) Importer(815301076,1909f56bfc062723c751e8b465ee728b)  -> (artifact id: '3548a2cc316a6d98ab46f595d9d631bd') in 0.010602 seconds
  Import took 0.012999 seconds .

========================================================================
Received Prepare
Registering precompiled user dll's ...
Registered in 0.000862 seconds.
Begin MonoManager ReloadAssembly
Native extension for Lumin target not found
Native extension for LinuxStandalone target not found
Native extension for WindowsStandalone target not found
Native extension for OSXStandalone target not found
Native extension for WebGL target not found
Refreshing native plugins compatible for Editor in 0.24 ms, found 0 plugins.
Preloading 0 native plugins for Editor in 0.00 ms.
Mono: successfully reloaded assembly
- Completed reload, in  1.008 seconds
Platform modules already initialized, skipping
Refreshing native plugins compatible for Editor in 0.22 ms, found 0 plugins.
Preloading 0 native plugins for Editor in 0.00 ms.
Unloading 1117 Unused Serialized files (Serialized files now loaded: 0)
System memory in use before: 74.5 MB.
System memory in use after: 74.5 MB.

Unloading 7 unused Assets to reduce memory usage. Loaded Objects now: 1626.
Total: 2.183000 ms (FindLiveObjects: 0.135800 ms CreateObjectMapping: 0.031600 ms MarkObjects: 1.924000 ms  DeleteObjects: 0.090700 ms)

========================================================================
Received Prepare
Registering precompiled user dll's ...
Registered in 0.001649 seconds.
Begin MonoManager ReloadAssembly
Native extension for Lumin target not found
Native extension for LinuxStandalone target not found
Native extension for WindowsStandalone target not found
Native extension for OSXStandalone target not found
Native extension for WebGL target not found
Refreshing native plugins compatible for Editor in 0.26 ms, found 0 plugins.
Preloading 0 native plugins for Editor in 0.00 ms.
Mono: successfully reloaded assembly
- Completed reload, in  0.980 seconds
Platform modules already initialized, skipping
Refreshing native plugins compatible for Editor in 0.31 ms, found 0 plugins.
Preloading 0 native plugins for Editor in 0.00 ms.
Unloading 1117 Unused Serialized files (Serialized files now loaded: 0)
System memory in use before: 74.5 MB.
System memory in use after: 74.5 MB.

Unloading 5 unused Assets to reduce memory usage. Loaded Objects now: 1629.
Total: 1.870900 ms (FindLiveObjects: 0.126600 ms CreateObjectMapping: 0.032300 ms MarkObjects: 1.604600 ms  DeleteObjects: 0.106200 ms)

========================================================================
Received Import Request.
  Time since last request: 1483.160856 seconds.
  path: Assets/Scripts/AnimalHunger.cs
  artifactKey: Guid(aa26cbe23ca9f3441b58bf84f1383eea) Importer(815301076,1909f56bfc062723c751e8b465ee728b)
Start importing Assets/Scripts/AnimalHunger.cs using Guid(aa26cbe23ca9f3441b58bf84f1383eea) Importer(815301076,1909f56bfc062723c751e8b465ee728b)  -> (artifact id: '507fd979c30474543497e02bf17869d2') in 0.009602 seconds
  Import took 0.013126 seconds .

========================================================================
Received Import Request.
  Time since last request: 14.240352 seconds.
  path: Assets/Prefabs/Animal_Moose_02.prefab
  artifactKey: Guid(39a15840dccae6b4a9cecae13481b01d) Importer(815301076,1909f56bfc062723c751e8b465ee728b)
Start importing Assets/Prefabs/Animal_Moose_02.prefab using Guid(39a15840dccae6b4a9cecae13481b01d) Importer(815301076,1909f56bfc062723c751e8b465ee728b)  -> (artifact id: '3a1feb764f8d55b3eec03722ffdd6977') in 0.090829 seconds
  Import took 0.093814 seconds .

========================================================================
Received Import Request.
  Time since last request: 98.653937 seconds.
  path: Assets/Prefabs/Animal_Moose_02.prefab
  artifactKey: Guid(39a15840dccae6b4a9cecae13481b01d) Importer(815301076,1909f56bfc062723c751e8b465ee728b)
Start importing Assets/Prefabs/Animal_Moose_02.prefab using Guid(39a15840dccae6b4a9cecae13481b01d) Importer(815301076,1909f56bfc062723c751e8b465ee728b)  -> (artifact id: 'e51b8393b95a4665b23315ab8651804a') in 0.049493 seconds
  Import took 0.052586 seconds .

========================================================================
Received Prepare
Registering precompiled user dll's ...
Registered in 0.000780 seconds.
Begin MonoManager ReloadAssembly
Native extension for Lumin target not found
Native extension for LinuxStandalone target not found
Native extension for WindowsStandalone target not found
Native extension for OSXStandalone target not found
Native extension for WebGL target not found
Refreshing native plugins compatible for Editor in 0.20 ms, found 0 plugins.
Preloading 0 native plugins for Editor in 0.00 ms.
Mono: successfully reloaded assembly
- Completed reload, in  0.917 seconds
Platform modules already initialized, skipping
Refreshing native plugins compatible for Editor in 0.33 ms, found 0 plugins.
Preloading 0 native plugins for Editor in 0.00 ms.
Unloading 1117 Unused Serialized files (Serialized files now loaded: 0)
System memory in use before: 74.5 MB.
System memory in use after: 74.6 MB.

Unloading 7 unused Assets to reduce memory usage. Loaded Objects now: 1633.
Total: 2.085500 ms (FindLiveObjects: 0.166000 ms CreateObjectMapping: 0.031200 ms MarkObjects: 1.784500 ms  DeleteObjects: 0.102500 ms)

========================================================================
Received Import Request.
  Time since last request: 1097.712486 seconds.
  path: Assets/Prefabs/Animal_Fox_02.prefab
  artifactKey: Guid(3365706c1c12ba4439d5932777e95c7a) Importer(815301076,1909f56bfc062723c751e8b465ee728b)
Start importing Assets/Prefabs/Animal_Fox_02.prefab using Guid(3365706c1c12ba4439d5932777e95c7a) Importer(815301076,1909f56bfc062723c751e8b465ee728b)  -> (artifact id: '700d35bc2b612740789616a5368d7906') in 0.100110 seconds
  Import took 0.103164 seconds .

========================================================================
Received Import Request.
  Time since last request: 124.595176 seconds.
  path: Assets/Prefabs/Animal_Doe_02.prefab
  artifactKey: Guid(d889d65861e5c7b47a2a9af74e56793f) Importer(815301076,1909f56bfc062723c751e8b465ee728b)
Start importing Assets/Prefabs/Animal_Doe_02.prefab using Guid(d889d65861e5c7b47a2a9af74e56793f) Importer(815301076,1909f56bfc062723c751e8b465ee728b)  -> (artifact id: '217288d9c705b67872c14b0a7c239151') in 0.026759 seconds
  Import took 0.029644 seconds .

========================================================================
Received Prepare
Registering precompiled user dll's ...
Registered in 0.000953 seconds.
Begin MonoManager ReloadAssembly
Native extension for Lumin target not found
Native extension for LinuxStandalone target not found
Native extension for WindowsStandalone target not found
Native extension for OSXStandalone target not found
Native extension for WebGL target not found
Refreshing native plugins compatible for Editor in 0.25 ms, found 0 plugins.
Preloading 0 native plugins for Editor in 0.00 ms.
Mono: successfully reloaded assembly
- Completed reload, in  0.930 seconds
Platform modules already initialized, skipping
Refreshing native plugins compatible for Editor in 0.22 ms, found 0 plugins.
Preloading 0 native plugins for Editor in 0.00 ms.
Unloading 1117 Unused Serialized files (Serialized files now loaded: 0)
System memory in use before: 74.6 MB.
System memory in use after: 74.7 MB.

Unloading 7 unused Assets to reduce memory usage. Loaded Objects now: 1637.
Total: 2.300900 ms (FindLiveObjects: 0.139200 ms CreateObjectMapping: 0.033900 ms MarkObjects: 1.996100 ms  DeleteObjects: 0.130600 ms)

========================================================================
Received Import Request.
  Time since last request: 10.084375 seconds.
  path: Assets/Prefabs/Animal_Doe_02.prefab
  artifactKey: Guid(d889d65861e5c7b47a2a9af74e56793f) Importer(815301076,1909f56bfc062723c751e8b465ee728b)
Start importing Assets/Prefabs/Animal_Doe_02.prefab using Guid(d889d65861e5c7b47a2a9af74e56793f) Importer(815301076,1909f56bfc062723c751e8b465ee728b)  -> (artifact id: 'a22fa8f70467ecc1a2cfad001c825456') in 0.092530 seconds
  Import took 0.095380 seconds .

========================================================================
Received Import Request.
  Time since last request: 1.826264 seconds.
  path: Assets/Prefabs/Animal_Fox_02.prefab
  artifactKey: Guid(3365706c1c12ba4439d5932777e95c7a) Importer(815301076,1909f56bfc062723c751e8b465ee728b)
Start importing Assets/Prefabs/Animal_Fox_02.prefab using Guid(3365706c1c12ba4439d5932777e95c7a) Importer(815301076,1909f56bfc062723c751e8b465ee728b)  -> (artifact id: 'ce306fa89cd8208c5921b7a4d88a1c72') in 0.024610 seconds
  Import took 0.027877 seconds .

========================================================================
Received Import Request.
  Time since last request: 3.327634 seconds.
  path: Assets/Prefabs/Animal_Moose_02.prefab
  artifactKey: Guid(39a15840dccae6b4a9cecae13481b01d) Importer(815301076,1909f56bfc062723c751e8b465ee728b)
Start importing Assets/Prefabs/Animal_Moose_02.prefab using Guid(39a15840dccae6b4a9cecae13481b01d) Importer(815301076,1909f56bfc062723c751e8b465ee728b)  -> (artifact id: '14f828a1e2a88061635c63e28643951d') in 0.025865 seconds
  Import took 0.029025 seconds .

========================================================================
Received Prepare
Registering precompiled user dll's ...
Registered in 0.000782 seconds.
Begin MonoManager ReloadAssembly
Native extension for Lumin target not found
Native extension for LinuxStandalone target not found
Native extension for WindowsStandalone target not found
Native extension for OSXStandalone target not found
Native extension for WebGL target not found
Refreshing native plugins compatible for Editor in 0.21 ms, found 0 plugins.
Preloading 0 native plugins for Editor in 0.00 ms.
Mono: successfully reloaded assembly
- Completed reload, in  0.860 seconds
Platform modules already initialized, skipping
Refreshing native plugins compatible for Editor in 0.22 ms, found 0 plugins.
Preloading 0 native plugins for Editor in 0.00 ms.
Unloading 1117 Unused Serialized files (Serialized files now loaded: 0)
System memory in use before: 74.6 MB.
System memory in use after: 74.7 MB.

Unloading 7 unused Assets to reduce memory usage. Loaded Objects now: 1641.
Total: 2.172400 ms (FindLiveObjects: 0.155500 ms CreateObjectMapping: 0.034500 ms MarkObjects: 1.876900 ms  DeleteObjects: 0.104400 ms)

========================================================================
Received Import Request.
  Time since last request: 20.826956 seconds.
  path: Assets/Prefabs/Animal_Fox_02.prefab
  artifactKey: Guid(3365706c1c12ba4439d5932777e95c7a) Importer(815301076,1909f56bfc062723c751e8b465ee728b)
Start importing Assets/Prefabs/Animal_Fox_02.prefab using Guid(3365706c1c12ba4439d5932777e95c7a) Importer(815301076,1909f56bfc062723c751e8b465ee728b)  -> (artifact id: 'a9d9fb1f05f8f5acb9a40aa5fd70ce12') in 0.112000 seconds
  Import took 0.115529 seconds .

========================================================================
Received Import Request.
  Time since last request: 0.000307 seconds.
  path: Assets/Prefabs/Animal_Moose_02.prefab
  artifactKey: Guid(39a15840dccae6b4a9cecae13481b01d) Importer(815301076,1909f56bfc062723c751e8b465ee728b)
Start importing Assets/Prefabs/Animal_Moose_02.prefab using Guid(39a15840dccae6b4a9cecae13481b01d) Importer(815301076,1909f56bfc062723c751e8b465ee728b)  -> (artifact id: 'f13a6e3e93c92abf4b19fa232654cb5f') in 0.028048 seconds
  Import took 0.031790 seconds .

========================================================================
Received Import Request.
  Time since last request: 0.000244 seconds.
  path: Assets/Prefabs/SliderCanvas.prefab
  artifactKey: Guid(3db4c18a5b6895f47916cd836c7b2594) Importer(815301076,1909f56bfc062723c751e8b465ee728b)
Start importing Assets/Prefabs/SliderCanvas.prefab using Guid(3db4c18a5b6895f47916cd836c7b2594) Importer(815301076,1909f56bfc062723c751e8b465ee728b)  -> (artifact id: '9b2b2db792d566cfc22a2251acbc2678') in 0.007193 seconds
  Import took 0.009784 seconds .

========================================================================
Received Import Request.
  Time since last request: 0.000215 seconds.
  path: Assets/Prefabs/Animal_Doe_02.prefab
  artifactKey: Guid(d889d65861e5c7b47a2a9af74e56793f) Importer(815301076,1909f56bfc062723c751e8b465ee728b)
Start importing Assets/Prefabs/Animal_Doe_02.prefab using Guid(d889d65861e5c7b47a2a9af74e56793f) Importer(815301076,1909f56bfc062723c751e8b465ee728b)  -> (artifact id: 'd4407accc4acf05665d7f3904b4f40ad') in 0.028030 seconds
  Import took 0.030876 seconds .

========================================================================
Received Prepare
Registering precompiled user dll's ...
Registered in 0.000895 seconds.
Begin MonoManager ReloadAssembly
Native extension for Lumin target not found
Native extension for LinuxStandalone target not found
Native extension for WindowsStandalone target not found
Native extension for OSXStandalone target not found
Native extension for WebGL target not found
Refreshing native plugins compatible for Editor in 0.34 ms, found 0 plugins.
Preloading 0 native plugins for Editor in 0.00 ms.
Mono: successfully reloaded assembly
- Completed reload, in  1.208 seconds
Platform modules already initialized, skipping
Refreshing native plugins compatible for Editor in 0.34 ms, found 0 plugins.
Preloading 0 native plugins for Editor in 0.00 ms.
Unloading 1117 Unused Serialized files (Serialized files now loaded: 0)
System memory in use before: 74.6 MB.
System memory in use after: 74.7 MB.

Unloading 7 unused Assets to reduce memory usage. Loaded Objects now: 1645.
Total: 2.583400 ms (FindLiveObjects: 0.182500 ms CreateObjectMapping: 0.046900 ms MarkObjects: 2.266600 ms  DeleteObjects: 0.086100 ms)

AssetImportWorkerClient::OnTransportError - code=2 error=End of file
