Using pre-set license
Built from '2020.3/staging' branch; Version is '2020.3.9f1 (108be757e447) revision 1084391'; Using compiler version '192528614'; Build Type 'Release'
OS: 'Windows 10 Home Single Language; OS build 19042.985; Version 2009; 64bit' Language: 'en' Physical Memory: 16340 MB
BatchMode: 1, IsHumanControllingUs: 0, StartBugReporterOnCrash: 0, Is64bit: 1, IsPro: 0

 COMMAND LINE ARGUMENTS:
D:\Unity\2020.3.9f1\Editor\Unity.exe
-adb2
-batchMode
-noUpm
-name
AssetImportWorker0
-projectPath
D:/MyGames/Attacker Balls
-logFile
Logs/AssetImportWorker0.log
-srvPort
60675
Successfully changed project path to: D:/MyGames/Attacker Balls
D:/MyGames/Attacker Balls
Using Asset Import Pipeline V2.
Refreshing native plugins compatible for Editor in 27.23 ms, found 0 plugins.
Preloading 0 native plugins for Editor in 0.00 ms.
Initialize engine version: 2020.3.9f1 (108be757e447)
[Subsystems] Discovering subsystems at path D:/Unity/2020.3.9f1/Editor/Data/Resources/UnitySubsystems
[Subsystems] Discovering subsystems at path D:/MyGames/Attacker Balls/Assets
GfxDevice: creating device client; threaded=0
Direct3D:
    Version:  Direct3D 11.0 [level 11.1]
    Renderer: NVIDIA GeForce GTX 1070 (ID=0x1be1)
    Vendor:   
    VRAM:     8081 MB
    Driver:   27.21.14.6611
Initialize mono
Mono path[0] = 'D:/Unity/2020.3.9f1/Editor/Data/Managed'
Mono path[1] = 'D:/Unity/2020.3.9f1/Editor/Data/MonoBleedingEdge/lib/mono/unityjit'
Mono config path = 'D:/Unity/2020.3.9f1/Editor/Data/MonoBleedingEdge/etc'
Using monoOptions --debugger-agent=transport=dt_socket,embedding=1,server=y,suspend=n,address=127.0.0.1:56132
Begin MonoManager ReloadAssembly
Registering precompiled unity dll's ...
Register platform support module: D:/Unity/2020.3.9f1/Editor/Data/PlaybackEngines/WebGLSupport/UnityEditor.WebGL.Extensions.dll
Register platform support module: D:/Unity/2020.3.9f1/Editor/Data/PlaybackEngines/MacStandaloneSupport/UnityEditor.OSXStandalone.Extensions.dll
Register platform support module: D:/Unity/2020.3.9f1/Editor/Data/PlaybackEngines/WindowsStandaloneSupport/UnityEditor.WindowsStandalone.Extensions.dll
Register platform support module: D:/Unity/2020.3.9f1/Editor/Data/PlaybackEngines/LinuxStandaloneSupport/UnityEditor.LinuxStandalone.Extensions.dll
Register platform support module: D:/Unity/2020.3.9f1/Editor/Data/PlaybackEngines/LuminSupport/UnityEditor.Lumin.Extensions.dll
Registered in 0.002097 seconds.
Native extension for Lumin target not found
Native extension for LinuxStandalone target not found
Native extension for WindowsStandalone target not found
Native extension for OSXStandalone target not found
Native extension for WebGL target not found
Refreshing native plugins compatible for Editor in 27.16 ms, found 0 plugins.
Preloading 0 native plugins for Editor in 0.00 ms.
Mono: successfully reloaded assembly
- Completed reload, in  1.208 seconds
Platform modules already initialized, skipping
Registering precompiled user dll's ...
Registered in 0.000586 seconds.
Begin MonoManager ReloadAssembly
Native extension for Lumin target not found
Native extension for LinuxStandalone target not found
Native extension for WindowsStandalone target not found
Native extension for OSXStandalone target not found
Native extension for WebGL target not found
Refreshing native plugins compatible for Editor in 0.20 ms, found 0 plugins.
Preloading 0 native plugins for Editor in 0.00 ms.
Mono: successfully reloaded assembly
- Completed reload, in  1.007 seconds
Platform modules already initialized, skipping
========================================================================
Worker process is ready to serve import requests
Launched and connected shader compiler UnityShaderCompiler.exe after 0.07 seconds
Refreshing native plugins compatible for Editor in 0.34 ms, found 0 plugins.
Preloading 0 native plugins for Editor in 0.00 ms.
Unloading 1119 Unused Serialized files (Serialized files now loaded: 0)
System memory in use before: 57.3 MB.
System memory in use after: 57.3 MB.

Unloading 10 unused Assets to reduce memory usage. Loaded Objects now: 1563.
Total: 2.112900 ms (FindLiveObjects: 0.153200 ms CreateObjectMapping: 0.035200 ms MarkObjects: 1.806300 ms  DeleteObjects: 0.116500 ms)

========================================================================
Received Import Request.
  path: Assets/Course Library/Powerup Indicators/SelectionRing_03.prefab
  artifactKey: Guid(1656aec7f2b3ffe45a91801f58b00253) Importer(815301076,1909f56bfc062723c751e8b465ee728b)
Start importing Assets/Course Library/Powerup Indicators/SelectionRing_03.prefab using Guid(1656aec7f2b3ffe45a91801f58b00253) Importer(815301076,1909f56bfc062723c751e8b465ee728b)  -> (artifact id: 'b55f00e13da8d7ba932a36f52582eae5') in 1.283245 seconds
  Import took 1.295825 seconds .

========================================================================
Received Import Request.
  Time since last request: 0.000249 seconds.
  path: Assets/Course Library/Powerup Indicators/SelectionRing_02.prefab
  artifactKey: Guid(923deea38dc6a8843b15db7638919c1e) Importer(815301076,1909f56bfc062723c751e8b465ee728b)
Start importing Assets/Course Library/Powerup Indicators/SelectionRing_02.prefab using Guid(923deea38dc6a8843b15db7638919c1e) Importer(815301076,1909f56bfc062723c751e8b465ee728b)  -> (artifact id: 'aa0b8d4aa0728a1c5731907ea73b65df') in 0.069472 seconds
  Import took 0.071602 seconds .

========================================================================
Received Import Request.
  Time since last request: 0.000291 seconds.
  path: Assets/Course Library/Powerup Indicators/Balloon_01.prefab
  artifactKey: Guid(5e5b016a0cd771740aae0b664476d77d) Importer(815301076,1909f56bfc062723c751e8b465ee728b)
Start importing Assets/Course Library/Powerup Indicators/Balloon_01.prefab using Guid(5e5b016a0cd771740aae0b664476d77d) Importer(815301076,1909f56bfc062723c751e8b465ee728b)  -> (artifact id: '2a7000c7cfe1eb072a87cf5983d35f91') in 0.067217 seconds
  Import took 0.069458 seconds .

========================================================================
Received Import Request.
  Time since last request: 0.000382 seconds.
  path: Assets/Course Library/Powerup Indicators/SelectionRing_06.prefab
  artifactKey: Guid(11a653b9169986c4f9436a3002fb4516) Importer(815301076,1909f56bfc062723c751e8b465ee728b)
Start importing Assets/Course Library/Powerup Indicators/SelectionRing_06.prefab using Guid(11a653b9169986c4f9436a3002fb4516) Importer(815301076,1909f56bfc062723c751e8b465ee728b)  -> (artifact id: '011651e5a29e77e0a748071ce33c09ce') in 0.061702 seconds
  Import took 0.064251 seconds .

========================================================================
Received Import Request.
  Time since last request: 11.544592 seconds.
  path: Assets/Course Library/Ground/Ground_Tile_Cube_FloatingIsland_01.prefab
  artifactKey: Guid(c18b0566c0ca32548acca53d337698db) Importer(815301076,1909f56bfc062723c751e8b465ee728b)
Start importing Assets/Course Library/Ground/Ground_Tile_Cube_FloatingIsland_01.prefab using Guid(c18b0566c0ca32548acca53d337698db) Importer(815301076,1909f56bfc062723c751e8b465ee728b)  -> (artifact id: '71031d8fa34f299d9d96eb97d5c6ce8d') in 0.095003 seconds
  Import took 0.097384 seconds .

========================================================================
Received Import Request.
  Time since last request: 0.000342 seconds.
  path: Assets/Course Library/Ground/Ground_Tile_Hex_FloatingIsland_01.prefab
  artifactKey: Guid(961be46ca9a355943ae3f65c47741bb0) Importer(815301076,1909f56bfc062723c751e8b465ee728b)
Start importing Assets/Course Library/Ground/Ground_Tile_Hex_FloatingIsland_01.prefab using Guid(961be46ca9a355943ae3f65c47741bb0) Importer(815301076,1909f56bfc062723c751e8b465ee728b)  -> (artifact id: '8c9978994d81f1f9eb901f72634eb332') in 0.017555 seconds
  Import took 0.020421 seconds .

========================================================================
Received Import Request.
  Time since last request: 0.472589 seconds.
  path: Assets/Course Library/Materials/PolygonPrototype_Texture_Grid_06.mat
  artifactKey: Guid(da1535532e0399446a692efb191aa930) Importer(815301076,1909f56bfc062723c751e8b465ee728b)
Start importing Assets/Course Library/Materials/PolygonPrototype_Texture_Grid_06.mat using Guid(da1535532e0399446a692efb191aa930) Importer(815301076,1909f56bfc062723c751e8b465ee728b)  -> (artifact id: '57fb06aea59a57904dbf75473f4e0c47') in 0.628661 seconds
  Import took 0.630854 seconds .

========================================================================
Received Import Request.
  Time since last request: 0.000184 seconds.
  path: Assets/Course Library/Materials/PolygonPrototype_Texture_Grid_07.mat
  artifactKey: Guid(02439b2d043f5d74498d9d55004f3b61) Importer(815301076,1909f56bfc062723c751e8b465ee728b)
Start importing Assets/Course Library/Materials/PolygonPrototype_Texture_Grid_07.mat using Guid(02439b2d043f5d74498d9d55004f3b61) Importer(815301076,1909f56bfc062723c751e8b465ee728b)  -> (artifact id: '36fa36024eb1e7330969fcaa4f657a26') in 0.145632 seconds
  Import took 0.148438 seconds .

========================================================================
Received Import Request.
  Time since last request: 0.697007 seconds.
  path: Assets/Course Library/Pickups/DollarSign.prefab
  artifactKey: Guid(a8a06204dcfa9784b86eba87c2e0a1a2) Importer(815301076,1909f56bfc062723c751e8b465ee728b)
Start importing Assets/Course Library/Pickups/DollarSign.prefab using Guid(a8a06204dcfa9784b86eba87c2e0a1a2) Importer(815301076,1909f56bfc062723c751e8b465ee728b)  -> (artifact id: 'a1db3931fcba49de569f7928fffabd09') in 0.326238 seconds
  Import took 0.328402 seconds .

========================================================================
Received Import Request.
  Time since last request: 0.000322 seconds.
  path: Assets/Course Library/Pickups/MultiplierIcon.prefab
  artifactKey: Guid(ceb1bef3d4abc9344b89436369737113) Importer(815301076,1909f56bfc062723c751e8b465ee728b)
Start importing Assets/Course Library/Pickups/MultiplierIcon.prefab using Guid(ceb1bef3d4abc9344b89436369737113) Importer(815301076,1909f56bfc062723c751e8b465ee728b)  -> (artifact id: '6a733e198ccbcc2f97d8d4e5f52d0326') in 0.029996 seconds
  Import took 0.031715 seconds .

========================================================================
Received Import Request.
  Time since last request: 0.000313 seconds.
  path: Assets/Course Library/Pickups/Potion_01.prefab
  artifactKey: Guid(2f3e352268bf84b45acf0d56b0b89518) Importer(815301076,1909f56bfc062723c751e8b465ee728b)
Start importing Assets/Course Library/Pickups/Potion_01.prefab using Guid(2f3e352268bf84b45acf0d56b0b89518) Importer(815301076,1909f56bfc062723c751e8b465ee728b)  -> (artifact id: 'b3fdc2ba9588d8bfca8781b03b35bb44') in 0.024460 seconds
  Import took 0.026336 seconds .

========================================================================
Received Import Request.
  Time since last request: 0.000304 seconds.
  path: Assets/Course Library/Pickups/GoldCupIcon.prefab
  artifactKey: Guid(f20d096cd65070b4a89b6957463d432d) Importer(815301076,1909f56bfc062723c751e8b465ee728b)
Start importing Assets/Course Library/Pickups/GoldCupIcon.prefab using Guid(f20d096cd65070b4a89b6957463d432d) Importer(815301076,1909f56bfc062723c751e8b465ee728b)  -> (artifact id: '3ddfc5406e59e8c122fa0456c3eb6cf9') in 0.032408 seconds
  Import took 0.034427 seconds .

========================================================================
Received Import Request.
  Time since last request: 0.000377 seconds.
  path: Assets/Course Library/Pickups/FireIcon.prefab
  artifactKey: Guid(18d064e59e399ac4ebf74eada94947af) Importer(815301076,1909f56bfc062723c751e8b465ee728b)
Start importing Assets/Course Library/Pickups/FireIcon.prefab using Guid(18d064e59e399ac4ebf74eada94947af) Importer(815301076,1909f56bfc062723c751e8b465ee728b)  -> (artifact id: 'c368941caf2bd26ffe0e575621c42d7b') in 0.028974 seconds
  Import took 0.031223 seconds .

========================================================================
Received Import Request.
  Time since last request: 0.000314 seconds.
  path: Assets/Course Library/Pickups/Gem_01.prefab
  artifactKey: Guid(9e928de923724f54ea836e735efdd8b6) Importer(815301076,1909f56bfc062723c751e8b465ee728b)
Start importing Assets/Course Library/Pickups/Gem_01.prefab using Guid(9e928de923724f54ea836e735efdd8b6) Importer(815301076,1909f56bfc062723c751e8b465ee728b)  -> (artifact id: 'c989c159853ca9174985097af4540504') in 0.029263 seconds
  Import took 0.031406 seconds .

========================================================================
Received Import Request.
  Time since last request: 89.474622 seconds.
  path: ProjectSettings/TagManager.asset
  artifactKey: Guid(00000000000000003000000000000000) Importer(815301076,1909f56bfc062723c751e8b465ee728b)
Start importing ProjectSettings/TagManager.asset using Guid(00000000000000003000000000000000) Importer(815301076,1909f56bfc062723c751e8b465ee728b)  -> (artifact id: 'ce6a35c3cddc746e7501c0bd0ed6d4ce') in 0.007914 seconds
  Import took 0.009800 seconds .

========================================================================
Received Import Request.
  Time since last request: 0.036288 seconds.
  path: ProjectSettings/TagManager.asset
  artifactKey: Guid(00000000000000003000000000000000) Importer(815301076,1909f56bfc062723c751e8b465ee728b)
Start importing ProjectSettings/TagManager.asset using Guid(00000000000000003000000000000000) Importer(815301076,1909f56bfc062723c751e8b465ee728b)  -> (artifact id: 'ce6a35c3cddc746e7501c0bd0ed6d4ce') in 0.002105 seconds
  Import took 0.004321 seconds .

========================================================================
Received Import Request.
  Time since last request: 17.768272 seconds.
  path: Assets/Course Library/Pickups/Gem_01.prefab
  artifactKey: Guid(9e928de923724f54ea836e735efdd8b6) Importer(815301076,1909f56bfc062723c751e8b465ee728b)
Start importing Assets/Course Library/Pickups/Gem_01.prefab using Guid(9e928de923724f54ea836e735efdd8b6) Importer(815301076,1909f56bfc062723c751e8b465ee728b)  -> (artifact id: 'e05b1eae6a2676df750381ab1cc57f59') in 0.029822 seconds
  Import took 0.032956 seconds .

========================================================================
Received Import Request.
  Time since last request: 2.920669 seconds.
  path: Assets/Course Library/Pickups/Gem_01.prefab
  artifactKey: Guid(9e928de923724f54ea836e735efdd8b6) Importer(815301076,1909f56bfc062723c751e8b465ee728b)
Start importing Assets/Course Library/Pickups/Gem_01.prefab using Guid(9e928de923724f54ea836e735efdd8b6) Importer(815301076,1909f56bfc062723c751e8b465ee728b)  -> (artifact id: '52253b0b01a66aa681fc6cc9284a3168') in 0.011270 seconds
  Import took 0.014216 seconds .

========================================================================
Received Import Request.
  Time since last request: 7.022728 seconds.
  path: Assets/Prefabs/Powerup.prefab
  artifactKey: Guid(9ec2cda76c40c54459b558abaa181c20) Importer(815301076,1909f56bfc062723c751e8b465ee728b)
Start importing Assets/Prefabs/Powerup.prefab using Guid(9ec2cda76c40c54459b558abaa181c20) Importer(815301076,1909f56bfc062723c751e8b465ee728b)  -> (artifact id: 'b477fed95da00e57f674f85c0eb870ba') in 0.016002 seconds
  Import took 0.019089 seconds .

========================================================================
Received Import Request.
  Time since last request: 0.006453 seconds.
  path: Assets/Prefabs/Powerup.prefab
  artifactKey: Guid(9ec2cda76c40c54459b558abaa181c20) Importer(815301076,1909f56bfc062723c751e8b465ee728b)
Start importing Assets/Prefabs/Powerup.prefab using Guid(9ec2cda76c40c54459b558abaa181c20) Importer(815301076,1909f56bfc062723c751e8b465ee728b)  -> (artifact id: 'b477fed95da00e57f674f85c0eb870ba') in 0.026132 seconds
  Import took 0.028394 seconds .

