Using pre-set license
Built from '2020.3/staging' branch; Version is '2020.3.9f1 (108be757e447) revision 1084391'; Using compiler version '192528614'; Build Type 'Release'
OS: 'Windows 10 Home Single Language; OS build 19042.985; Version 2009; 64bit' Language: 'en' Physical Memory: 16340 MB
BatchMode: 1, IsHumanControllingUs: 0, StartBugReporterOnCrash: 0, Is64bit: 1, IsPro: 0

 COMMAND LINE ARGUMENTS:
D:\Unity\2020.3.9f1\Editor\Unity.exe
-adb2
-batchMode
-noUpm
-name
AssetImportWorker0
-projectPath
D:/MyGames/Attacker Balls
-logFile
Logs/AssetImportWorker0.log
-srvPort
50098
Successfully changed project path to: D:/MyGames/Attacker Balls
D:/MyGames/Attacker Balls
Using Asset Import Pipeline V2.
Refreshing native plugins compatible for Editor in 29.97 ms, found 0 plugins.
Preloading 0 native plugins for Editor in 0.00 ms.
Initialize engine version: 2020.3.9f1 (108be757e447)
[Subsystems] Discovering subsystems at path D:/Unity/2020.3.9f1/Editor/Data/Resources/UnitySubsystems
[Subsystems] Discovering subsystems at path D:/MyGames/Attacker Balls/Assets
GfxDevice: creating device client; threaded=0
Direct3D:
    Version:  Direct3D 11.0 [level 11.1]
    Renderer: NVIDIA GeForce GTX 1070 (ID=0x1be1)
    Vendor:   
    VRAM:     8081 MB
    Driver:   27.21.14.6611
Initialize mono
Mono path[0] = 'D:/Unity/2020.3.9f1/Editor/Data/Managed'
Mono path[1] = 'D:/Unity/2020.3.9f1/Editor/Data/MonoBleedingEdge/lib/mono/unityjit'
Mono config path = 'D:/Unity/2020.3.9f1/Editor/Data/MonoBleedingEdge/etc'
Using monoOptions --debugger-agent=transport=dt_socket,embedding=1,server=y,suspend=n,address=127.0.0.1:56676
Begin MonoManager ReloadAssembly
Registering precompiled unity dll's ...
Register platform support module: D:/Unity/2020.3.9f1/Editor/Data/PlaybackEngines/WebGLSupport/UnityEditor.WebGL.Extensions.dll
Register platform support module: D:/Unity/2020.3.9f1/Editor/Data/PlaybackEngines/MacStandaloneSupport/UnityEditor.OSXStandalone.Extensions.dll
Register platform support module: D:/Unity/2020.3.9f1/Editor/Data/PlaybackEngines/WindowsStandaloneSupport/UnityEditor.WindowsStandalone.Extensions.dll
Register platform support module: D:/Unity/2020.3.9f1/Editor/Data/PlaybackEngines/LinuxStandaloneSupport/UnityEditor.LinuxStandalone.Extensions.dll
Register platform support module: D:/Unity/2020.3.9f1/Editor/Data/PlaybackEngines/LuminSupport/UnityEditor.Lumin.Extensions.dll
Registered in 0.002037 seconds.
Native extension for Lumin target not found
Native extension for LinuxStandalone target not found
Native extension for WindowsStandalone target not found
Native extension for OSXStandalone target not found
Native extension for WebGL target not found
Refreshing native plugins compatible for Editor in 29.28 ms, found 0 plugins.
Preloading 0 native plugins for Editor in 0.00 ms.
Mono: successfully reloaded assembly
- Completed reload, in  1.241 seconds
Platform modules already initialized, skipping
Registering precompiled user dll's ...
Registered in 0.000769 seconds.
Begin MonoManager ReloadAssembly
Native extension for Lumin target not found
Native extension for LinuxStandalone target not found
Native extension for WindowsStandalone target not found
Native extension for OSXStandalone target not found
Native extension for WebGL target not found
Refreshing native plugins compatible for Editor in 0.20 ms, found 0 plugins.
Preloading 0 native plugins for Editor in 0.00 ms.
Mono: successfully reloaded assembly
- Completed reload, in  1.048 seconds
Platform modules already initialized, skipping
========================================================================
Worker process is ready to serve import requests
Launched and connected shader compiler UnityShaderCompiler.exe after 0.11 seconds
Refreshing native plugins compatible for Editor in 0.20 ms, found 0 plugins.
Preloading 0 native plugins for Editor in 0.00 ms.
Unloading 1115 Unused Serialized files (Serialized files now loaded: 0)
System memory in use before: 57.1 MB.
System memory in use after: 57.1 MB.

Unloading 10 unused Assets to reduce memory usage. Loaded Objects now: 1557.
Total: 2.137700 ms (FindLiveObjects: 0.218300 ms CreateObjectMapping: 0.079000 ms MarkObjects: 1.721200 ms  DeleteObjects: 0.116400 ms)

========================================================================
Received Import Request.
  path: Assets/Course Library
  artifactKey: Guid(10a492cb0e85ae145b9cc221cc7928fa) Importer(815301076,1909f56bfc062723c751e8b465ee728b)
Start importing Assets/Course Library using Guid(10a492cb0e85ae145b9cc221cc7928fa) Importer(815301076,1909f56bfc062723c751e8b465ee728b)  -> (artifact id: '0455c90037662167776cba6a99d3f84d') in 0.030489 seconds
  Import took 0.048732 seconds .

========================================================================
Received Import Request.
  Time since last request: 0.000262 seconds.
  path: Assets/Scenes
  artifactKey: Guid(e203d0817c3b6b94c9266d5e969f97f9) Importer(815301076,1909f56bfc062723c751e8b465ee728b)
Start importing Assets/Scenes using Guid(e203d0817c3b6b94c9266d5e969f97f9) Importer(815301076,1909f56bfc062723c751e8b465ee728b)  -> (artifact id: '98a2c1265b92a67fc557abbe419da7d5') in 0.008317 seconds
  Import took 0.010709 seconds .

========================================================================
Received Import Request.
  Time since last request: 4.008272 seconds.
  path: Assets/Scenes/SampleScene.unity
  artifactKey: Guid(9fc0d4010bbf28b4594072e72b8655ab) Importer(815301076,1909f56bfc062723c751e8b465ee728b)
Start importing Assets/Scenes/SampleScene.unity using Guid(9fc0d4010bbf28b4594072e72b8655ab) Importer(815301076,1909f56bfc062723c751e8b465ee728b)  -> (artifact id: '85059f4f9e1a832ed95adaa0d25c5c4c') in 0.018160 seconds
  Import took 0.020056 seconds .

========================================================================
Received Import Request.
  Time since last request: 2.779864 seconds.
  path: Assets/Scenes/Prototype 4.unity
  artifactKey: Guid(a4b96ad7a65484fd4a83cb97540eee50) Importer(815301076,1909f56bfc062723c751e8b465ee728b)
Start importing Assets/Scenes/Prototype 4.unity using Guid(a4b96ad7a65484fd4a83cb97540eee50) Importer(815301076,1909f56bfc062723c751e8b465ee728b)  -> (artifact id: '6542ed2da8f7da3fb588d143d606b0e3') in 0.008112 seconds
  Import took 0.010678 seconds .

========================================================================
Received Import Request.
  Time since last request: 215.302760 seconds.
  path: Assets/Course Library/Textures/PolygonPrototype_Texture_Grid_01.png
  artifactKey: Guid(2a09470ada0c47849ad79d26363f8e4a) Importer(815301076,1909f56bfc062723c751e8b465ee728b)
Start importing Assets/Course Library/Textures/PolygonPrototype_Texture_Grid_01.png using Guid(2a09470ada0c47849ad79d26363f8e4a) Importer(815301076,1909f56bfc062723c751e8b465ee728b)  -> (artifact id: '8594210232a587b7ea37c3aa23ffb267') in 0.198887 seconds
  Import took 0.202635 seconds .

========================================================================
Received Import Request.
  Time since last request: 0.000266 seconds.
  path: Assets/Course Library/Textures/PolygonPrototype_Texture_Grid_02.png
  artifactKey: Guid(6b38ffdcc39b96042a822bb3f490eefd) Importer(815301076,1909f56bfc062723c751e8b465ee728b)
Start importing Assets/Course Library/Textures/PolygonPrototype_Texture_Grid_02.png using Guid(6b38ffdcc39b96042a822bb3f490eefd) Importer(815301076,1909f56bfc062723c751e8b465ee728b)  -> (artifact id: '64ca364fe9b3b7f54100fdb5efcd0385') in 0.018365 seconds
  Import took 0.051240 seconds .

========================================================================
Received Import Request.
  Time since last request: 0.000367 seconds.
  path: Assets/Course Library/Textures/PolygonPrototype_Texture_Grid_06.png
  artifactKey: Guid(bbc54c0e722a346408cd09eef6dc0cd6) Importer(815301076,1909f56bfc062723c751e8b465ee728b)
Start importing Assets/Course Library/Textures/PolygonPrototype_Texture_Grid_06.png using Guid(bbc54c0e722a346408cd09eef6dc0cd6) Importer(815301076,1909f56bfc062723c751e8b465ee728b)  -> (artifact id: 'f16ede9a5bdd1a6f874a8fc4e5af440f') in 0.015627 seconds
  Import took 0.018856 seconds .

========================================================================
Received Import Request.
  Time since last request: 0.000336 seconds.
  path: Assets/Course Library/Textures/PolygonPrototype_Texture_Grid_03.png
  artifactKey: Guid(86507321c175292409cc422c5e33d711) Importer(815301076,1909f56bfc062723c751e8b465ee728b)
Start importing Assets/Course Library/Textures/PolygonPrototype_Texture_Grid_03.png using Guid(86507321c175292409cc422c5e33d711) Importer(815301076,1909f56bfc062723c751e8b465ee728b)  -> (artifact id: '99cf65393057e016ed3ba61e4284c856') in 0.015689 seconds
  Import took 0.018247 seconds .

========================================================================
Received Import Request.
  Time since last request: 0.000210 seconds.
  path: Assets/Course Library/Textures/PolygonPrototype_Texture_Grid_04.png
  artifactKey: Guid(c7c5239ae4b2ace4d8774918a50a940a) Importer(815301076,1909f56bfc062723c751e8b465ee728b)
Start importing Assets/Course Library/Textures/PolygonPrototype_Texture_Grid_04.png using Guid(c7c5239ae4b2ace4d8774918a50a940a) Importer(815301076,1909f56bfc062723c751e8b465ee728b)  -> (artifact id: '2e4693ca3df5f1496cb7bac25cea759f') in 0.015202 seconds
  Import took 0.017634 seconds .

========================================================================
Received Import Request.
  Time since last request: 0.000803 seconds.
  path: Assets/Course Library/Textures/PolygonPrototype_Texture_Grid_05.png
  artifactKey: Guid(8634f8cf5ba74134c972fb2d36355077) Importer(815301076,1909f56bfc062723c751e8b465ee728b)
Start importing Assets/Course Library/Textures/PolygonPrototype_Texture_Grid_05.png using Guid(8634f8cf5ba74134c972fb2d36355077) Importer(815301076,1909f56bfc062723c751e8b465ee728b)  -> (artifact id: 'dac9f922c5abf0343d54103bebe90f0b') in 0.014359 seconds
  Import took 0.017627 seconds .

========================================================================
Received Import Request.
  Time since last request: 0.000299 seconds.
  path: Assets/Course Library/Textures/PolygonPrototype_Texture_Grid_04.png
  artifactKey: Guid(c7c5239ae4b2ace4d8774918a50a940a) Importer(815301076,1909f56bfc062723c751e8b465ee728b)
Start importing Assets/Course Library/Textures/PolygonPrototype_Texture_Grid_04.png using Guid(c7c5239ae4b2ace4d8774918a50a940a) Importer(815301076,1909f56bfc062723c751e8b465ee728b)  -> (artifact id: '2e4693ca3df5f1496cb7bac25cea759f') in 0.006462 seconds
  Import took 0.009579 seconds .

========================================================================
Received Import Request.
  Time since last request: 0.121944 seconds.
  path: Assets/Course Library/Textures/PolygonPrototype_Texture_Grid_07.png
  artifactKey: Guid(7789f4efbb0f45c4780925243375a18e) Importer(815301076,1909f56bfc062723c751e8b465ee728b)
Start importing Assets/Course Library/Textures/PolygonPrototype_Texture_Grid_07.png using Guid(7789f4efbb0f45c4780925243375a18e) Importer(815301076,1909f56bfc062723c751e8b465ee728b)  -> (artifact id: '3d018461f981f8b64e6da92fb3f8fb44') in 0.010678 seconds
  Import took 0.013187 seconds .

========================================================================
Received Import Request.
  Time since last request: 0.363446 seconds.
  path: Assets/Course Library/Textures/PolygonPrototype_Texture_Grid_08.png
  artifactKey: Guid(1d12fa396a3563b41b9ae11b0fb0b986) Importer(815301076,1909f56bfc062723c751e8b465ee728b)
Start importing Assets/Course Library/Textures/PolygonPrototype_Texture_Grid_08.png using Guid(1d12fa396a3563b41b9ae11b0fb0b986) Importer(815301076,1909f56bfc062723c751e8b465ee728b)  -> (artifact id: 'cc943d5f0bfa4ac5ed42b80a845cce00') in 0.012005 seconds
  Import took 0.038192 seconds .

========================================================================
Received Import Request.
  Time since last request: 0.000334 seconds.
  path: Assets/Course Library/Textures/PolygonPrototype_Texture_Grid_Glass_01.png
  artifactKey: Guid(1432e62c10501d147a873c128326f711) Importer(815301076,1909f56bfc062723c751e8b465ee728b)
Start importing Assets/Course Library/Textures/PolygonPrototype_Texture_Grid_Glass_01.png using Guid(1432e62c10501d147a873c128326f711) Importer(815301076,1909f56bfc062723c751e8b465ee728b)  -> (artifact id: '06d0242a7beccd7d813be287b573d161') in 0.016443 seconds
  Import took 0.019117 seconds .

========================================================================
Received Import Request.
  Time since last request: 959.823938 seconds.
  path: Assets/Scripts
  artifactKey: Guid(8b46d0ab068fc9d4ba5d8ad0509c9fed) Importer(815301076,1909f56bfc062723c751e8b465ee728b)
Start importing Assets/Scripts using Guid(8b46d0ab068fc9d4ba5d8ad0509c9fed) Importer(815301076,1909f56bfc062723c751e8b465ee728b)  -> (artifact id: 'b89124615630b66a43a7351f72349b81') in 0.007612 seconds
  Import took 0.011185 seconds .

========================================================================
Received Import Request.
  Time since last request: 8.533063 seconds.
  path: Assets/Scripts/RotateCamera.cs
  artifactKey: Guid(aa590e245ad49614d80f40c77a99c875) Importer(815301076,1909f56bfc062723c751e8b465ee728b)
Start importing Assets/Scripts/RotateCamera.cs using Guid(aa590e245ad49614d80f40c77a99c875) Importer(815301076,1909f56bfc062723c751e8b465ee728b)  -> (artifact id: 'ab089c2a1b837190bfd13d67add8227b') in 0.021194 seconds
  Import took 0.023111 seconds .

========================================================================
Received Import Request.
  Time since last request: 0.005038 seconds.
  path: Assets/Scripts/RotateCamera.cs
  artifactKey: Guid(aa590e245ad49614d80f40c77a99c875) Importer(815301076,1909f56bfc062723c751e8b465ee728b)
Start importing Assets/Scripts/RotateCamera.cs using Guid(aa590e245ad49614d80f40c77a99c875) Importer(815301076,1909f56bfc062723c751e8b465ee728b)  -> (artifact id: 'ab089c2a1b837190bfd13d67add8227b') in 0.001896 seconds
  Import took 0.004268 seconds .

========================================================================
Received Prepare
Registering precompiled user dll's ...
Registered in 0.000881 seconds.
Begin MonoManager ReloadAssembly
Native extension for Lumin target not found
Native extension for LinuxStandalone target not found
Native extension for WindowsStandalone target not found
Native extension for OSXStandalone target not found
Native extension for WebGL target not found
Refreshing native plugins compatible for Editor in 0.21 ms, found 0 plugins.
Preloading 0 native plugins for Editor in 0.00 ms.
Mono: successfully reloaded assembly
- Completed reload, in  1.052 seconds
Platform modules already initialized, skipping
Refreshing native plugins compatible for Editor in 0.22 ms, found 0 plugins.
Preloading 0 native plugins for Editor in 0.00 ms.
Unloading 1111 Unused Serialized files (Serialized files now loaded: 0)
System memory in use before: 57.1 MB.
System memory in use after: 57.1 MB.

Unloading 5 unused Assets to reduce memory usage. Loaded Objects now: 1563.
Total: 2.008700 ms (FindLiveObjects: 0.131600 ms CreateObjectMapping: 0.030500 ms MarkObjects: 1.753100 ms  DeleteObjects: 0.092600 ms)

========================================================================
Received Prepare
Registering precompiled user dll's ...
Registered in 0.000685 seconds.
Begin MonoManager ReloadAssembly
Native extension for Lumin target not found
Native extension for LinuxStandalone target not found
Native extension for WindowsStandalone target not found
Native extension for OSXStandalone target not found
Native extension for WebGL target not found
Refreshing native plugins compatible for Editor in 0.20 ms, found 0 plugins.
Preloading 0 native plugins for Editor in 0.00 ms.
Mono: successfully reloaded assembly
- Completed reload, in  0.992 seconds
Platform modules already initialized, skipping
Refreshing native plugins compatible for Editor in 0.37 ms, found 0 plugins.
Preloading 0 native plugins for Editor in 0.00 ms.
Unloading 1111 Unused Serialized files (Serialized files now loaded: 0)
System memory in use before: 57.1 MB.
System memory in use after: 57.2 MB.

Unloading 5 unused Assets to reduce memory usage. Loaded Objects now: 1566.
Total: 2.854100 ms (FindLiveObjects: 0.334400 ms CreateObjectMapping: 0.117200 ms MarkObjects: 2.304500 ms  DeleteObjects: 0.096100 ms)

========================================================================
Received Import Request.
  Time since last request: 355.886950 seconds.
  path: Assets/Scripts/RotateCamera.cs
  artifactKey: Guid(aa590e245ad49614d80f40c77a99c875) Importer(815301076,1909f56bfc062723c751e8b465ee728b)
Start importing Assets/Scripts/RotateCamera.cs using Guid(aa590e245ad49614d80f40c77a99c875) Importer(815301076,1909f56bfc062723c751e8b465ee728b)  -> (artifact id: 'b487987be10d8aa10eb7b5b132efa853') in 0.005459 seconds
  Import took 0.039140 seconds .

========================================================================
Received Prepare
Registering precompiled user dll's ...
Registered in 0.000907 seconds.
Begin MonoManager ReloadAssembly
Native extension for Lumin target not found
Native extension for LinuxStandalone target not found
Native extension for WindowsStandalone target not found
Native extension for OSXStandalone target not found
Native extension for WebGL target not found
Refreshing native plugins compatible for Editor in 0.28 ms, found 0 plugins.
Preloading 0 native plugins for Editor in 0.00 ms.
Mono: successfully reloaded assembly
- Completed reload, in  1.070 seconds
Platform modules already initialized, skipping
Refreshing native plugins compatible for Editor in 0.21 ms, found 0 plugins.
Preloading 0 native plugins for Editor in 0.00 ms.
Unloading 1111 Unused Serialized files (Serialized files now loaded: 0)
System memory in use before: 57.1 MB.
System memory in use after: 57.2 MB.

Unloading 5 unused Assets to reduce memory usage. Loaded Objects now: 1569.
Total: 2.723600 ms (FindLiveObjects: 0.209100 ms CreateObjectMapping: 0.053800 ms MarkObjects: 2.401200 ms  DeleteObjects: 0.057700 ms)

========================================================================
Received Import Request.
  Time since last request: 98.158612 seconds.
  path: Assets/Scripts/PlayerController.cs
  artifactKey: Guid(875701390260b7241937c04ad25b1b09) Importer(815301076,1909f56bfc062723c751e8b465ee728b)
Start importing Assets/Scripts/PlayerController.cs using Guid(875701390260b7241937c04ad25b1b09) Importer(815301076,1909f56bfc062723c751e8b465ee728b)  -> (artifact id: '07b21280a4133fcbdfb36c7c80dafa55') in 0.010047 seconds
  Import took 0.036306 seconds .

========================================================================
Received Import Request.
  Time since last request: 0.001892 seconds.
  path: Assets/Scripts/PlayerController.cs
  artifactKey: Guid(875701390260b7241937c04ad25b1b09) Importer(815301076,1909f56bfc062723c751e8b465ee728b)
Start importing Assets/Scripts/PlayerController.cs using Guid(875701390260b7241937c04ad25b1b09) Importer(815301076,1909f56bfc062723c751e8b465ee728b)  -> (artifact id: '07b21280a4133fcbdfb36c7c80dafa55') in 0.003585 seconds
  Import took 0.006833 seconds .

========================================================================
Received Prepare
Registering precompiled user dll's ...
Registered in 0.000635 seconds.
Begin MonoManager ReloadAssembly
Native extension for Lumin target not found
Native extension for LinuxStandalone target not found
Native extension for WindowsStandalone target not found
Native extension for OSXStandalone target not found
Native extension for WebGL target not found
Refreshing native plugins compatible for Editor in 0.31 ms, found 0 plugins.
Preloading 0 native plugins for Editor in 0.00 ms.
Mono: successfully reloaded assembly
- Completed reload, in  1.129 seconds
Platform modules already initialized, skipping
Refreshing native plugins compatible for Editor in 0.31 ms, found 0 plugins.
Preloading 0 native plugins for Editor in 0.00 ms.
Unloading 1112 Unused Serialized files (Serialized files now loaded: 0)
System memory in use before: 57.2 MB.
System memory in use after: 57.3 MB.

Unloading 5 unused Assets to reduce memory usage. Loaded Objects now: 1573.
Total: 1.873000 ms (FindLiveObjects: 0.132200 ms CreateObjectMapping: 0.036700 ms MarkObjects: 1.647800 ms  DeleteObjects: 0.054800 ms)

========================================================================
Received Prepare
Registering precompiled user dll's ...
Registered in 0.000552 seconds.
Begin MonoManager ReloadAssembly
Native extension for Lumin target not found
Native extension for LinuxStandalone target not found
Native extension for WindowsStandalone target not found
Native extension for OSXStandalone target not found
Native extension for WebGL target not found
Refreshing native plugins compatible for Editor in 0.21 ms, found 0 plugins.
Preloading 0 native plugins for Editor in 0.00 ms.
Mono: successfully reloaded assembly
- Completed reload, in  0.988 seconds
Platform modules already initialized, skipping
Refreshing native plugins compatible for Editor in 0.20 ms, found 0 plugins.
Preloading 0 native plugins for Editor in 0.00 ms.
Unloading 1112 Unused Serialized files (Serialized files now loaded: 0)
System memory in use before: 57.2 MB.
System memory in use after: 57.3 MB.

Unloading 5 unused Assets to reduce memory usage. Loaded Objects now: 1576.
Total: 1.800800 ms (FindLiveObjects: 0.131400 ms CreateObjectMapping: 0.030300 ms MarkObjects: 1.569000 ms  DeleteObjects: 0.069300 ms)

========================================================================
Received Import Request.
  Time since last request: 180.946522 seconds.
  path: Assets/Scripts/PlayerController.cs
  artifactKey: Guid(875701390260b7241937c04ad25b1b09) Importer(815301076,1909f56bfc062723c751e8b465ee728b)
Start importing Assets/Scripts/PlayerController.cs using Guid(875701390260b7241937c04ad25b1b09) Importer(815301076,1909f56bfc062723c751e8b465ee728b)  -> (artifact id: '44faa13cf3a4a05249ad5be09d7a2c84') in 0.003949 seconds
  Import took 0.030246 seconds .

========================================================================
Received Prepare
Registering precompiled user dll's ...
Registered in 0.000548 seconds.
Begin MonoManager ReloadAssembly
Native extension for Lumin target not found
Native extension for LinuxStandalone target not found
Native extension for WindowsStandalone target not found
Native extension for OSXStandalone target not found
Native extension for WebGL target not found
Refreshing native plugins compatible for Editor in 0.34 ms, found 0 plugins.
Preloading 0 native plugins for Editor in 0.00 ms.
Mono: successfully reloaded assembly
- Completed reload, in  1.025 seconds
Platform modules already initialized, skipping
Refreshing native plugins compatible for Editor in 0.26 ms, found 0 plugins.
Preloading 0 native plugins for Editor in 0.00 ms.
Unloading 1112 Unused Serialized files (Serialized files now loaded: 0)
System memory in use before: 57.2 MB.
System memory in use after: 57.3 MB.

Unloading 5 unused Assets to reduce memory usage. Loaded Objects now: 1579.
Total: 2.362100 ms (FindLiveObjects: 0.113500 ms CreateObjectMapping: 0.031000 ms MarkObjects: 2.123700 ms  DeleteObjects: 0.092400 ms)

========================================================================
Received Import Request.
  Time since last request: 258.533403 seconds.
  path: Assets/Scripts/PlayerController.cs
  artifactKey: Guid(875701390260b7241937c04ad25b1b09) Importer(815301076,1909f56bfc062723c751e8b465ee728b)
Start importing Assets/Scripts/PlayerController.cs using Guid(875701390260b7241937c04ad25b1b09) Importer(815301076,1909f56bfc062723c751e8b465ee728b)  -> (artifact id: '9ccbd4d78e38b500f5d81cbacdb1d861') in 0.003905 seconds
  Import took 0.006321 seconds .

========================================================================
Received Prepare
Registering precompiled user dll's ...
Registered in 0.000612 seconds.
Begin MonoManager ReloadAssembly
Native extension for Lumin target not found
Native extension for LinuxStandalone target not found
Native extension for WindowsStandalone target not found
Native extension for OSXStandalone target not found
Native extension for WebGL target not found
Refreshing native plugins compatible for Editor in 0.24 ms, found 0 plugins.
Preloading 0 native plugins for Editor in 0.00 ms.
Mono: successfully reloaded assembly
- Completed reload, in  0.997 seconds
Platform modules already initialized, skipping
Refreshing native plugins compatible for Editor in 0.27 ms, found 0 plugins.
Preloading 0 native plugins for Editor in 0.00 ms.
Unloading 1112 Unused Serialized files (Serialized files now loaded: 0)
System memory in use before: 57.2 MB.
System memory in use after: 57.3 MB.

Unloading 5 unused Assets to reduce memory usage. Loaded Objects now: 1582.
Total: 2.629500 ms (FindLiveObjects: 0.189000 ms CreateObjectMapping: 0.039600 ms MarkObjects: 2.297400 ms  DeleteObjects: 0.101800 ms)

========================================================================
Received Import Request.
  Time since last request: 2998.599701 seconds.
  path: Assets/Physics Materials
  artifactKey: Guid(91a4626239cebc746baf7ee8419fe805) Importer(815301076,1909f56bfc062723c751e8b465ee728b)
Start importing Assets/Physics Materials using Guid(91a4626239cebc746baf7ee8419fe805) Importer(815301076,1909f56bfc062723c751e8b465ee728b)  -> (artifact id: '68d33aec5367eaa7fe5661ab224f3914') in 0.009777 seconds
  Import took 0.023117 seconds .

========================================================================
Received Import Request.
  Time since last request: 11.665273 seconds.
  path: Assets/Physics Materials/Bouncy.physicMaterial
  artifactKey: Guid(2e6a7e22043f0364798f78473c27011d) Importer(815301076,1909f56bfc062723c751e8b465ee728b)
Start importing Assets/Physics Materials/Bouncy.physicMaterial using Guid(2e6a7e22043f0364798f78473c27011d) Importer(815301076,1909f56bfc062723c751e8b465ee728b)  -> (artifact id: 'f0663422f2745b4b9a4941d6d6789f89') in 0.032212 seconds
  Import took 0.034597 seconds .

========================================================================
Received Prepare
Registering precompiled user dll's ...
Registered in 0.000770 seconds.
Begin MonoManager ReloadAssembly
Native extension for Lumin target not found
Native extension for LinuxStandalone target not found
Native extension for WindowsStandalone target not found
Native extension for OSXStandalone target not found
Native extension for WebGL target not found
Refreshing native plugins compatible for Editor in 0.26 ms, found 0 plugins.
Preloading 0 native plugins for Editor in 0.00 ms.
Mono: successfully reloaded assembly
- Completed reload, in  1.112 seconds
Platform modules already initialized, skipping
Refreshing native plugins compatible for Editor in 0.27 ms, found 0 plugins.
Preloading 0 native plugins for Editor in 0.00 ms.
Unloading 1112 Unused Serialized files (Serialized files now loaded: 0)
System memory in use before: 57.2 MB.
System memory in use after: 57.3 MB.

Unloading 5 unused Assets to reduce memory usage. Loaded Objects now: 1585.
Total: 2.923600 ms (FindLiveObjects: 0.274200 ms CreateObjectMapping: 0.102900 ms MarkObjects: 2.415900 ms  DeleteObjects: 0.128900 ms)

AssetImportWorkerClient::OnTransportError - code=2 error=End of file
